{
  "stats": {
    "suites": 1,
    "tests": 1,
    "passes": 0,
    "pending": 0,
    "failures": 1,
    "start": "2024-11-07T09:17:40.103Z",
    "end": "2024-11-07T09:17:44.058Z",
    "duration": 3955,
    "testsRegistered": 1,
    "passPercent": 0,
    "pendingPercent": 0,
    "other": 0,
    "hasOther": false,
    "skipped": 0,
    "hasSkipped": false
  },
  "results": [
    {
      "uuid": "139adb98-1a81-47c0-80ab-d88500573325",
      "title": "",
      "fullFile": "cypress\\e2e\\mouseHover.cy.js",
      "file": "cypress\\e2e\\mouseHover.cy.js",
      "beforeHooks": [],
      "afterHooks": [],
      "tests": [],
      "suites": [
        {
          "uuid": "26624bee-e36d-4376-b81a-f51bd5bd4de1",
          "title": "mouse drag",
          "fullFile": "",
          "file": "",
          "beforeHooks": [],
          "afterHooks": [],
          "tests": [
            {
              "title": "mouse hover action",
              "fullTitle": "mouse drag mouse hover action",
              "timedOut": null,
              "duration": 3876,
              "state": "failed",
              "speed": null,
              "pass": false,
              "fail": true,
              "pending": false,
              "context": null,
              "code": "// cy.visit(\"https://demo.opencart.com/\");\n// cy.get(\n//   \"body > main:nth-child(4) > div:nth-child(1) > nav:nth-child(1) > div:nth-child(3) > ul:nth-child(1) > li:nth-child(1) > div:nth-child(2) > div:nth-child(1) > ul:nth-child(1) > li:nth-child(2) > a:nth-child(1)\"\n// );\n// cy.get(\".nav > :nth-child(1) > .dropdown-toggle\")\n//   .trigger(\"mouserover\")\n//   .click();\ncy.visit(\"https://www.countries-ofthe-world.com/flags-of-the-world.html\");\n// cy.get(\".context-menu-one.btn.btn-neutral\").trigger(\"contextmenu\");\n// cy.get(\n//   \".context-menu-item.context-menu-icon.context-menu-icon-copy.context-menu-visible\"\n// ).should(\"be.visible\");\n//\ncy.get(\"img[alt='Flag of India']\").scrollIntoView();",
              "err": {
                "message": "CypressError: `cy.visit()` failed trying to load:\n\nhttps://www.countries-ofthe-world.com/flags-of-the-world.html\n\nThe response we received from your web server was:\n\n  > 403: Forbidden\n\nThis was considered a failure because the status code was not `2xx`.\n\nIf you do not want status codes to cause failures pass the option: `failOnStatusCode: false`",
                "estack": "CypressError: `cy.visit()` failed trying to load:\n\nhttps://www.countries-ofthe-world.com/flags-of-the-world.html\n\nThe response we received from your web server was:\n\n  > 403: Forbidden\n\nThis was considered a failure because the status code was not `2xx`.\n\nIf you do not want status codes to cause failures pass the option: `failOnStatusCode: false`\n    at <unknown> (http://localhost:58265/__cypress/runner/cypress_runner.js:131434:76)\n    at visitFailedByErr (http://localhost:58265/__cypress/runner/cypress_runner.js:130849:12)\n    at <unknown> (http://localhost:58265/__cypress/runner/cypress_runner.js:131417:13)\n    at tryCatcher (http://localhost:58265/__cypress/runner/cypress_runner.js:1807:23)\n    at Promise._settlePromiseFromHandler (http://localhost:58265/__cypress/runner/cypress_runner.js:1519:31)\n    at Promise._settlePromise (http://localhost:58265/__cypress/runner/cypress_runner.js:1576:18)\n    at Promise._settlePromise0 (http://localhost:58265/__cypress/runner/cypress_runner.js:1621:10)\n    at Promise._settlePromises (http://localhost:58265/__cypress/runner/cypress_runner.js:1697:18)\n    at _drainQueueStep (http://localhost:58265/__cypress/runner/cypress_runner.js:2407:12)\n    at _drainQueue (http://localhost:58265/__cypress/runner/cypress_runner.js:2400:9)\n    at Async._drainQueues (http://localhost:58265/__cypress/runner/cypress_runner.js:2416:5)\n    at Async.drainQueues (http://localhost:58265/__cypress/runner/cypress_runner.js:2286:14)\nFrom Your Spec Code:\n    at Context.eval (webpack://cy/./cypress/e2e/mouseHover.cy.js:10:7)",
                "diff": null
              },
              "uuid": "1ca30297-6ec0-4dd7-ac60-f4cf18cf5bcf",
              "parentUUID": "26624bee-e36d-4376-b81a-f51bd5bd4de1",
              "isHook": false,
              "skipped": false
            }
          ],
          "suites": [],
          "passes": [],
          "failures": [
            "1ca30297-6ec0-4dd7-ac60-f4cf18cf5bcf"
          ],
          "pending": [],
          "skipped": [],
          "duration": 3876,
          "root": false,
          "rootEmpty": false,
          "_timeout": 2000
        }
      ],
      "passes": [],
      "failures": [],
      "pending": [],
      "skipped": [],
      "duration": 0,
      "root": true,
      "rootEmpty": true,
      "_timeout": 2000
    }
  ],
  "meta": {
    "mocha": {
      "version": "7.0.1"
    },
    "mochawesome": {
      "options": {
        "quiet": false,
        "reportFilename": "mochawesome",
        "saveHtml": false,
        "saveJson": true,
        "consoleReporter": "spec",
        "useInlineDiffs": false,
        "code": true
      },
      "version": "7.1.3"
    },
    "marge": {
      "options": {
        "overwrite": false,
        "html": false,
        "json": true,
        "reportDir": "cypress\\reports\\html\\.jsons"
      },
      "version": "6.2.0"
    }
  }
}