{
  "stats": {
    "suites": 1,
    "tests": 1,
    "passes": 1,
    "pending": 0,
    "failures": 0,
    "start": "2024-11-07T09:17:16.059Z",
    "end": "2024-11-07T09:17:25.000Z",
    "duration": 8941,
    "testsRegistered": 1,
    "passPercent": 100,
    "pendingPercent": 0,
    "other": 0,
    "hasOther": false,
    "skipped": 0,
    "hasSkipped": false
  },
  "results": [
    {
      "uuid": "3d2b4de5-5f3d-4830-b267-fa92b26c1e7f",
      "title": "",
      "fullFile": "cypress\\e2e\\fixtures.cy.js",
      "file": "cypress\\e2e\\fixtures.cy.js",
      "beforeHooks": [],
      "afterHooks": [],
      "tests": [],
      "suites": [
        {
          "uuid": "c9cbc440-80d3-488e-916c-f44b3f684288",
          "title": "tempelate spec",
          "fullFile": "",
          "file": "",
          "beforeHooks": [],
          "afterHooks": [],
          "tests": [
            {
              "title": "data driven testing",
              "fullTitle": "tempelate spec data driven testing",
              "timedOut": null,
              "duration": 5775,
              "state": "passed",
              "speed": "medium",
              "pass": true,
              "fail": false,
              "pending": false,
              "context": null,
              "code": "cy.visit(\"https://opensource-demo.orangehrmlive.com/web/index.php/auth/login\");\ncy.fixture(\"orangeHrm\").then(data => {\n  cy.get(\"input[placeholder='Username']\").type(data.username);\n  cy.get(\"input[placeholder='Password']\").type(data.password);\n  cy.get(\"button[type='submit']\").click();\n  cy.get(\":nth-child(2) > .oxd-main-menu-item > .oxd-text\").should(\"have.text\", data.expected);\n});",
              "err": {},
              "uuid": "00845b72-1bb6-45cb-a80a-7ba14095f098",
              "parentUUID": "c9cbc440-80d3-488e-916c-f44b3f684288",
              "isHook": false,
              "skipped": false
            }
          ],
          "suites": [],
          "passes": [
            "00845b72-1bb6-45cb-a80a-7ba14095f098"
          ],
          "failures": [],
          "pending": [],
          "skipped": [],
          "duration": 5775,
          "root": false,
          "rootEmpty": false,
          "_timeout": 2000
        }
      ],
      "passes": [],
      "failures": [],
      "pending": [],
      "skipped": [],
      "duration": 0,
      "root": true,
      "rootEmpty": true,
      "_timeout": 2000
    }
  ],
  "meta": {
    "mocha": {
      "version": "7.0.1"
    },
    "mochawesome": {
      "options": {
        "quiet": false,
        "reportFilename": "mochawesome",
        "saveHtml": false,
        "saveJson": true,
        "consoleReporter": "spec",
        "useInlineDiffs": false,
        "code": true
      },
      "version": "7.1.3"
    },
    "marge": {
      "options": {
        "overwrite": false,
        "html": false,
        "json": true,
        "reportDir": "cypress\\reports\\html\\.jsons"
      },
      "version": "6.2.0"
    }
  }
}