{
  "stats": {
    "suites": 1,
    "tests": 1,
    "passes": 0,
    "pending": 0,
    "failures": 1,
    "start": "2024-11-14T09:09:14.888Z",
    "end": "2024-11-14T09:09:20.155Z",
    "duration": 5267,
    "testsRegistered": 1,
    "passPercent": 0,
    "pendingPercent": 0,
    "other": 0,
    "hasOther": false,
    "skipped": 0,
    "hasSkipped": false
  },
  "results": [
    {
      "uuid": "27e64551-4eff-4edd-b462-f69a3f87145f",
      "title": "",
      "fullFile": "cypress\\e2e\\fixtures.cy.js",
      "file": "cypress\\e2e\\fixtures.cy.js",
      "beforeHooks": [],
      "afterHooks": [],
      "tests": [],
      "suites": [
        {
          "uuid": "df23b7c3-f430-47b6-87d9-dc89553fb2c3",
          "title": "tempelate spec",
          "fullFile": "",
          "file": "",
          "beforeHooks": [],
          "afterHooks": [],
          "tests": [
            {
              "title": "data driven testing",
              "fullTitle": "tempelate spec data driven testing",
              "timedOut": null,
              "duration": 3859,
              "state": "failed",
              "speed": null,
              "pass": false,
              "fail": true,
              "pending": false,
              "context": null,
              "code": "cy.visit(\"https://opensource-demo.orangehrmlive.com/web/index.php/auth/login\");\ncy.fixture(\"orangeHrm\").then(data => {\n  cy.get(\"input[placeholder='Username']\").type(data.username);\n  cy.get(\"input[placeholder='Password']\").type(data.password);\n  cy.get(\"button[type='submit']\").click();\n  cy.get(\":nth-child(2) > .oxd-main-menu-item > .oxd-text\").should(\"have.text\", data.expected);\n});",
              "err": {
                "message": "Error: A fixture file could not be found at any of the following paths:\n\n    > cypress\\fixtures\\orangeHrm\n    > cypress\\fixtures\\orangeHrm.[ext]\n\nCypress looked for these file extensions at the provided path:\n\n    > .json, .js, .coffee, .html, .txt, .csv, .png, .jpg, .jpeg, .gif, .tif, .tiff, .zip\n\nProvide a path to an existing fixture file.",
                "estack": "Error: A fixture file could not be found at any of the following paths:\n\n    > cypress\\fixtures\\orangeHrm\n    > cypress\\fixtures\\orangeHrm.[ext]\n\nCypress looked for these file extensions at the provided path:\n\n    > .json, .js, .coffee, .html, .txt, .csv, .png, .jpg, .jpeg, .gif, .tif, .tiff, .zip\n\nProvide a path to an existing fixture file.\n    at Object.<anonymous> (<embedded>:2744:115716)\n    at Object.tryCatcher (C:\\Users\\danish.meraj\\AppData\\Local\\Cypress\\Cache\\13.15.1\\Cypress\\resources\\app\\node_modules\\bluebird\\js\\release\\util.js:16:23)\n    at Promise._settlePromiseFromHandler (C:\\Users\\danish.meraj\\AppData\\Local\\Cypress\\Cache\\13.15.1\\Cypress\\resources\\app\\node_modules\\bluebird\\js\\release\\promise.js:512:31)\n    at Promise._settlePromise (C:\\Users\\danish.meraj\\AppData\\Local\\Cypress\\Cache\\13.15.1\\Cypress\\resources\\app\\node_modules\\bluebird\\js\\release\\promise.js:569:18)\n    at Promise._settlePromise0 (C:\\Users\\danish.meraj\\AppData\\Local\\Cypress\\Cache\\13.15.1\\Cypress\\resources\\app\\node_modules\\bluebird\\js\\release\\promise.js:614:10)\n    at Promise._settlePromises (C:\\Users\\danish.meraj\\AppData\\Local\\Cypress\\Cache\\13.15.1\\Cypress\\resources\\app\\node_modules\\bluebird\\js\\release\\promise.js:694:18)\n    at Promise._fulfill (C:\\Users\\danish.meraj\\AppData\\Local\\Cypress\\Cache\\13.15.1\\Cypress\\resources\\app\\node_modules\\bluebird\\js\\release\\promise.js:638:18)\n    at <unknown> (C:\\Users\\danish.meraj\\AppData\\Local\\Cypress\\Cache\\13.15.1\\Cypress\\resources\\app\\node_modules\\bluebird\\js\\release\\nodeback.js:42:21)\n    at s (<embedded>:227:106085)\n    at T.<anonymous> (<embedded>:2744:105420)\n    at T.emit (node:events:514:28)\n    at T._finish (<embedded>:2744:106287)\n    at i (<embedded>:2744:105683)\n    at T._processSimple2 (<embedded>:2744:111444)\n    at <unknown> (<embedded>:2744:111297)\n    at T._stat2 (<embedded>:2744:112362)\n    at <unknown> (<embedded>:2744:112209)\n    at s (<embedded>:815:24236)\n    at s (<embedded>:227:106085)\n    at r (<embedded>:3004:13485)\n    at FSReqCallback.oncomplete (node:fs:210:21)",
                "diff": null
              },
              "uuid": "71bde60e-9868-4fa7-8cd4-0ff5e122de94",
              "parentUUID": "df23b7c3-f430-47b6-87d9-dc89553fb2c3",
              "isHook": false,
              "skipped": false
            }
          ],
          "suites": [],
          "passes": [],
          "failures": [
            "71bde60e-9868-4fa7-8cd4-0ff5e122de94"
          ],
          "pending": [],
          "skipped": [],
          "duration": 3859,
          "root": false,
          "rootEmpty": false,
          "_timeout": 2000
        }
      ],
      "passes": [],
      "failures": [],
      "pending": [],
      "skipped": [],
      "duration": 0,
      "root": true,
      "rootEmpty": true,
      "_timeout": 2000
    }
  ],
  "meta": {
    "mocha": {
      "version": "7.0.1"
    },
    "mochawesome": {
      "options": {
        "quiet": false,
        "reportFilename": "mochawesome",
        "saveHtml": false,
        "saveJson": true,
        "consoleReporter": "spec",
        "useInlineDiffs": false,
        "code": true
      },
      "version": "7.1.3"
    },
    "marge": {
      "options": {
        "overwrite": false,
        "html": false,
        "json": true,
        "reportDir": "cypress\\reports\\html\\.jsons"
      },
      "version": "6.2.0"
    }
  }
}