{
  "stats": {
    "suites": 1,
    "tests": 1,
    "passes": 0,
    "pending": 0,
    "failures": 1,
    "start": "2024-11-07T09:18:08.548Z",
    "end": "2024-11-07T09:18:09.260Z",
    "duration": 712,
    "testsRegistered": 1,
    "passPercent": 0,
    "pendingPercent": 0,
    "other": 0,
    "hasOther": false,
    "skipped": 0,
    "hasSkipped": false
  },
  "results": [
    {
      "uuid": "d41b931e-84fc-4c91-8b2a-89876bc14bc6",
      "title": "",
      "fullFile": "cypress\\e2e\\scrollDown.cy.js",
      "file": "cypress\\e2e\\scrollDown.cy.js",
      "beforeHooks": [],
      "afterHooks": [],
      "tests": [],
      "suites": [
        {
          "uuid": "afcf8590-a24b-46fe-b3fe-a8bcb9a2bcfb",
          "title": "mouse drag",
          "fullFile": "",
          "file": "",
          "beforeHooks": [],
          "afterHooks": [],
          "tests": [
            {
              "title": "mouse hover action",
              "fullTitle": "mouse drag mouse hover action",
              "timedOut": null,
              "duration": 643,
              "state": "failed",
              "speed": null,
              "pass": false,
              "fail": true,
              "pending": false,
              "context": null,
              "code": "cy.visit(\"https://www.countries-ofthe-world.com/flags-of-the-world.html\");\ncy.get(\"img[alt='Flag of India']\").scrollIntoView();",
              "err": {
                "message": "CypressError: `cy.visit()` failed trying to load:\n\nhttps://www.countries-ofthe-world.com/flags-of-the-world.html\n\nThe response we received from your web server was:\n\n  > 403: Forbidden\n\nThis was considered a failure because the status code was not `2xx`.\n\nIf you do not want status codes to cause failures pass the option: `failOnStatusCode: false`",
                "estack": "CypressError: `cy.visit()` failed trying to load:\n\nhttps://www.countries-ofthe-world.com/flags-of-the-world.html\n\nThe response we received from your web server was:\n\n  > 403: Forbidden\n\nThis was considered a failure because the status code was not `2xx`.\n\nIf you do not want status codes to cause failures pass the option: `failOnStatusCode: false`\n    at <unknown> (http://localhost:58265/__cypress/runner/cypress_runner.js:131434:76)\n    at visitFailedByErr (http://localhost:58265/__cypress/runner/cypress_runner.js:130849:12)\n    at <unknown> (http://localhost:58265/__cypress/runner/cypress_runner.js:131417:13)\n    at tryCatcher (http://localhost:58265/__cypress/runner/cypress_runner.js:1807:23)\n    at Promise._settlePromiseFromHandler (http://localhost:58265/__cypress/runner/cypress_runner.js:1519:31)\n    at Promise._settlePromise (http://localhost:58265/__cypress/runner/cypress_runner.js:1576:18)\n    at Promise._settlePromise0 (http://localhost:58265/__cypress/runner/cypress_runner.js:1621:10)\n    at Promise._settlePromises (http://localhost:58265/__cypress/runner/cypress_runner.js:1697:18)\n    at _drainQueueStep (http://localhost:58265/__cypress/runner/cypress_runner.js:2407:12)\n    at _drainQueue (http://localhost:58265/__cypress/runner/cypress_runner.js:2400:9)\n    at Async._drainQueues (http://localhost:58265/__cypress/runner/cypress_runner.js:2416:5)\n    at Async.drainQueues (http://localhost:58265/__cypress/runner/cypress_runner.js:2286:14)\nFrom Your Spec Code:\n    at Context.eval (webpack://cy/./cypress/e2e/scrollDown.cy.js:3:7)",
                "diff": null
              },
              "uuid": "d289243d-c08c-448e-92af-57f8e261179c",
              "parentUUID": "afcf8590-a24b-46fe-b3fe-a8bcb9a2bcfb",
              "isHook": false,
              "skipped": false
            }
          ],
          "suites": [],
          "passes": [],
          "failures": [
            "d289243d-c08c-448e-92af-57f8e261179c"
          ],
          "pending": [],
          "skipped": [],
          "duration": 643,
          "root": false,
          "rootEmpty": false,
          "_timeout": 2000
        }
      ],
      "passes": [],
      "failures": [],
      "pending": [],
      "skipped": [],
      "duration": 0,
      "root": true,
      "rootEmpty": true,
      "_timeout": 2000
    }
  ],
  "meta": {
    "mocha": {
      "version": "7.0.1"
    },
    "mochawesome": {
      "options": {
        "quiet": false,
        "reportFilename": "mochawesome",
        "saveHtml": false,
        "saveJson": true,
        "consoleReporter": "spec",
        "useInlineDiffs": false,
        "code": true
      },
      "version": "7.1.3"
    },
    "marge": {
      "options": {
        "overwrite": false,
        "html": false,
        "json": true,
        "reportDir": "cypress\\reports\\html\\.jsons"
      },
      "version": "6.2.0"
    }
  }
}