{
  "stats": {
    "suites": 1,
    "tests": 1,
    "passes": 0,
    "pending": 0,
    "failures": 1,
    "start": "2024-11-07T09:18:23.071Z",
    "end": "2024-11-07T09:18:23.344Z",
    "duration": 273,
    "testsRegistered": 1,
    "passPercent": 0,
    "pendingPercent": 0,
    "other": 0,
    "hasOther": false,
    "skipped": 0,
    "hasSkipped": false
  },
  "results": [
    {
      "uuid": "5b76b5cc-4a71-4b3b-8b28-b441dc57123f",
      "title": "",
      "fullFile": "cypress\\e2e\\viewPort.cy.js",
      "file": "cypress\\e2e\\viewPort.cy.js",
      "beforeHooks": [],
      "afterHooks": [],
      "tests": [],
      "suites": [
        {
          "uuid": "9088db1c-71ff-4a69-a914-47b8a88c4d3c",
          "title": "template spec",
          "fullFile": "",
          "file": "",
          "beforeHooks": [],
          "afterHooks": [],
          "tests": [
            {
              "title": "action commands",
              "fullTitle": "template spec action commands",
              "timedOut": null,
              "duration": 188,
              "state": "failed",
              "speed": null,
              "pass": false,
              "fail": true,
              "pending": false,
              "context": null,
              "code": "cy.vist(\"https://opensource-demo.orangehrmlive.com/web/index.php/auth/login\");\ncy.viewport(\"macbook-15\");\ncy.wait(2000);\ncy.viewport(\"macbook-13\");\ncy.wait(1000);",
              "err": {
                "message": "TypeError: cy.vist is not a function",
                "estack": "TypeError: cy.vist is not a function\n    at Context.eval (webpack://cy/./cypress/e2e/viewPort.cy.js:3:7)",
                "diff": null
              },
              "uuid": "7ecd86cc-4df0-45a9-bb17-cb1861194322",
              "parentUUID": "9088db1c-71ff-4a69-a914-47b8a88c4d3c",
              "isHook": false,
              "skipped": false
            }
          ],
          "suites": [],
          "passes": [],
          "failures": [
            "7ecd86cc-4df0-45a9-bb17-cb1861194322"
          ],
          "pending": [],
          "skipped": [],
          "duration": 188,
          "root": false,
          "rootEmpty": false,
          "_timeout": 2000
        }
      ],
      "passes": [],
      "failures": [],
      "pending": [],
      "skipped": [],
      "duration": 0,
      "root": true,
      "rootEmpty": true,
      "_timeout": 2000
    }
  ],
  "meta": {
    "mocha": {
      "version": "7.0.1"
    },
    "mochawesome": {
      "options": {
        "quiet": false,
        "reportFilename": "mochawesome",
        "saveHtml": false,
        "saveJson": true,
        "consoleReporter": "spec",
        "useInlineDiffs": false,
        "code": true
      },
      "version": "7.1.3"
    },
    "marge": {
      "options": {
        "overwrite": false,
        "html": false,
        "json": true,
        "reportDir": "cypress\\reports\\html\\.jsons"
      },
      "version": "6.2.0"
    }
  }
}