{
  "stats": {
    "suites": 1,
    "tests": 1,
    "passes": 0,
    "pending": 0,
    "failures": 1,
    "start": "2024-11-14T09:10:40.383Z",
    "end": "2024-11-14T09:10:48.578Z",
    "duration": 8195,
    "testsRegistered": 1,
    "passPercent": 0,
    "pendingPercent": 0,
    "other": 0,
    "hasOther": false,
    "skipped": 0,
    "hasSkipped": false
  },
  "results": [
    {
      "uuid": "b696f344-b1f9-4e79-b63d-983abde116f1",
      "title": "",
      "fullFile": "cypress\\e2e\\xpath.cy.js",
      "file": "cypress\\e2e\\xpath.cy.js",
      "beforeHooks": [],
      "afterHooks": [],
      "tests": [],
      "suites": [
        {
          "uuid": "056511c0-af74-437d-8422-5b4bbb567dea",
          "title": "tempelate spec",
          "fullFile": "",
          "file": "",
          "beforeHooks": [],
          "afterHooks": [],
          "tests": [
            {
              "title": "scroll down",
              "fullTitle": "tempelate spec scroll down",
              "timedOut": null,
              "duration": 6345,
              "state": "failed",
              "speed": null,
              "pass": false,
              "fail": true,
              "pending": false,
              "context": null,
              "code": "// cy.visit(\"https://www.google.com/\");\n// cy.xpath(\"//a[normalize-space()='Images']\").click();\ncy.visit(\"https://opensource-demo.orangehrmlive.com/web/index.php/auth/login\");\ncy.xpath(\"//input[@placeholder='Username']\").type(\"Admin\");\ncy.xpath(\" //input[@placeholder='Password']\").type(\"admin123\");\ncy.xpath(\"//button[normalize-space()='Login']\").click();",
              "err": {
                "message": "AssertionError: Timed out retrying after 4000ms: Expected to find element: `//input[@placeholder='Username']`, but never found it.",
                "estack": "AssertionError: Timed out retrying after 4000ms: Expected to find element: `//input[@placeholder='Username']`, but never found it.\n    at Context.eval (webpack://cy/./cypress/e2e/xpath.cy.js:9:7)",
                "diff": null
              },
              "uuid": "dda35b64-5a17-4d3e-a9d4-c7aaa2cd680d",
              "parentUUID": "056511c0-af74-437d-8422-5b4bbb567dea",
              "isHook": false,
              "skipped": false
            }
          ],
          "suites": [],
          "passes": [],
          "failures": [
            "dda35b64-5a17-4d3e-a9d4-c7aaa2cd680d"
          ],
          "pending": [],
          "skipped": [],
          "duration": 6345,
          "root": false,
          "rootEmpty": false,
          "_timeout": 2000
        }
      ],
      "passes": [],
      "failures": [],
      "pending": [],
      "skipped": [],
      "duration": 0,
      "root": true,
      "rootEmpty": true,
      "_timeout": 2000
    }
  ],
  "meta": {
    "mocha": {
      "version": "7.0.1"
    },
    "mochawesome": {
      "options": {
        "quiet": false,
        "reportFilename": "mochawesome",
        "saveHtml": false,
        "saveJson": true,
        "consoleReporter": "spec",
        "useInlineDiffs": false,
        "code": true
      },
      "version": "7.1.3"
    },
    "marge": {
      "options": {
        "overwrite": false,
        "html": false,
        "json": true,
        "reportDir": "cypress\\reports\\html\\.jsons"
      },
      "version": "6.2.0"
    }
  }
}