{
  "stats": {
    "suites": 1,
    "tests": 5,
    "passes": 4,
    "pending": 0,
    "failures": 1,
    "start": "2024-11-07T09:15:53.791Z",
    "end": "2024-11-07T09:16:28.134Z",
    "duration": 34343,
    "testsRegistered": 5,
    "passPercent": 80,
    "pendingPercent": 0,
    "other": 0,
    "hasOther": false,
    "skipped": 0,
    "hasSkipped": false
  },
  "results": [
    {
      "uuid": "2ce61950-c038-4f97-af66-277e3e441ef5",
      "title": "",
      "fullFile": "cypress\\e2e\\asser3.cy.js",
      "file": "cypress\\e2e\\asser3.cy.js",
      "beforeHooks": [],
      "afterHooks": [],
      "tests": [],
      "suites": [
        {
          "uuid": "0a646eb0-b2f7-48f0-a1f7-9e0a94573879",
          "title": "template spec",
          "fullFile": "",
          "file": "",
          "beforeHooks": [],
          "afterHooks": [],
          "tests": [
            {
              "title": "Link Testing - Courses",
              "fullTitle": "template spec Link Testing - Courses",
              "timedOut": null,
              "duration": 6480,
              "state": "passed",
              "speed": "medium",
              "pass": true,
              "fail": false,
              "pending": false,
              "context": null,
              "code": "cy.contains(\"Courses\").should(\"be.visible\").click();\ncy.wait(1000);\ncy.url().should(\"eq\", \"https://filiphric.com/courses\");\ncy.go(\"back\");\ncy.wait(500);",
              "err": {},
              "uuid": "845e991f-75fe-45ab-be7d-9e45d22d796d",
              "parentUUID": "0a646eb0-b2f7-48f0-a1f7-9e0a94573879",
              "isHook": false,
              "skipped": false
            },
            {
              "title": "Link Testing - Blog",
              "fullTitle": "template spec Link Testing - Blog",
              "timedOut": null,
              "duration": 2651,
              "state": "passed",
              "speed": "fast",
              "pass": true,
              "fail": false,
              "pending": false,
              "context": null,
              "code": "cy.contains(\"Blog\").should(\"be.visible\").click();\ncy.wait(1000);\ncy.url().should(\"eq\", \"https://filiphric.com/blog\");\ncy.go(\"back\");\ncy.wait(500);",
              "err": {},
              "uuid": "9aa9d0cf-dd95-4d37-9f89-00b3a562c711",
              "parentUUID": "0a646eb0-b2f7-48f0-a1f7-9e0a94573879",
              "isHook": false,
              "skipped": false
            },
            {
              "title": "Link Testing - Workshops",
              "fullTitle": "template spec Link Testing - Workshops",
              "timedOut": null,
              "duration": 2446,
              "state": "passed",
              "speed": "fast",
              "pass": true,
              "fail": false,
              "pending": false,
              "context": null,
              "code": "cy.contains(\"Workshops\").should(\"be.visible\").click();\ncy.wait(1000);\ncy.url().should(\"eq\", \"https://filiphric.com/workshops\");\ncy.go(\"back\");\ncy.wait(500);",
              "err": {},
              "uuid": "a006b8e5-4ded-4671-8e1a-80430ad0ff15",
              "parentUUID": "0a646eb0-b2f7-48f0-a1f7-9e0a94573879",
              "isHook": false,
              "skipped": false
            },
            {
              "title": "Link Testing - Community",
              "fullTitle": "template spec Link Testing - Community",
              "timedOut": null,
              "duration": 14020,
              "state": "failed",
              "speed": null,
              "pass": false,
              "fail": true,
              "pending": false,
              "context": null,
              "code": "cy.contains(\"Community\").should(\"be.visible\").click();\ncy.wait(1000);\ncy.url().should(\"eq\", \"https://discord.com/invite/3MdvPfT\");\ncy.go(\"back\");\ncy.wait(500);",
              "err": {
                "message": "AssertionError: Timed out retrying after 4000ms: expected '' to equal 'https://discord.com/invite/3MdvPfT'",
                "estack": "AssertionError: Timed out retrying after 4000ms: expected '' to equal 'https://discord.com/invite/3MdvPfT'\n    at Context.eval (webpack://cy/./cypress/e2e/asser3.cy.js:65:13)",
                "diff": "+ 'https://discord.com/invite/3MdvPfT'\n"
              },
              "uuid": "2c2566c8-0def-447d-9886-7c810c65ab53",
              "parentUUID": "0a646eb0-b2f7-48f0-a1f7-9e0a94573879",
              "isHook": false,
              "skipped": false
            },
            {
              "title": "Link Testing - About",
              "fullTitle": "template spec Link Testing - About",
              "timedOut": null,
              "duration": 2823,
              "state": "passed",
              "speed": "fast",
              "pass": true,
              "fail": false,
              "pending": false,
              "context": null,
              "code": "cy.contains(\"About\").should(\"be.visible\").click();\ncy.wait(1000);\ncy.url().should(\"eq\", \"https://filiphric.com/about\");\ncy.go(\"back\");\ncy.wait(500);",
              "err": {},
              "uuid": "5f0d2ac0-01f6-4592-b2ff-61e0ffaca465",
              "parentUUID": "0a646eb0-b2f7-48f0-a1f7-9e0a94573879",
              "isHook": false,
              "skipped": false
            }
          ],
          "suites": [],
          "passes": [
            "845e991f-75fe-45ab-be7d-9e45d22d796d",
            "9aa9d0cf-dd95-4d37-9f89-00b3a562c711",
            "a006b8e5-4ded-4671-8e1a-80430ad0ff15",
            "5f0d2ac0-01f6-4592-b2ff-61e0ffaca465"
          ],
          "failures": [
            "2c2566c8-0def-447d-9886-7c810c65ab53"
          ],
          "pending": [],
          "skipped": [],
          "duration": 28420,
          "root": false,
          "rootEmpty": false,
          "_timeout": 2000
        }
      ],
      "passes": [],
      "failures": [],
      "pending": [],
      "skipped": [],
      "duration": 0,
      "root": true,
      "rootEmpty": true,
      "_timeout": 2000
    }
  ],
  "meta": {
    "mocha": {
      "version": "7.0.1"
    },
    "mochawesome": {
      "options": {
        "quiet": false,
        "reportFilename": "mochawesome",
        "saveHtml": false,
        "saveJson": true,
        "consoleReporter": "spec",
        "useInlineDiffs": false,
        "code": true
      },
      "version": "7.1.3"
    },
    "marge": {
      "options": {
        "overwrite": false,
        "html": false,
        "json": true,
        "reportDir": "cypress\\reports\\html\\.jsons"
      },
      "version": "6.2.0"
    }
  }
}