{
  "stats": {
    "suites": 1,
    "tests": 1,
    "passes": 1,
    "pending": 0,
    "failures": 0,
    "start": "2024-11-14T09:08:34.125Z",
    "end": "2024-11-14T09:08:46.652Z",
    "duration": 12527,
    "testsRegistered": 1,
    "passPercent": 100,
    "pendingPercent": 0,
    "other": 0,
    "hasOther": false,
    "skipped": 0,
    "hasSkipped": false
  },
  "results": [
    {
      "uuid": "6af12247-3c97-45d9-85d3-23252a75bef0",
      "title": "",
      "fullFile": "cypress\\e2e\\dropDown.cy.js",
      "file": "cypress\\e2e\\dropDown.cy.js",
      "beforeHooks": [],
      "afterHooks": [],
      "tests": [],
      "suites": [
        {
          "uuid": "8c71f942-3e33-4b2a-9049-7fefc14316bc",
          "title": "drop down test suite",
          "fullFile": "",
          "file": "",
          "beforeHooks": [],
          "afterHooks": [],
          "tests": [
            {
              "title": "select Monaco",
              "fullTitle": "drop down test suite select Monaco",
              "timedOut": null,
              "duration": 6385,
              "state": "passed",
              "speed": "medium",
              "pass": true,
              "fail": false,
              "pending": false,
              "context": null,
              "code": "cy.visit(\"https://register.rediff.com/register/register.php\");\ncy.get('select[id=\"country\"]').select(\"140\").should(\"have.value\", 140).select(\"3\").should(\"have.value\", 3);",
              "err": {},
              "uuid": "cca11c6f-b69d-430e-8f2f-4ae8e0ec483f",
              "parentUUID": "8c71f942-3e33-4b2a-9049-7fefc14316bc",
              "isHook": false,
              "skipped": false
            }
          ],
          "suites": [],
          "passes": [
            "cca11c6f-b69d-430e-8f2f-4ae8e0ec483f"
          ],
          "failures": [],
          "pending": [],
          "skipped": [],
          "duration": 6385,
          "root": false,
          "rootEmpty": false,
          "_timeout": 2000
        }
      ],
      "passes": [],
      "failures": [],
      "pending": [],
      "skipped": [],
      "duration": 0,
      "root": true,
      "rootEmpty": true,
      "_timeout": 2000
    }
  ],
  "meta": {
    "mocha": {
      "version": "7.0.1"
    },
    "mochawesome": {
      "options": {
        "quiet": false,
        "reportFilename": "mochawesome",
        "saveHtml": false,
        "saveJson": true,
        "consoleReporter": "spec",
        "useInlineDiffs": false,
        "code": true
      },
      "version": "7.1.3"
    },
    "marge": {
      "options": {
        "overwrite": false,
        "html": false,
        "json": true,
        "reportDir": "cypress\\reports\\html\\.jsons"
      },
      "version": "6.2.0"
    }
  }
}