{
  "stats": {
    "suites": 1,
    "tests": 1,
    "passes": 0,
    "pending": 0,
    "failures": 1,
    "start": "2024-11-14T09:09:35.971Z",
    "end": "2024-11-14T09:09:44.877Z",
    "duration": 8906,
    "testsRegistered": 1,
    "passPercent": 0,
    "pendingPercent": 0,
    "other": 0,
    "hasOther": false,
    "skipped": 0,
    "hasSkipped": false
  },
  "results": [
    {
      "uuid": "18f95fe8-ea95-4272-b513-cb808ab0b304",
      "title": "",
      "fullFile": "cypress\\e2e\\loginWithPom.cy.js",
      "file": "cypress\\e2e\\loginWithPom.cy.js",
      "beforeHooks": [],
      "afterHooks": [],
      "tests": [],
      "suites": [
        {
          "uuid": "72251553-c407-4918-b43c-c17ad566f8d3",
          "title": "tempelate spec",
          "fullFile": "",
          "file": "",
          "beforeHooks": [],
          "afterHooks": [],
          "tests": [
            {
              "title": "POM TC login",
              "fullTitle": "tempelate spec POM TC login",
              "timedOut": null,
              "duration": 7461,
              "state": "failed",
              "speed": null,
              "pass": false,
              "fail": true,
              "pending": false,
              "context": null,
              "code": "cy.visit(\"https://opensource-demo.orangehrmlive.com/web/index.php/auth/login\");\nconst ln = new _loginPage.default();\nln.setUserName(\"Admin\");\nln.setPassword(\"admin123\");\nln.clickSubmit();\nln.verifyLogin();",
              "err": {
                "message": "AssertionError: Timed out retrying after 4000ms: Expected to find element: `input[placeholder='Username']`, but never found it.",
                "estack": "AssertionError: Timed out retrying after 4000ms: Expected to find element: `input[placeholder='Username']`, but never found it.\n    at login.setUserName (webpack://cy/./cypress/pageObject/loginPage.js:3:7)\n    at Context.eval (webpack://cy/./cypress/e2e/loginWithPom.cy.js:8:7)",
                "diff": null
              },
              "uuid": "490ae5a5-f2a2-4847-a15f-6db8de839332",
              "parentUUID": "72251553-c407-4918-b43c-c17ad566f8d3",
              "isHook": false,
              "skipped": false
            }
          ],
          "suites": [],
          "passes": [],
          "failures": [
            "490ae5a5-f2a2-4847-a15f-6db8de839332"
          ],
          "pending": [],
          "skipped": [],
          "duration": 7461,
          "root": false,
          "rootEmpty": false,
          "_timeout": 2000
        }
      ],
      "passes": [],
      "failures": [],
      "pending": [],
      "skipped": [],
      "duration": 0,
      "root": true,
      "rootEmpty": true,
      "_timeout": 2000
    }
  ],
  "meta": {
    "mocha": {
      "version": "7.0.1"
    },
    "mochawesome": {
      "options": {
        "quiet": false,
        "reportFilename": "mochawesome",
        "saveHtml": false,
        "saveJson": true,
        "consoleReporter": "spec",
        "useInlineDiffs": false,
        "code": true
      },
      "version": "7.1.3"
    },
    "marge": {
      "options": {
        "overwrite": false,
        "html": false,
        "json": true,
        "reportDir": "cypress\\reports\\html\\.jsons"
      },
      "version": "6.2.0"
    }
  }
}