{
  "stats": {
    "suites": 1,
    "tests": 1,
    "passes": 1,
    "pending": 0,
    "failures": 0,
    "start": "2024-11-07T09:17:26.889Z",
    "end": "2024-11-07T09:17:38.371Z",
    "duration": 11482,
    "testsRegistered": 1,
    "passPercent": 100,
    "pendingPercent": 0,
    "other": 0,
    "hasOther": false,
    "skipped": 0,
    "hasSkipped": false
  },
  "results": [
    {
      "uuid": "6d75a350-ee1d-42bb-8dd5-4f39acf6316c",
      "title": "",
      "fullFile": "cypress\\e2e\\loginWithPom.cy.js",
      "file": "cypress\\e2e\\loginWithPom.cy.js",
      "beforeHooks": [],
      "afterHooks": [],
      "tests": [],
      "suites": [
        {
          "uuid": "f1c8b038-fde3-4025-9b92-bf95dbfabcf4",
          "title": "tempelate spec",
          "fullFile": "",
          "file": "",
          "beforeHooks": [],
          "afterHooks": [],
          "tests": [
            {
              "title": "POM TC login",
              "fullTitle": "tempelate spec POM TC login",
              "timedOut": null,
              "duration": 8175,
              "state": "passed",
              "speed": "medium",
              "pass": true,
              "fail": false,
              "pending": false,
              "context": null,
              "code": "cy.visit(\"https://opensource-demo.orangehrmlive.com/web/index.php/auth/login\");\nconst ln = new _loginPage.default();\nln.setUserName(\"Admin\");\nln.setPassword(\"admin123\");\nln.clickSubmit();\nln.verifyLogin();",
              "err": {},
              "uuid": "4ad68845-b6d7-4aa3-846e-224d837bba2f",
              "parentUUID": "f1c8b038-fde3-4025-9b92-bf95dbfabcf4",
              "isHook": false,
              "skipped": false
            }
          ],
          "suites": [],
          "passes": [
            "4ad68845-b6d7-4aa3-846e-224d837bba2f"
          ],
          "failures": [],
          "pending": [],
          "skipped": [],
          "duration": 8175,
          "root": false,
          "rootEmpty": false,
          "_timeout": 2000
        }
      ],
      "passes": [],
      "failures": [],
      "pending": [],
      "skipped": [],
      "duration": 0,
      "root": true,
      "rootEmpty": true,
      "_timeout": 2000
    }
  ],
  "meta": {
    "mocha": {
      "version": "7.0.1"
    },
    "mochawesome": {
      "options": {
        "quiet": false,
        "reportFilename": "mochawesome",
        "saveHtml": false,
        "saveJson": true,
        "consoleReporter": "spec",
        "useInlineDiffs": false,
        "code": true
      },
      "version": "7.1.3"
    },
    "marge": {
      "options": {
        "overwrite": false,
        "html": false,
        "json": true,
        "reportDir": "cypress\\reports\\html\\.jsons"
      },
      "version": "6.2.0"
    }
  }
}