{
  "stats": {
    "suites": 1,
    "tests": 1,
    "passes": 1,
    "pending": 0,
    "failures": 0,
    "start": "2024-11-14T09:08:27.168Z",
    "end": "2024-11-14T09:08:32.252Z",
    "duration": 5084,
    "testsRegistered": 1,
    "passPercent": 100,
    "pendingPercent": 0,
    "other": 0,
    "hasOther": false,
    "skipped": 0,
    "hasSkipped": false
  },
  "results": [
    {
      "uuid": "c2a962b8-a594-438d-9f96-2a6174fb3bb2",
      "title": "",
      "fullFile": "cypress\\e2e\\dragAndDrop.cy.js",
      "file": "cypress\\e2e\\dragAndDrop.cy.js",
      "beforeHooks": [],
      "afterHooks": [],
      "tests": [],
      "suites": [
        {
          "uuid": "74d1f787-f599-4488-a8d0-e97a477a0dd1",
          "title": "tempelate spec",
          "fullFile": "",
          "file": "",
          "beforeHooks": [],
          "afterHooks": [],
          "tests": [
            {
              "title": "actions commands",
              "fullTitle": "tempelate spec actions commands",
              "timedOut": null,
              "duration": 2565,
              "state": "passed",
              "speed": "fast",
              "pass": true,
              "fail": false,
              "pending": false,
              "context": null,
              "code": "cy.visit(\"http://www.dhtmlgoodies.com/scripts/drag-drop-custom/demo-drag-drop-3.html\");\ncy.get(\"#box106\").drag(\"#box106\", {\n  force: true\n});",
              "err": {},
              "uuid": "3fab73c8-bdcb-4b34-99e0-ded895b39987",
              "parentUUID": "74d1f787-f599-4488-a8d0-e97a477a0dd1",
              "isHook": false,
              "skipped": false
            }
          ],
          "suites": [],
          "passes": [
            "3fab73c8-bdcb-4b34-99e0-ded895b39987"
          ],
          "failures": [],
          "pending": [],
          "skipped": [],
          "duration": 2565,
          "root": false,
          "rootEmpty": false,
          "_timeout": 2000
        }
      ],
      "passes": [],
      "failures": [],
      "pending": [],
      "skipped": [],
      "duration": 0,
      "root": true,
      "rootEmpty": true,
      "_timeout": 2000
    }
  ],
  "meta": {
    "mocha": {
      "version": "7.0.1"
    },
    "mochawesome": {
      "options": {
        "quiet": false,
        "reportFilename": "mochawesome",
        "saveHtml": false,
        "saveJson": true,
        "consoleReporter": "spec",
        "useInlineDiffs": false,
        "code": true
      },
      "version": "7.1.3"
    },
    "marge": {
      "options": {
        "overwrite": false,
        "html": false,
        "json": true,
        "reportDir": "cypress\\reports\\html\\.jsons"
      },
      "version": "6.2.0"
    }
  }
}