{
  "stats": {
    "suites": 1,
    "tests": 2,
    "passes": 1,
    "pending": 0,
    "failures": 1,
    "start": "2024-11-14T09:10:57.665Z",
    "end": "2024-11-14T09:10:59.110Z",
    "duration": 1445,
    "testsRegistered": 2,
    "passPercent": 50,
    "pendingPercent": 0,
    "other": 0,
    "hasOther": false,
    "skipped": 0,
    "hasSkipped": false
  },
  "results": [
    {
      "uuid": "8ff9d665-b6cf-4995-b043-8df8c7950ec2",
      "title": "",
      "fullFile": "cypress\\e2e\\apiTesting\\apiGetTest.cy.js",
      "file": "cypress\\e2e\\apiTesting\\apiGetTest.cy.js",
      "beforeHooks": [],
      "afterHooks": [],
      "tests": [],
      "suites": [
        {
          "uuid": "99278862-fb59-42c1-81ab-895da7872f50",
          "title": "HTTP request",
          "fullFile": "",
          "file": "",
          "beforeHooks": [],
          "afterHooks": [],
          "tests": [
            {
              "title": "Get Call",
              "fullTitle": "HTTP request Get Call",
              "timedOut": null,
              "duration": 948,
              "state": "passed",
              "speed": "fast",
              "pass": true,
              "fail": false,
              "pending": false,
              "context": null,
              "code": "cy.request({\n  method: \"GET\",\n  url: \"https://gorest.co.in/public/v2/users\",\n  headers: {\n    authorization: accessToken\n  }\n}).then(res => {\n  cy.log(JSON.stringify(res));\n  expect(res.status).to.eq(200);\n});",
              "err": {},
              "uuid": "ce6a19cf-c2b4-4184-96e8-49a32fd7b86c",
              "parentUUID": "99278862-fb59-42c1-81ab-895da7872f50",
              "isHook": false,
              "skipped": false
            },
            {
              "title": "Get request for id",
              "fullTitle": "HTTP request Get request for id",
              "timedOut": null,
              "duration": 391,
              "state": "failed",
              "speed": null,
              "pass": false,
              "fail": true,
              "pending": false,
              "context": null,
              "code": "cy.request({\n  method: \"GET\",\n  url: \"https://gorest.co.in/public/v2/users/7522240\",\n  headers: {\n    authorization: accessToken\n  }\n}).then(res => {\n  cy.log(JSON.stringify(res));\n  expect(res.status).to.eq(200);\n});",
              "err": {
                "message": "CypressError: `cy.request()` failed on:\n\nhttps://gorest.co.in/public/v2/users/7522240\n\nThe response we received from your web server was:\n\n  > 404: Not Found\n\nThis was considered a failure because the status code was not `2xx` or `3xx`.\n\nIf you do not want status codes to cause failures pass the option: `failOnStatusCode: false`\n\n-----------------------------------------------------------\n\nThe request we sent was:\n\nMethod: GET\nURL: https://gorest.co.in/public/v2/users/7522240\nHeaders: {\n  \"Connection\": \"keep-alive\",\n  \"authorization\": \"Bearer f53d40996ec5d5ec1384e85d30575a8dc47941f7cd638580b0247b9b611f038e\",\n  \"user-agent\": \"Mozilla/5.0 (Windows NT 10.0; Win64; x64) AppleWebKit/537.36 (KHTML, like Gecko) Cypress/13.15.1 Chrome/118.0.5993.159 Electron/27.3.10 Safari/537.36\",\n  \"accept\": \"*/*\",\n  \"accept-encoding\": \"gzip, deflate\"\n}\n\n-----------------------------------------------------------\n\nThe response we got was:\n\nStatus: 404 - Not Found\nHeaders: {\n  \"date\": \"Thu, 14 Nov 2024 09:10:58 GMT\",\n  \"content-type\": \"application/json; charset=utf-8\",\n  \"content-length\": \"32\",\n  \"connection\": \"keep-alive\",\n  \"cache-control\": \"no-cache\",\n  \"referrer-policy\": \"strict-origin-when-cross-origin\",\n  \"vary\": \"Origin\",\n  \"x-content-type-options\": \"nosniff\",\n  \"x-download-options\": \"noopen\",\n  \"x-frame-options\": \"SAMEORIGIN\",\n  \"x-permitted-cross-domain-policies\": \"none\",\n  \"x-ratelimit-limit\": \"90\",\n  \"x-ratelimit-remaining\": \"89\",\n  \"x-ratelimit-reset\": \"1\",\n  \"x-request-id\": \"667247d7-9cc8-496b-908a-da867a60f784\",\n  \"x-runtime\": \"0.070037\",\n  \"x-xss-protection\": \"0\",\n  \"cf-cache-status\": \"DYNAMIC\",\n  \"report-to\": \"{\\\"endpoints\\\":[{\\\"url\\\":\\\"https:\\\\/\\\\/a.nel.cloudflare.com\\\\/report\\\\/v4?s=t3QplBzDOJCSHQSf55hrdKBrPu36CC5WlUmLjp6r%2BbFHIpdHgQOCp%2F11ou3aP3rHwOBX6BxbhuVwUr8T9ees0FDU3urZZxL%2FTJkNL%2FxCAgMt%2FG0Pxva5Bp0nS5ndTTA%3D\\\"}],\\\"group\\\":\\\"cf-nel\\\",\\\"max_age\\\":604800}\",\n  \"nel\": \"{\\\"success_fraction\\\":0,\\\"report_to\\\":\\\"cf-nel\\\",\\\"max_age\\\":604800}\",\n  \"server\": \"cloudflare\",\n  \"cf-ray\": \"8e25df19b9359e29-SIN\",\n  \"alt-svc\": \"h3=\\\":443\\\"; ma=86400\",\n  \"server-timing\": \"cfL4;desc=\\\"?proto=TCP&rtt=80256&sent=35&recv=31&lost=0&retrans=0&sent_bytes=16721&recv_bytes=6189&delivery_rate=131191&cwnd=257&unsent_bytes=0&cid=4e3276225613dbfb&ts=85815&x=0\\\"\"\n}\nBody: {\n  \"message\": \"Resource not found\"\n}\n\n\nhttps://on.cypress.io/request",
                "estack": "CypressError: `cy.request()` failed on:\n\nhttps://gorest.co.in/public/v2/users/7522240\n\nThe response we received from your web server was:\n\n  > 404: Not Found\n\nThis was considered a failure because the status code was not `2xx` or `3xx`.\n\nIf you do not want status codes to cause failures pass the option: `failOnStatusCode: false`\n\n-----------------------------------------------------------\n\nThe request we sent was:\n\nMethod: GET\nURL: https://gorest.co.in/public/v2/users/7522240\nHeaders: {\n  \"Connection\": \"keep-alive\",\n  \"authorization\": \"Bearer f53d40996ec5d5ec1384e85d30575a8dc47941f7cd638580b0247b9b611f038e\",\n  \"user-agent\": \"Mozilla/5.0 (Windows NT 10.0; Win64; x64) AppleWebKit/537.36 (KHTML, like Gecko) Cypress/13.15.1 Chrome/118.0.5993.159 Electron/27.3.10 Safari/537.36\",\n  \"accept\": \"*/*\",\n  \"accept-encoding\": \"gzip, deflate\"\n}\n\n-----------------------------------------------------------\n\nThe response we got was:\n\nStatus: 404 - Not Found\nHeaders: {\n  \"date\": \"Thu, 14 Nov 2024 09:10:58 GMT\",\n  \"content-type\": \"application/json; charset=utf-8\",\n  \"content-length\": \"32\",\n  \"connection\": \"keep-alive\",\n  \"cache-control\": \"no-cache\",\n  \"referrer-policy\": \"strict-origin-when-cross-origin\",\n  \"vary\": \"Origin\",\n  \"x-content-type-options\": \"nosniff\",\n  \"x-download-options\": \"noopen\",\n  \"x-frame-options\": \"SAMEORIGIN\",\n  \"x-permitted-cross-domain-policies\": \"none\",\n  \"x-ratelimit-limit\": \"90\",\n  \"x-ratelimit-remaining\": \"89\",\n  \"x-ratelimit-reset\": \"1\",\n  \"x-request-id\": \"667247d7-9cc8-496b-908a-da867a60f784\",\n  \"x-runtime\": \"0.070037\",\n  \"x-xss-protection\": \"0\",\n  \"cf-cache-status\": \"DYNAMIC\",\n  \"report-to\": \"{\\\"endpoints\\\":[{\\\"url\\\":\\\"https:\\\\/\\\\/a.nel.cloudflare.com\\\\/report\\\\/v4?s=t3QplBzDOJCSHQSf55hrdKBrPu36CC5WlUmLjp6r%2BbFHIpdHgQOCp%2F11ou3aP3rHwOBX6BxbhuVwUr8T9ees0FDU3urZZxL%2FTJkNL%2FxCAgMt%2FG0Pxva5Bp0nS5ndTTA%3D\\\"}],\\\"group\\\":\\\"cf-nel\\\",\\\"max_age\\\":604800}\",\n  \"nel\": \"{\\\"success_fraction\\\":0,\\\"report_to\\\":\\\"cf-nel\\\",\\\"max_age\\\":604800}\",\n  \"server\": \"cloudflare\",\n  \"cf-ray\": \"8e25df19b9359e29-SIN\",\n  \"alt-svc\": \"h3=\\\":443\\\"; ma=86400\",\n  \"server-timing\": \"cfL4;desc=\\\"?proto=TCP&rtt=80256&sent=35&recv=31&lost=0&retrans=0&sent_bytes=16721&recv_bytes=6189&delivery_rate=131191&cwnd=257&unsent_bytes=0&cid=4e3276225613dbfb&ts=85815&x=0\\\"\"\n}\nBody: {\n  \"message\": \"Resource not found\"\n}\n\n\nhttps://on.cypress.io/request\n    at <unknown> (http://localhost:60473/__cypress/runner/cypress_runner.js:132719:72)\n    at tryCatcher (http://localhost:60473/__cypress/runner/cypress_runner.js:1807:23)\n    at Promise._settlePromiseFromHandler (http://localhost:60473/__cypress/runner/cypress_runner.js:1519:31)\n    at Promise._settlePromise (http://localhost:60473/__cypress/runner/cypress_runner.js:1576:18)\n    at Promise._settlePromise0 (http://localhost:60473/__cypress/runner/cypress_runner.js:1621:10)\n    at Promise._settlePromises (http://localhost:60473/__cypress/runner/cypress_runner.js:1701:18)\n    at _drainQueueStep (http://localhost:60473/__cypress/runner/cypress_runner.js:2407:12)\n    at _drainQueue (http://localhost:60473/__cypress/runner/cypress_runner.js:2400:9)\n    at Async._drainQueues (http://localhost:60473/__cypress/runner/cypress_runner.js:2416:5)\n    at Async.drainQueues (http://localhost:60473/__cypress/runner/cypress_runner.js:2286:14)\nFrom Your Spec Code:\n    at Context.eval (webpack://cy/./cypress/e2e/apiTesting/apiGetTest.cy.js:20:7)",
                "diff": null
              },
              "uuid": "1039c3f5-d624-478d-b986-20166d697384",
              "parentUUID": "99278862-fb59-42c1-81ab-895da7872f50",
              "isHook": false,
              "skipped": false
            }
          ],
          "suites": [],
          "passes": [
            "ce6a19cf-c2b4-4184-96e8-49a32fd7b86c"
          ],
          "failures": [
            "1039c3f5-d624-478d-b986-20166d697384"
          ],
          "pending": [],
          "skipped": [],
          "duration": 1339,
          "root": false,
          "rootEmpty": false,
          "_timeout": 2000
        }
      ],
      "passes": [],
      "failures": [],
      "pending": [],
      "skipped": [],
      "duration": 0,
      "root": true,
      "rootEmpty": true,
      "_timeout": 2000
    }
  ],
  "meta": {
    "mocha": {
      "version": "7.0.1"
    },
    "mochawesome": {
      "options": {
        "quiet": false,
        "reportFilename": "mochawesome",
        "saveHtml": false,
        "saveJson": true,
        "consoleReporter": "spec",
        "useInlineDiffs": false,
        "code": true
      },
      "version": "7.1.3"
    },
    "marge": {
      "options": {
        "overwrite": false,
        "html": false,
        "json": true,
        "reportDir": "cypress\\reports\\html\\.jsons"
      },
      "version": "6.2.0"
    }
  }
}