{
  "stats": {
    "suites": 1,
    "tests": 1,
    "passes": 1,
    "pending": 0,
    "failures": 0,
    "start": "2024-11-14T09:09:51.967Z",
    "end": "2024-11-14T09:10:01.596Z",
    "duration": 9629,
    "testsRegistered": 1,
    "passPercent": 100,
    "pendingPercent": 0,
    "other": 0,
    "hasOther": false,
    "skipped": 0,
    "hasSkipped": false
  },
  "results": [
    {
      "uuid": "6a8e0016-43e0-4070-9bcb-60057c55608b",
      "title": "",
      "fullFile": "cypress\\e2e\\record.cy.js",
      "file": "cypress\\e2e\\record.cy.js",
      "beforeHooks": [],
      "afterHooks": [],
      "tests": [],
      "suites": [
        {
          "uuid": "5598b129-6692-4f1e-b494-155aaab753fb",
          "title": "backup",
          "fullFile": "",
          "file": "",
          "beforeHooks": [],
          "afterHooks": [],
          "tests": [
            {
              "title": "tests backup",
              "fullTitle": "backup tests backup",
              "timedOut": null,
              "duration": 7812,
              "state": "passed",
              "speed": "medium",
              "pass": true,
              "fail": false,
              "pending": false,
              "context": null,
              "code": "cy.viewport(1018, 585);\ncy.visit(\"https://opensource-demo.orangehrmlive.com/web/index.php/auth/login\");\ncy.get(\"form > div:nth-of-type(1) input\").click();\ncy.get(\"form > div:nth-of-type(1) input\").type(\"Admin\");\ncy.get(\"form > div:nth-of-type(2) input\").click();\ncy.get(\"form > div:nth-of-type(2) input\").type(\"admin123\");\ncy.get(\"button\").click();\ncy.location(\"href\").should(\"eq\", \"https://opensource-demo.orangehrmlive.com/web/index.php/dashboard/index\");\ncy.get(\"li:nth-of-type(2) > a\").click();\ncy.location(\"href\").should(\"eq\", \"https://opensource-demo.orangehrmlive.com/web/index.php/pim/viewEmployeeList\");\ncy.get(\"div.oxd-topbar-header-userarea i\").click();\ncy.get(\"div.oxd-topbar-header li:nth-of-type(4) > a\").click();\ncy.location(\"href\").should(\"eq\", \"https://opensource-demo.orangehrmlive.com/web/index.php/auth/login\");",
              "err": {},
              "uuid": "1a59b817-8253-4423-b314-772236d3ed96",
              "parentUUID": "5598b129-6692-4f1e-b494-155aaab753fb",
              "isHook": false,
              "skipped": false
            }
          ],
          "suites": [],
          "passes": [
            "1a59b817-8253-4423-b314-772236d3ed96"
          ],
          "failures": [],
          "pending": [],
          "skipped": [],
          "duration": 7812,
          "root": false,
          "rootEmpty": false,
          "_timeout": 2000
        }
      ],
      "passes": [],
      "failures": [],
      "pending": [],
      "skipped": [],
      "duration": 0,
      "root": true,
      "rootEmpty": true,
      "_timeout": 2000
    }
  ],
  "meta": {
    "mocha": {
      "version": "7.0.1"
    },
    "mochawesome": {
      "options": {
        "quiet": false,
        "reportFilename": "mochawesome",
        "saveHtml": false,
        "saveJson": true,
        "consoleReporter": "spec",
        "useInlineDiffs": false,
        "code": true
      },
      "version": "7.1.3"
    },
    "marge": {
      "options": {
        "overwrite": false,
        "html": false,
        "json": true,
        "reportDir": "cypress\\reports\\html\\.jsons"
      },
      "version": "6.2.0"
    }
  }
}