{
  "stats": {
    "suites": 1,
    "tests": 1,
    "passes": 0,
    "pending": 0,
    "failures": 1,
    "start": "2024-11-14T09:10:50.777Z",
    "end": "2024-11-14T09:10:55.694Z",
    "duration": 4917,
    "testsRegistered": 1,
    "passPercent": 0,
    "pendingPercent": 0,
    "other": 0,
    "hasOther": false,
    "skipped": 0,
    "hasSkipped": false
  },
  "results": [
    {
      "uuid": "2eb3f1a0-ff69-4051-bd23-0fc70bf7ff23",
      "title": "",
      "fullFile": "cypress\\e2e\\apiTesting\\apiDeleteTest6.cy.js",
      "file": "cypress\\e2e\\apiTesting\\apiDeleteTest6.cy.js",
      "beforeHooks": [],
      "afterHooks": [],
      "tests": [],
      "suites": [
        {
          "uuid": "f16fadfe-4cfb-4d4a-aefe-fae2704e810e",
          "title": "HTTP request",
          "fullFile": "",
          "file": "",
          "beforeHooks": [],
          "afterHooks": [],
          "tests": [
            {
              "title": "put call",
              "fullTitle": "HTTP request put call",
              "timedOut": null,
              "duration": 4804,
              "state": "failed",
              "speed": null,
              "pass": false,
              "fail": true,
              "pending": false,
              "context": null,
              "code": "var pattern = \"ABCDEFGHIJKLMNOPQRSTUVWXYZabcdefghijklmnopqrstuvwxyz\";\nfor (let i = 0; i < 10; i++) {\n  randomText += pattern.charAt(Math.floor(Math.random() * pattern.length));\n}\ntestEmail = randomText + \"@gmail.com\";\ncy.request({\n  method: \"PUT\",\n  url: \"https://gorest.co.in/public/v2/users/7523649\",\n  headers: {\n    authorization: \"Bearer f53d40996ec5d5ec1384e85d30575a8dc47941f7cd638580b0247b9b611f038e\"\n  },\n  body: {\n    name: user.name,\n    email: testEmail,\n    gender: user.gender,\n    status: user.status\n  }\n}).then(res => {\n  const userID = res.body.id;\n  cy.request({\n    method: \"DELETE\",\n    url: \"https://gorest.co.in/public/v2/users/\" + userID,\n    headers: {\n      authorization: \"Bearer f53d40996ec5d5ec1384e85d30575a8dc47941f7cd638580b0247b9b611f038e\"\n    }\n  }).then(res => {\n    expect(res.status).to.eq(204);\n  });\n});",
              "err": {
                "message": "CypressError: `cy.request()` failed on:\n\nhttps://gorest.co.in/public/v2/users/7523649\n\nThe response we received from your web server was:\n\n  > 404: Not Found\n\nThis was considered a failure because the status code was not `2xx` or `3xx`.\n\nIf you do not want status codes to cause failures pass the option: `failOnStatusCode: false`\n\n-----------------------------------------------------------\n\nThe request we sent was:\n\nMethod: PUT\nURL: https://gorest.co.in/public/v2/users/7523649\nHeaders: {\n  \"Connection\": \"keep-alive\",\n  \"authorization\": \"Bearer f53d40996ec5d5ec1384e85d30575a8dc47941f7cd638580b0247b9b611f038e\",\n  \"user-agent\": \"Mozilla/5.0 (Windows NT 10.0; Win64; x64) AppleWebKit/537.36 (KHTML, like Gecko) Cypress/13.15.1 Chrome/118.0.5993.159 Electron/27.3.10 Safari/537.36\",\n  \"accept\": \"*/*\",\n  \"accept-encoding\": \"gzip, deflate\",\n  \"content-type\": \"application/json\",\n  \"content-length\": 82\n}\nBody: {\"name\":\"vision\",\"email\":\"iFGvArxygv@gmail.com\",\"gender\":\"male\",\"status\":\"active\"}\n\n-----------------------------------------------------------\n\nThe response we got was:\n\nStatus: 404 - Not Found\nHeaders: {\n  \"date\": \"Thu, 14 Nov 2024 09:10:54 GMT\",\n  \"content-type\": \"application/json; charset=utf-8\",\n  \"content-length\": \"32\",\n  \"connection\": \"keep-alive\",\n  \"cache-control\": \"no-cache\",\n  \"referrer-policy\": \"strict-origin-when-cross-origin\",\n  \"vary\": \"Origin\",\n  \"x-content-type-options\": \"nosniff\",\n  \"x-download-options\": \"noopen\",\n  \"x-frame-options\": \"SAMEORIGIN\",\n  \"x-permitted-cross-domain-policies\": \"none\",\n  \"x-ratelimit-limit\": \"90\",\n  \"x-ratelimit-remaining\": \"89\",\n  \"x-ratelimit-reset\": \"1\",\n  \"x-request-id\": \"138201a4-2eae-4e59-bdf9-080a8ccd7504\",\n  \"x-runtime\": \"0.069323\",\n  \"x-xss-protection\": \"0\",\n  \"cf-cache-status\": \"DYNAMIC\",\n  \"report-to\": \"{\\\"endpoints\\\":[{\\\"url\\\":\\\"https:\\\\/\\\\/a.nel.cloudflare.com\\\\/report\\\\/v4?s=O3pJRysJC8ab1cniRGzRhDGEgvVK5x7IF5hG2cnovmVCHs%2FUEHqSiXeFIOwJj%2BHV0Axa6%2FSGbrgQ%2B3YSXQuoPgbHbIvcVkVJjim8qsZD6w7U7yCHTdAOze6FX7opoO4%3D\\\"}],\\\"group\\\":\\\"cf-nel\\\",\\\"max_age\\\":604800}\",\n  \"nel\": \"{\\\"success_fraction\\\":0,\\\"report_to\\\":\\\"cf-nel\\\",\\\"max_age\\\":604800}\",\n  \"server\": \"cloudflare\",\n  \"cf-ray\": \"8e25defc1fb49e29-SIN\",\n  \"alt-svc\": \"h3=\\\":443\\\"; ma=86400\",\n  \"server-timing\": \"cfL4;desc=\\\"?proto=TCP&rtt=74049&sent=29&recv=26&lost=0&retrans=0&sent_bytes=13577&recv_bytes=5325&delivery_rate=131191&cwnd=257&unsent_bytes=0&cid=4e3276225613dbfb&ts=81094&x=0\\\"\"\n}\nBody: {\n  \"message\": \"Resource not found\"\n}\n\n\nhttps://on.cypress.io/request",
                "estack": "CypressError: `cy.request()` failed on:\n\nhttps://gorest.co.in/public/v2/users/7523649\n\nThe response we received from your web server was:\n\n  > 404: Not Found\n\nThis was considered a failure because the status code was not `2xx` or `3xx`.\n\nIf you do not want status codes to cause failures pass the option: `failOnStatusCode: false`\n\n-----------------------------------------------------------\n\nThe request we sent was:\n\nMethod: PUT\nURL: https://gorest.co.in/public/v2/users/7523649\nHeaders: {\n  \"Connection\": \"keep-alive\",\n  \"authorization\": \"Bearer f53d40996ec5d5ec1384e85d30575a8dc47941f7cd638580b0247b9b611f038e\",\n  \"user-agent\": \"Mozilla/5.0 (Windows NT 10.0; Win64; x64) AppleWebKit/537.36 (KHTML, like Gecko) Cypress/13.15.1 Chrome/118.0.5993.159 Electron/27.3.10 Safari/537.36\",\n  \"accept\": \"*/*\",\n  \"accept-encoding\": \"gzip, deflate\",\n  \"content-type\": \"application/json\",\n  \"content-length\": 82\n}\nBody: {\"name\":\"vision\",\"email\":\"iFGvArxygv@gmail.com\",\"gender\":\"male\",\"status\":\"active\"}\n\n-----------------------------------------------------------\n\nThe response we got was:\n\nStatus: 404 - Not Found\nHeaders: {\n  \"date\": \"Thu, 14 Nov 2024 09:10:54 GMT\",\n  \"content-type\": \"application/json; charset=utf-8\",\n  \"content-length\": \"32\",\n  \"connection\": \"keep-alive\",\n  \"cache-control\": \"no-cache\",\n  \"referrer-policy\": \"strict-origin-when-cross-origin\",\n  \"vary\": \"Origin\",\n  \"x-content-type-options\": \"nosniff\",\n  \"x-download-options\": \"noopen\",\n  \"x-frame-options\": \"SAMEORIGIN\",\n  \"x-permitted-cross-domain-policies\": \"none\",\n  \"x-ratelimit-limit\": \"90\",\n  \"x-ratelimit-remaining\": \"89\",\n  \"x-ratelimit-reset\": \"1\",\n  \"x-request-id\": \"138201a4-2eae-4e59-bdf9-080a8ccd7504\",\n  \"x-runtime\": \"0.069323\",\n  \"x-xss-protection\": \"0\",\n  \"cf-cache-status\": \"DYNAMIC\",\n  \"report-to\": \"{\\\"endpoints\\\":[{\\\"url\\\":\\\"https:\\\\/\\\\/a.nel.cloudflare.com\\\\/report\\\\/v4?s=O3pJRysJC8ab1cniRGzRhDGEgvVK5x7IF5hG2cnovmVCHs%2FUEHqSiXeFIOwJj%2BHV0Axa6%2FSGbrgQ%2B3YSXQuoPgbHbIvcVkVJjim8qsZD6w7U7yCHTdAOze6FX7opoO4%3D\\\"}],\\\"group\\\":\\\"cf-nel\\\",\\\"max_age\\\":604800}\",\n  \"nel\": \"{\\\"success_fraction\\\":0,\\\"report_to\\\":\\\"cf-nel\\\",\\\"max_age\\\":604800}\",\n  \"server\": \"cloudflare\",\n  \"cf-ray\": \"8e25defc1fb49e29-SIN\",\n  \"alt-svc\": \"h3=\\\":443\\\"; ma=86400\",\n  \"server-timing\": \"cfL4;desc=\\\"?proto=TCP&rtt=74049&sent=29&recv=26&lost=0&retrans=0&sent_bytes=13577&recv_bytes=5325&delivery_rate=131191&cwnd=257&unsent_bytes=0&cid=4e3276225613dbfb&ts=81094&x=0\\\"\"\n}\nBody: {\n  \"message\": \"Resource not found\"\n}\n\n\nhttps://on.cypress.io/request\n    at <unknown> (http://localhost:60473/__cypress/runner/cypress_runner.js:132719:72)\n    at tryCatcher (http://localhost:60473/__cypress/runner/cypress_runner.js:1807:23)\n    at Promise._settlePromiseFromHandler (http://localhost:60473/__cypress/runner/cypress_runner.js:1519:31)\n    at Promise._settlePromise (http://localhost:60473/__cypress/runner/cypress_runner.js:1576:18)\n    at Promise._settlePromise0 (http://localhost:60473/__cypress/runner/cypress_runner.js:1621:10)\n    at Promise._settlePromises (http://localhost:60473/__cypress/runner/cypress_runner.js:1701:18)\n    at _drainQueueStep (http://localhost:60473/__cypress/runner/cypress_runner.js:2407:12)\n    at _drainQueue (http://localhost:60473/__cypress/runner/cypress_runner.js:2400:9)\n    at Async._drainQueues (http://localhost:60473/__cypress/runner/cypress_runner.js:2416:5)\n    at Async.drainQueues (http://localhost:60473/__cypress/runner/cypress_runner.js:2286:14)\nFrom Your Spec Code:\n    at Context.eval (webpack://cy/./cypress/e2e/apiTesting/apiDeleteTest6.cy.js:12:7)",
                "diff": null
              },
              "uuid": "6c6bc799-2a63-44fd-827e-50663d259db2",
              "parentUUID": "f16fadfe-4cfb-4d4a-aefe-fae2704e810e",
              "isHook": false,
              "skipped": false
            }
          ],
          "suites": [],
          "passes": [],
          "failures": [
            "6c6bc799-2a63-44fd-827e-50663d259db2"
          ],
          "pending": [],
          "skipped": [],
          "duration": 4804,
          "root": false,
          "rootEmpty": false,
          "_timeout": 2000
        }
      ],
      "passes": [],
      "failures": [],
      "pending": [],
      "skipped": [],
      "duration": 0,
      "root": true,
      "rootEmpty": true,
      "_timeout": 2000
    }
  ],
  "meta": {
    "mocha": {
      "version": "7.0.1"
    },
    "mochawesome": {
      "options": {
        "quiet": false,
        "reportFilename": "mochawesome",
        "saveHtml": false,
        "saveJson": true,
        "consoleReporter": "spec",
        "useInlineDiffs": false,
        "code": true
      },
      "version": "7.1.3"
    },
    "marge": {
      "options": {
        "overwrite": false,
        "html": false,
        "json": true,
        "reportDir": "cypress\\reports\\html\\.jsons"
      },
      "version": "6.2.0"
    }
  }
}