{
  "stats": {
    "suites": 0,
    "tests": 2,
    "passes": 0,
    "pending": 0,
    "failures": 2,
    "start": "2024-11-14T09:08:48.391Z",
    "end": "2024-11-14T09:09:01.087Z",
    "duration": 12696,
    "testsRegistered": 2,
    "passPercent": 0,
    "pendingPercent": 0,
    "other": 0,
    "hasOther": false,
    "skipped": 0,
    "hasSkipped": false
  },
  "results": [
    {
      "uuid": "30d861eb-ac69-4da6-9590-06ced950639e",
      "title": "",
      "fullFile": "cypress\\e2e\\dsa.cy.js",
      "file": "cypress\\e2e\\dsa.cy.js",
      "beforeHooks": [],
      "afterHooks": [],
      "tests": [
        {
          "title": "asd",
          "fullTitle": "asd",
          "timedOut": null,
          "duration": 6867,
          "state": "failed",
          "speed": null,
          "pass": false,
          "fail": true,
          "pending": false,
          "context": null,
          "code": "cy.visit(\"https://opensource-demo.orangehrmlive.com/web/index.php/auth/login\");\n//fill in the login form and submit\ncy.get(\"input[placeholder='Username']\").type(\"Admin\");\ncy.get(\"input[placeholder='Password']\").type(\"admin123\");\ncy.get(\"button[type='submit']\").click();",
          "err": {
            "message": "AssertionError: Timed out retrying after 4000ms: Expected to find element: `input[placeholder='Username']`, but never found it.",
            "estack": "AssertionError: Timed out retrying after 4000ms: Expected to find element: `input[placeholder='Username']`, but never found it.\n    at Context.eval (webpack://cy/./cypress/e2e/dsa.cy.js:6:5)",
            "diff": null
          },
          "uuid": "681ff2ca-e74d-485a-8890-b5e8afbc8de8",
          "parentUUID": "30d861eb-ac69-4da6-9590-06ced950639e",
          "isHook": false,
          "skipped": false
        },
        {
          "title": "logo",
          "fullTitle": "logo",
          "timedOut": null,
          "duration": 143,
          "state": "failed",
          "speed": null,
          "pass": false,
          "fail": true,
          "pending": false,
          "context": null,
          "code": "cy.xpath(\"//img[@alt='client brand banner']\").click();\ncy.url(\"eq\", \"https://www.orangehrm.com/\");",
          "err": {
            "message": "TypeError: cy.xpath is not a function",
            "estack": "TypeError: cy.xpath is not a function\n    at Context.eval (webpack://cy/./cypress/e2e/dsa.cy.js:11:5)",
            "diff": null
          },
          "uuid": "87024ec7-8a49-40e9-90ee-84828a206746",
          "parentUUID": "30d861eb-ac69-4da6-9590-06ced950639e",
          "isHook": false,
          "skipped": false
        }
      ],
      "suites": [],
      "passes": [],
      "failures": [
        "681ff2ca-e74d-485a-8890-b5e8afbc8de8",
        "87024ec7-8a49-40e9-90ee-84828a206746"
      ],
      "pending": [],
      "skipped": [],
      "duration": 7010,
      "root": true,
      "rootEmpty": false,
      "_timeout": 2000
    }
  ],
  "meta": {
    "mocha": {
      "version": "7.0.1"
    },
    "mochawesome": {
      "options": {
        "quiet": false,
        "reportFilename": "mochawesome",
        "saveHtml": false,
        "saveJson": true,
        "consoleReporter": "spec",
        "useInlineDiffs": false,
        "code": true
      },
      "version": "7.1.3"
    },
    "marge": {
      "options": {
        "overwrite": false,
        "html": false,
        "json": true,
        "reportDir": "cypress\\reports\\html\\.jsons"
      },
      "version": "6.2.0"
    }
  }
}