{
  "stats": {
    "suites": 1,
    "tests": 1,
    "passes": 1,
    "pending": 0,
    "failures": 0,
    "start": "2024-11-14T09:09:21.829Z",
    "end": "2024-11-14T09:09:34.140Z",
    "duration": 12311,
    "testsRegistered": 1,
    "passPercent": 100,
    "pendingPercent": 0,
    "other": 0,
    "hasOther": false,
    "skipped": 0,
    "hasSkipped": false
  },
  "results": [
    {
      "uuid": "048e2bda-ce21-4298-b647-59c8efcfaf84",
      "title": "",
      "fullFile": "cypress\\e2e\\gmail.cy.js",
      "file": "cypress\\e2e\\gmail.cy.js",
      "beforeHooks": [],
      "afterHooks": [],
      "tests": [],
      "suites": [
        {
          "uuid": "200ed8fd-a8ac-467a-ba99-d8af47a6bef8",
          "title": "demo testing",
          "fullFile": "",
          "file": "",
          "beforeHooks": [],
          "afterHooks": [],
          "tests": [
            {
              "title": "hover testing",
              "fullTitle": "demo testing hover testing",
              "timedOut": null,
              "duration": 6043,
              "state": "passed",
              "speed": "medium",
              "pass": true,
              "fail": false,
              "pending": false,
              "context": null,
              "code": "cy.visit(\"https://practice.expandtesting.com/\");\ncy.xpath(\"//a[normalize-space()='Hovers']\").click();\n//user1\ncy.xpath(\"//div[@class='container']//div[1]//img[1]\").realHover();\ncy.contains(\"name: user1\").should(\"be.visible\");\ncy.get(\"a[href='/users/1']\").should(\"be.visible\").and(\"have.attr\", \"href\", \"/users/1\");\n//user2\ncy.xpath(\"//div[@class='page-layout']//div[2]//img[1]\").realHover();\ncy.contains(\"name: user2\").should(\"be.visible\");\ncy.get(\"a[href='/users/2']\").should(\"be.visible\").and(\"have.attr\", \"href\", \"/users/2\");\n//user3\ncy.xpath(\"//div[3]//img[1]\").realHover();\ncy.contains(\"name: user3\").should(\"be.visible\");\ncy.get(\"a[href='/users/3']\").should(\"be.visible\").and(\"have.attr\", \"href\", \"/users/3\");",
              "err": {},
              "uuid": "cfb69daa-329d-44bf-b889-1575b223a2b4",
              "parentUUID": "200ed8fd-a8ac-467a-ba99-d8af47a6bef8",
              "isHook": false,
              "skipped": false
            }
          ],
          "suites": [],
          "passes": [
            "cfb69daa-329d-44bf-b889-1575b223a2b4"
          ],
          "failures": [],
          "pending": [],
          "skipped": [],
          "duration": 6043,
          "root": false,
          "rootEmpty": false,
          "_timeout": 2000
        }
      ],
      "passes": [],
      "failures": [],
      "pending": [],
      "skipped": [],
      "duration": 0,
      "root": true,
      "rootEmpty": true,
      "_timeout": 2000
    }
  ],
  "meta": {
    "mocha": {
      "version": "7.0.1"
    },
    "mochawesome": {
      "options": {
        "quiet": false,
        "reportFilename": "mochawesome",
        "saveHtml": false,
        "saveJson": true,
        "consoleReporter": "spec",
        "useInlineDiffs": false,
        "code": true
      },
      "version": "7.1.3"
    },
    "marge": {
      "options": {
        "overwrite": false,
        "html": false,
        "json": true,
        "reportDir": "cypress\\reports\\html\\.jsons"
      },
      "version": "6.2.0"
    }
  }
}