{
  "stats": {
    "suites": 1,
    "tests": 1,
    "passes": 0,
    "pending": 0,
    "failures": 1,
    "start": "2024-11-14T09:07:53.985Z",
    "end": "2024-11-14T09:08:24.924Z",
    "duration": 30939,
    "testsRegistered": 1,
    "passPercent": 0,
    "pendingPercent": 0,
    "other": 0,
    "hasOther": false,
    "skipped": 0,
    "hasSkipped": false
  },
  "results": [
    {
      "uuid": "59d4f9a6-0176-4054-8172-63f902a7dab5",
      "title": "",
      "fullFile": "cypress\\e2e\\checkBox.cy.js",
      "file": "cypress\\e2e\\checkBox.cy.js",
      "beforeHooks": [],
      "afterHooks": [],
      "tests": [],
      "suites": [
        {
          "uuid": "08a95064-38a7-46ac-ae77-84d5d476d64a",
          "title": "checkBox",
          "fullFile": "",
          "file": "",
          "beforeHooks": [],
          "afterHooks": [],
          "tests": [
            {
              "title": "tests checkBox",
              "fullTitle": "checkBox tests checkBox",
              "timedOut": null,
              "duration": 24510,
              "state": "failed",
              "speed": null,
              "pass": false,
              "fail": true,
              "pending": false,
              "context": null,
              "code": "cy.viewport(599, 584);\ncy.visit(\"https://demoqa.com/checkbox\");\ncy.get(\"ol button > svg\").click();\ncy.get(\"#tree-node > ol > li > ol > li:nth-of-type(1) button > svg\").click();\ncy.get(\"li > ol > li:nth-of-type(1) > ol > li:nth-of-type(1) span.rct-checkbox path\").click();\ncy.get(\"li > ol > li:nth-of-type(1) li:nth-of-type(2) label\").click();\ncy.get(\"li > ol > li:nth-of-type(1) li:nth-of-type(2) span.rct-checkbox path\").click();\ncy.get(\"li > ol > li:nth-of-type(1) > ol > li:nth-of-type(1) span.rct-checkbox path\").click();\ncy.get(\"#tree-node > ol > li > span > button > svg\").click();",
              "err": {
                "message": "CypressError: Timed out retrying after 4050ms: `cy.click()` failed because this element:\n\n`<path d=\"M19 5v14H5V5h14m0-2H5c-1.1 0-2 .9-2 2v14c0 1.1.9 2 2 2h14c1.1 0 2-.9 2-2V5c0-1.1-.9-2-2-2z\"></path>`\n\nis being covered by another element:\n\n`<svg stroke=\"currentColor\" fill=\"currentColor\" stroke-width=\"0\" viewBox=\"0 0 24 24\" class=\"rct-icon rct-icon-uncheck\" height=\"1em\" width=\"1em\" xmlns=\"http://www.w3.org/2000/svg\">...</svg>`\n\nFix this problem, or use {force: true} to disable error checking.\n\nhttps://on.cypress.io/element-cannot-be-interacted-with",
                "estack": "CypressError: Timed out retrying after 4050ms: `cy.click()` failed because this element:\n\n`<path d=\"M19 5v14H5V5h14m0-2H5c-1.1 0-2 .9-2 2v14c0 1.1.9 2 2 2h14c1.1 0 2-.9 2-2V5c0-1.1-.9-2-2-2z\"></path>`\n\nis being covered by another element:\n\n`<svg stroke=\"currentColor\" fill=\"currentColor\" stroke-width=\"0\" viewBox=\"0 0 24 24\" class=\"rct-icon rct-icon-uncheck\" height=\"1em\" width=\"1em\" xmlns=\"http://www.w3.org/2000/svg\">...</svg>`\n\nFix this problem, or use {force: true} to disable error checking.\n\nhttps://on.cypress.io/element-cannot-be-interacted-with\n    at ensureIsDescendent (https://demoqa.com/__cypress/runner/cypress_runner.js:112762:68)\n    at ensureDescendents (https://demoqa.com/__cypress/runner/cypress_runner.js:112813:5)\n    at ensureDescendentsAndScroll (https://demoqa.com/__cypress/runner/cypress_runner.js:112819:14)\n    at ensureElIsNotCovered (https://demoqa.com/__cypress/runner/cypress_runner.js:112950:5)\n    at runAllChecks (https://demoqa.com/__cypress/runner/cypress_runner.js:113149:52)\n    at retryActionability (https://demoqa.com/__cypress/runner/cypress_runner.js:113186:16)\n    at tryCatcher (https://demoqa.com/__cypress/runner/cypress_runner.js:1807:23)\n    at Promise.attempt.Promise.try (https://demoqa.com/__cypress/runner/cypress_runner.js:4315:29)\n    at whenStable (https://demoqa.com/__cypress/runner/cypress_runner.js:143587:68)\n    at <unknown> (https://demoqa.com/__cypress/runner/cypress_runner.js:143528:14)\n    at tryCatcher (https://demoqa.com/__cypress/runner/cypress_runner.js:1807:23)\n    at Promise._settlePromiseFromHandler (https://demoqa.com/__cypress/runner/cypress_runner.js:1519:31)\n    at Promise._settlePromise (https://demoqa.com/__cypress/runner/cypress_runner.js:1576:18)\n    at Promise._settlePromise0 (https://demoqa.com/__cypress/runner/cypress_runner.js:1621:10)\n    at Promise._settlePromises (https://demoqa.com/__cypress/runner/cypress_runner.js:1701:18)\n    at Promise._fulfill (https://demoqa.com/__cypress/runner/cypress_runner.js:1645:18)\n    at <unknown> (https://demoqa.com/__cypress/runner/cypress_runner.js:5450:46)\nFrom Your Spec Code:\n    at Context.eval (webpack://cy/./cypress/e2e/checkBox.cy.js:11:6)",
                "diff": null
              },
              "uuid": "7a760108-a222-4921-b091-01aa1d2a6626",
              "parentUUID": "08a95064-38a7-46ac-ae77-84d5d476d64a",
              "isHook": false,
              "skipped": false
            }
          ],
          "suites": [],
          "passes": [],
          "failures": [
            "7a760108-a222-4921-b091-01aa1d2a6626"
          ],
          "pending": [],
          "skipped": [],
          "duration": 24510,
          "root": false,
          "rootEmpty": false,
          "_timeout": 2000
        }
      ],
      "passes": [],
      "failures": [],
      "pending": [],
      "skipped": [],
      "duration": 0,
      "root": true,
      "rootEmpty": true,
      "_timeout": 2000
    }
  ],
  "meta": {
    "mocha": {
      "version": "7.0.1"
    },
    "mochawesome": {
      "options": {
        "quiet": false,
        "reportFilename": "mochawesome",
        "saveHtml": false,
        "saveJson": true,
        "consoleReporter": "spec",
        "useInlineDiffs": false,
        "code": true
      },
      "version": "7.1.3"
    },
    "marge": {
      "options": {
        "overwrite": false,
        "html": false,
        "json": true,
        "reportDir": "cypress\\reports\\html\\.jsons"
      },
      "version": "6.2.0"
    }
  }
}