{
  "stats": {
    "suites": 1,
    "tests": 1,
    "passes": 0,
    "pending": 0,
    "failures": 1,
    "start": "2024-11-14T09:09:02.959Z",
    "end": "2024-11-14T09:09:13.174Z",
    "duration": 10215,
    "testsRegistered": 20,
    "passPercent": 0,
    "pendingPercent": 0,
    "other": 0,
    "hasOther": false,
    "skipped": 19,
    "hasSkipped": true
  },
  "results": [
    {
      "uuid": "81a1e872-4d5d-4afa-b383-b87aec1d4fad",
      "title": "",
      "fullFile": "cypress\\e2e\\exam.cy.js",
      "file": "cypress\\e2e\\exam.cy.js",
      "beforeHooks": [],
      "afterHooks": [],
      "tests": [],
      "suites": [
        {
          "uuid": "d5991d45-29ea-4f3c-a296-486633c54195",
          "title": "test for specific links with login",
          "fullFile": "",
          "file": "",
          "beforeHooks": [],
          "afterHooks": [],
          "tests": [
            {
              "title": "search box",
              "fullTitle": "test for specific links with login search box",
              "timedOut": null,
              "duration": 8160,
              "state": "failed",
              "speed": null,
              "pass": false,
              "fail": true,
              "pending": false,
              "context": null,
              "code": "cy.get(\"input[placeholder='Search']\").type(\"Admin\");",
              "err": {
                "message": "AssertionError: Timed out retrying after 4000ms: Expected to find element: `input[placeholder='Username']`, but never found it.\n\nBecause this error occurred during a `before each` hook we are skipping the remaining tests in the current suite: `test for specific links wit...`",
                "estack": "AssertionError: Timed out retrying after 4000ms: Expected to find element: `input[placeholder='Username']`, but never found it.\n\nBecause this error occurred during a `before each` hook we are skipping the remaining tests in the current suite: `test for specific links wit...`\n    at Context.eval (webpack://cy/./cypress/e2e/exam.cy.js:9:7)",
                "diff": null
              },
              "uuid": "b24309da-4a90-4e20-bc90-69778ec92fec",
              "parentUUID": "d5991d45-29ea-4f3c-a296-486633c54195",
              "isHook": false,
              "skipped": false
            },
            {
              "title": "admin",
              "fullTitle": "test for specific links with login admin",
              "timedOut": null,
              "duration": 0,
              "state": "skipped",
              "speed": null,
              "pass": false,
              "fail": false,
              "pending": false,
              "context": null,
              "code": "cy.xpath(\"//span[normalize-space()='Admin']\").click();\ncy.url(\"eq\", \"https://opensource-demo.orangehrmlive.com/web/index.php/admin/viewSystemUsers\");",
              "err": {},
              "uuid": "5d988eff-0cb9-4cda-bafc-30f64d158d88",
              "parentUUID": "d5991d45-29ea-4f3c-a296-486633c54195",
              "isHook": false,
              "skipped": true
            },
            {
              "title": "PIM",
              "fullTitle": "test for specific links with login PIM",
              "timedOut": null,
              "duration": 0,
              "state": "skipped",
              "speed": null,
              "pass": false,
              "fail": false,
              "pending": false,
              "context": null,
              "code": "cy.get(\".oxd-main-menu-item.active\").click();\ncy.url(\"eq\", \"https://opensource-demo.orangehrmlive.com/web/index.php/pim/viewEmployeeList\");",
              "err": {},
              "uuid": "2e9c9231-0bfe-41e8-9e60-751f0a2afb77",
              "parentUUID": "d5991d45-29ea-4f3c-a296-486633c54195",
              "isHook": false,
              "skipped": true
            },
            {
              "title": "leave",
              "fullTitle": "test for specific links with login leave",
              "timedOut": null,
              "duration": 0,
              "state": "skipped",
              "speed": null,
              "pass": false,
              "fail": false,
              "pending": false,
              "context": null,
              "code": "cy.get(\".oxd-main-menu-item.active\").click();\ncy.url(\"eq\", \"https://opensource-demo.orangehrmlive.com/web/index.php/leave/viewLeaveList\");",
              "err": {},
              "uuid": "3545d0bb-3273-451d-941a-74e7ab5186a5",
              "parentUUID": "d5991d45-29ea-4f3c-a296-486633c54195",
              "isHook": false,
              "skipped": true
            },
            {
              "title": "time",
              "fullTitle": "test for specific links with login time",
              "timedOut": null,
              "duration": 0,
              "state": "skipped",
              "speed": null,
              "pass": false,
              "fail": false,
              "pending": false,
              "context": null,
              "code": "cy.xpath(\"//span[normalize-space()='Time']\").click();\ncy.url(\"eq\", \"https://opensource-demo.orangehrmlive.com/web/index.php/time/viewEmployeeTimesheet\");",
              "err": {},
              "uuid": "71f8568b-902b-4b61-8ac8-7c40c78f7246",
              "parentUUID": "d5991d45-29ea-4f3c-a296-486633c54195",
              "isHook": false,
              "skipped": true
            },
            {
              "title": "recruitment",
              "fullTitle": "test for specific links with login recruitment",
              "timedOut": null,
              "duration": 0,
              "state": "skipped",
              "speed": null,
              "pass": false,
              "fail": false,
              "pending": false,
              "context": null,
              "code": "cy.xpath(\"//span[normalize-space()='Recruitment']\").click();\ncy.url(\"eq\", \"https://opensource-demo.orangehrmlive.com/web/index.php/recruitment/viewCandidates\");",
              "err": {},
              "uuid": "ae7fe180-9161-4919-a21d-c761b04a8b95",
              "parentUUID": "d5991d45-29ea-4f3c-a296-486633c54195",
              "isHook": false,
              "skipped": true
            },
            {
              "title": "My info",
              "fullTitle": "test for specific links with login My info",
              "timedOut": null,
              "duration": 0,
              "state": "skipped",
              "speed": null,
              "pass": false,
              "fail": false,
              "pending": false,
              "context": null,
              "code": "cy.get(\".oxd-main-menu-search > .oxd-icon-button > .oxd-icon\").click();\ncy.url(\"eq\", \"https://opensource-demo.orangehrmlive.com/web/index.php/pim/viewPersonalDetails/empNumber/7\");",
              "err": {},
              "uuid": "f75ccc71-a0dd-44e5-bc72-7ba02be4390e",
              "parentUUID": "d5991d45-29ea-4f3c-a296-486633c54195",
              "isHook": false,
              "skipped": true
            },
            {
              "title": "performance",
              "fullTitle": "test for specific links with login performance",
              "timedOut": null,
              "duration": 0,
              "state": "skipped",
              "speed": null,
              "pass": false,
              "fail": false,
              "pending": false,
              "context": null,
              "code": "cy.xpath(\"//span[normalize-space()='Performance']\").click();\ncy.url(\"eq\", \"https://opensource-demo.orangehrmlive.com/web/index.php/performance/searchEvaluatePerformanceReview\");",
              "err": {},
              "uuid": "67b51cb0-c94a-452e-9d9d-df84e0b66442",
              "parentUUID": "d5991d45-29ea-4f3c-a296-486633c54195",
              "isHook": false,
              "skipped": true
            },
            {
              "title": "dashboard",
              "fullTitle": "test for specific links with login dashboard",
              "timedOut": null,
              "duration": 0,
              "state": "skipped",
              "speed": null,
              "pass": false,
              "fail": false,
              "pending": false,
              "context": null,
              "code": "cy.xpath(\"//span[@class='oxd-text oxd-text--span oxd-main-menu-item--name'][normalize-space()='Dashboard']\").click();\ncy.url(\"eq\", \"https://opensource-demo.orangehrmlive.com/web/index.php/dashboard/index\");",
              "err": {},
              "uuid": "87cc6caa-f695-4818-9274-c86f007824b1",
              "parentUUID": "d5991d45-29ea-4f3c-a296-486633c54195",
              "isHook": false,
              "skipped": true
            },
            {
              "title": "directory",
              "fullTitle": "test for specific links with login directory",
              "timedOut": null,
              "duration": 0,
              "state": "skipped",
              "speed": null,
              "pass": false,
              "fail": false,
              "pending": false,
              "context": null,
              "code": "cy.xpath(\"//span[normalize-space()='Directory']\");\ncy.url(\"eq\", \"https://opensource-demo.orangehrmlive.com/web/index.php/directory/viewDirectory\");",
              "err": {},
              "uuid": "077ece0c-da03-4c42-8fb8-f68c3b654cc8",
              "parentUUID": "d5991d45-29ea-4f3c-a296-486633c54195",
              "isHook": false,
              "skipped": true
            },
            {
              "title": "maintenance",
              "fullTitle": "test for specific links with login maintenance",
              "timedOut": null,
              "duration": 0,
              "state": "skipped",
              "speed": null,
              "pass": false,
              "fail": false,
              "pending": false,
              "context": null,
              "code": "cy.xpath(\"//span[normalize-space()='Maintenance']\").click();\ncy.url(\"eq\", \"https://opensource-demo.orangehrmlive.com/web/index.php/maintenance/purgeEmployee\");",
              "err": {},
              "uuid": "95254bd0-b341-4a6e-a682-4c6ca2281b6f",
              "parentUUID": "d5991d45-29ea-4f3c-a296-486633c54195",
              "isHook": false,
              "skipped": true
            },
            {
              "title": "claim",
              "fullTitle": "test for specific links with login claim",
              "timedOut": null,
              "duration": 0,
              "state": "skipped",
              "speed": null,
              "pass": false,
              "fail": false,
              "pending": false,
              "context": null,
              "code": "cy.xpath(\"//span[normalize-space()='Claim']\").click();\ncy.url(\"eq\", \"https://opensource-demo.orangehrmlive.com/web/index.php/claim/viewAssignClaim\");",
              "err": {},
              "uuid": "e6516719-8461-484a-8e8f-b5bbec118648",
              "parentUUID": "d5991d45-29ea-4f3c-a296-486633c54195",
              "isHook": false,
              "skipped": true
            },
            {
              "title": "buzz",
              "fullTitle": "test for specific links with login buzz",
              "timedOut": null,
              "duration": 0,
              "state": "skipped",
              "speed": null,
              "pass": false,
              "fail": false,
              "pending": false,
              "context": null,
              "code": "cy.xpath(\"//span[normalize-space()='Buzz']\").click();\ncy.url(\"eq\", \"https://opensource-demo.orangehrmlive.com/web/index.php/buzz/viewBuzz\");",
              "err": {},
              "uuid": "1ecb0f19-22e7-49bf-bec5-72ea1c43e616",
              "parentUUID": "d5991d45-29ea-4f3c-a296-486633c54195",
              "isHook": false,
              "skipped": true
            },
            {
              "title": "user button/about",
              "fullTitle": "test for specific links with login user button/about",
              "timedOut": null,
              "duration": 0,
              "state": "skipped",
              "speed": null,
              "pass": false,
              "fail": false,
              "pending": false,
              "context": null,
              "code": "cy.xpath(\"//p[@class='oxd-userdropdown-name']\").click();\ncy.xpath(\"//p[@class='oxd-userdropdown-name']\").should(\"be.visible\");",
              "err": {},
              "uuid": "4142d84d-8b86-466f-ab8d-5ffe7c30f41a",
              "parentUUID": "d5991d45-29ea-4f3c-a296-486633c54195",
              "isHook": false,
              "skipped": true
            },
            {
              "title": "user button/ support",
              "fullTitle": "test for specific links with login user button/ support",
              "timedOut": null,
              "duration": 0,
              "state": "skipped",
              "speed": null,
              "pass": false,
              "fail": false,
              "pending": false,
              "context": null,
              "code": "cy.xpath(\"//p[@class='oxd-userdropdown-name']\").click();\ncy.xpath(\"//a[normalize-space()='Support']\").should(\"be.visible\");",
              "err": {},
              "uuid": "dbd91460-4dde-4edb-a5e5-dd66a886c0fe",
              "parentUUID": "d5991d45-29ea-4f3c-a296-486633c54195",
              "isHook": false,
              "skipped": true
            },
            {
              "title": "user button/ changePassword",
              "fullTitle": "test for specific links with login user button/ changePassword",
              "timedOut": null,
              "duration": 0,
              "state": "skipped",
              "speed": null,
              "pass": false,
              "fail": false,
              "pending": false,
              "context": null,
              "code": "cy.xpath(\"//p[@class='oxd-userdropdown-name']\").click();\ncy.xpath(\"//a[normalize-space()='Change Password']\").should(\"be.visible\");",
              "err": {},
              "uuid": "83bc9372-7c3a-49c8-9cb2-afd048391d43",
              "parentUUID": "d5991d45-29ea-4f3c-a296-486633c54195",
              "isHook": false,
              "skipped": true
            },
            {
              "title": "user button/ logout",
              "fullTitle": "test for specific links with login user button/ logout",
              "timedOut": null,
              "duration": 0,
              "state": "skipped",
              "speed": null,
              "pass": false,
              "fail": false,
              "pending": false,
              "context": null,
              "code": "cy.xpath(\"//p[@class='oxd-userdropdown-name']\").click();\ncy.xpath(\"//a[normalize-space()='Logout']\").should(\"be.visible\");",
              "err": {},
              "uuid": "0fca9a65-04d9-4213-bfdc-94b7d53c64f8",
              "parentUUID": "d5991d45-29ea-4f3c-a296-486633c54195",
              "isHook": false,
              "skipped": true
            },
            {
              "title": "support",
              "fullTitle": "test for specific links with login support",
              "timedOut": null,
              "duration": 0,
              "state": "skipped",
              "speed": null,
              "pass": false,
              "fail": false,
              "pending": false,
              "context": null,
              "code": "cy.xpath(\"//p[@class='oxd-userdropdown-name']\").click();\ncy.xpath(\"//a[normalize-space()='Support']\").click();\ncy.url(\"eq\", \"https://opensource-demo.orangehrmlive.com/web/index.php/help/support\");",
              "err": {},
              "uuid": "dab35a20-0a0b-4913-aba0-dcc773b7cfab",
              "parentUUID": "d5991d45-29ea-4f3c-a296-486633c54195",
              "isHook": false,
              "skipped": true
            },
            {
              "title": "changePassword",
              "fullTitle": "test for specific links with login changePassword",
              "timedOut": null,
              "duration": 0,
              "state": "skipped",
              "speed": null,
              "pass": false,
              "fail": false,
              "pending": false,
              "context": null,
              "code": "cy.xpath(\"//p[@class='oxd-userdropdown-name']\").click();\ncy.xpath(\"//a[normalize-space()='Change Password']\").click();\ncy.url(\"eq\", \"https://opensource-demo.orangehrmlive.com/web/index.php/pim/updatePassword\");",
              "err": {},
              "uuid": "f4c1ca3f-7ea9-4895-8e19-d40a3584e68a",
              "parentUUID": "d5991d45-29ea-4f3c-a296-486633c54195",
              "isHook": false,
              "skipped": true
            },
            {
              "title": "logo",
              "fullTitle": "test for specific links with login logo",
              "timedOut": null,
              "duration": 0,
              "state": "skipped",
              "speed": null,
              "pass": false,
              "fail": false,
              "pending": false,
              "context": null,
              "code": "cy.xpath(\"//img[@alt='client brand banner']\").click();\ncy.url(\"eq\", \"https://www.orangehrm.com/\");",
              "err": {},
              "uuid": "24505e0c-00d1-4621-b2ae-a668e04ccab4",
              "parentUUID": "d5991d45-29ea-4f3c-a296-486633c54195",
              "isHook": false,
              "skipped": true
            }
          ],
          "suites": [],
          "passes": [],
          "failures": [
            "b24309da-4a90-4e20-bc90-69778ec92fec"
          ],
          "pending": [],
          "skipped": [
            "5d988eff-0cb9-4cda-bafc-30f64d158d88",
            "2e9c9231-0bfe-41e8-9e60-751f0a2afb77",
            "3545d0bb-3273-451d-941a-74e7ab5186a5",
            "71f8568b-902b-4b61-8ac8-7c40c78f7246",
            "ae7fe180-9161-4919-a21d-c761b04a8b95",
            "f75ccc71-a0dd-44e5-bc72-7ba02be4390e",
            "67b51cb0-c94a-452e-9d9d-df84e0b66442",
            "87cc6caa-f695-4818-9274-c86f007824b1",
            "077ece0c-da03-4c42-8fb8-f68c3b654cc8",
            "95254bd0-b341-4a6e-a682-4c6ca2281b6f",
            "e6516719-8461-484a-8e8f-b5bbec118648",
            "1ecb0f19-22e7-49bf-bec5-72ea1c43e616",
            "4142d84d-8b86-466f-ab8d-5ffe7c30f41a",
            "dbd91460-4dde-4edb-a5e5-dd66a886c0fe",
            "83bc9372-7c3a-49c8-9cb2-afd048391d43",
            "0fca9a65-04d9-4213-bfdc-94b7d53c64f8",
            "dab35a20-0a0b-4913-aba0-dcc773b7cfab",
            "f4c1ca3f-7ea9-4895-8e19-d40a3584e68a",
            "24505e0c-00d1-4621-b2ae-a668e04ccab4"
          ],
          "duration": 8160,
          "root": false,
          "rootEmpty": false,
          "_timeout": 2000
        }
      ],
      "passes": [],
      "failures": [],
      "pending": [],
      "skipped": [],
      "duration": 0,
      "root": true,
      "rootEmpty": true,
      "_timeout": 2000
    }
  ],
  "meta": {
    "mocha": {
      "version": "7.0.1"
    },
    "mochawesome": {
      "options": {
        "quiet": false,
        "reportFilename": "mochawesome",
        "saveHtml": false,
        "saveJson": true,
        "consoleReporter": "spec",
        "useInlineDiffs": false,
        "code": true
      },
      "version": "7.1.3"
    },
    "marge": {
      "options": {
        "overwrite": false,
        "html": false,
        "json": true,
        "reportDir": "cypress\\reports\\html\\.jsons"
      },
      "version": "6.2.0"
    }
  }
}