{
  "stats": {
    "suites": 1,
    "tests": 1,
    "passes": 1,
    "pending": 0,
    "failures": 0,
    "start": "2024-11-14T09:10:25.899Z",
    "end": "2024-11-14T09:10:35.897Z",
    "duration": 9998,
    "testsRegistered": 1,
    "passPercent": 100,
    "pendingPercent": 0,
    "other": 0,
    "hasOther": false,
    "skipped": 0,
    "hasSkipped": false
  },
  "results": [
    {
      "uuid": "808c9311-3cb2-4252-a594-cb8cf5e9c445",
      "title": "",
      "fullFile": "cypress\\e2e\\upload.cy.js",
      "file": "cypress\\e2e\\upload.cy.js",
      "beforeHooks": [],
      "afterHooks": [],
      "tests": [],
      "suites": [
        {
          "uuid": "a10f2d15-3837-46e5-aaeb-c16be371d543",
          "title": "cypress file upload",
          "fullFile": "",
          "file": "",
          "beforeHooks": [],
          "afterHooks": [],
          "tests": [
            {
              "title": "example to demostrate file upload",
              "fullTitle": "cypress file upload example to demostrate file upload",
              "timedOut": null,
              "duration": 4260,
              "state": "passed",
              "speed": "fast",
              "pass": true,
              "fail": false,
              "pending": false,
              "context": null,
              "code": "cy.get(\"input[type='file']\").attachFile(\"screenshot.png\");\ncy.get(\"#file-submit\").click();\ncy.get(\"#uploaded-files\").contains(\"screenshot.png\");",
              "err": {},
              "uuid": "af08c85b-7b0c-4e29-b486-113746b29962",
              "parentUUID": "a10f2d15-3837-46e5-aaeb-c16be371d543",
              "isHook": false,
              "skipped": false
            }
          ],
          "suites": [],
          "passes": [
            "af08c85b-7b0c-4e29-b486-113746b29962"
          ],
          "failures": [],
          "pending": [],
          "skipped": [],
          "duration": 4260,
          "root": false,
          "rootEmpty": false,
          "_timeout": 2000
        }
      ],
      "passes": [],
      "failures": [],
      "pending": [],
      "skipped": [],
      "duration": 0,
      "root": true,
      "rootEmpty": true,
      "_timeout": 2000
    }
  ],
  "meta": {
    "mocha": {
      "version": "7.0.1"
    },
    "mochawesome": {
      "options": {
        "quiet": false,
        "reportFilename": "mochawesome",
        "saveHtml": false,
        "saveJson": true,
        "consoleReporter": "spec",
        "useInlineDiffs": false,
        "code": true
      },
      "version": "7.1.3"
    },
    "marge": {
      "options": {
        "overwrite": false,
        "html": false,
        "json": true,
        "reportDir": "cypress\\reports\\html\\.jsons"
      },
      "version": "6.2.0"
    }
  }
}