{
  "stats": {
    "suites": 1,
    "tests": 1,
    "passes": 1,
    "pending": 0,
    "failures": 0,
    "start": "2024-11-14T09:11:06.651Z",
    "end": "2024-11-14T09:11:07.005Z",
    "duration": 354,
    "testsRegistered": 1,
    "passPercent": 100,
    "pendingPercent": 0,
    "other": 0,
    "hasOther": false,
    "skipped": 0,
    "hasSkipped": false
  },
  "results": [
    {
      "uuid": "e2fa3aed-9dad-40c2-9e80-0c8ac2fd554f",
      "title": "",
      "fullFile": "cypress\\e2e\\apiTesting\\apiPostTest4.cy.js",
      "file": "cypress\\e2e\\apiTesting\\apiPostTest4.cy.js",
      "beforeHooks": [],
      "afterHooks": [],
      "tests": [],
      "suites": [
        {
          "uuid": "0e29ff5e-3421-4d5d-8e58-72b3dab32107",
          "title": "HTTP request",
          "fullFile": "",
          "file": "",
          "beforeHooks": [],
          "afterHooks": [],
          "tests": [
            {
              "title": "post call",
              "fullTitle": "HTTP request post call",
              "timedOut": null,
              "duration": 305,
              "state": "passed",
              "speed": "fast",
              "pass": true,
              "fail": false,
              "pending": false,
              "context": null,
              "code": "var pattern = \"ABCDEFGHIJKLMNOPQRSTUVWXYZabcdefghijklmnopqrstuvwxyz\";\nfor (let i = 0; i < 10; i++) {\n  randomText += pattern.charAt(Math.floor(Math.random() * pattern.length));\n}\ntestEmail = randomText + \"@gmail.com\";\ncy.request({\n  method: \"POST\",\n  url: \"https://gorest.co.in/public/v2/users\",\n  headers: {\n    authorization: \"Bearer f53d40996ec5d5ec1384e85d30575a8dc47941f7cd638580b0247b9b611f038e\"\n  },\n  body: {\n    name: user.name,\n    email: testEmail,\n    gender: user.gender,\n    status: user.status\n  }\n}).then(res => {\n  cy.log(JSON.stringify(res));\n  expect(res.status).to.eq(201);\n  expect(res.body).has.property(\"email\", `${testEmail}`);\n  expect(res.body).has.property(\"status\", \"active\");\n});",
              "err": {},
              "uuid": "56dc5fa2-3c35-4555-8fec-e151c570efbb",
              "parentUUID": "0e29ff5e-3421-4d5d-8e58-72b3dab32107",
              "isHook": false,
              "skipped": false
            }
          ],
          "suites": [],
          "passes": [
            "56dc5fa2-3c35-4555-8fec-e151c570efbb"
          ],
          "failures": [],
          "pending": [],
          "skipped": [],
          "duration": 305,
          "root": false,
          "rootEmpty": false,
          "_timeout": 2000
        }
      ],
      "passes": [],
      "failures": [],
      "pending": [],
      "skipped": [],
      "duration": 0,
      "root": true,
      "rootEmpty": true,
      "_timeout": 2000
    }
  ],
  "meta": {
    "mocha": {
      "version": "7.0.1"
    },
    "mochawesome": {
      "options": {
        "quiet": false,
        "reportFilename": "mochawesome",
        "saveHtml": false,
        "saveJson": true,
        "consoleReporter": "spec",
        "useInlineDiffs": false,
        "code": true
      },
      "version": "7.1.3"
    },
    "marge": {
      "options": {
        "overwrite": false,
        "html": false,
        "json": true,
        "reportDir": "cypress\\reports\\html\\.jsons"
      },
      "version": "6.2.0"
    }
  }
}