{
  "stats": {
    "suites": 1,
    "tests": 1,
    "passes": 1,
    "pending": 0,
    "failures": 0,
    "start": "2024-11-14T09:11:03.897Z",
    "end": "2024-11-14T09:11:04.352Z",
    "duration": 455,
    "testsRegistered": 1,
    "passPercent": 100,
    "pendingPercent": 0,
    "other": 0,
    "hasOther": false,
    "skipped": 0,
    "hasSkipped": false
  },
  "results": [
    {
      "uuid": "e2f70ada-7e99-40b1-aa24-d5e2e8a57938",
      "title": "",
      "fullFile": "cypress\\e2e\\apiTesting\\apiPostTest3.cy.js",
      "file": "cypress\\e2e\\apiTesting\\apiPostTest3.cy.js",
      "beforeHooks": [],
      "afterHooks": [],
      "tests": [],
      "suites": [
        {
          "uuid": "d9a2c7f8-86cf-4f97-9a89-7215c8138219",
          "title": "HTTP request",
          "fullFile": "",
          "file": "",
          "beforeHooks": [],
          "afterHooks": [],
          "tests": [
            {
              "title": "post call",
              "fullTitle": "HTTP request post call",
              "timedOut": null,
              "duration": 415,
              "state": "passed",
              "speed": "fast",
              "pass": true,
              "fail": false,
              "pending": false,
              "context": null,
              "code": "var pattern = \"ABCDEFGHIJKLMNOPQRSTUVWXYZabcdefghijklmnopqrstuvwxyz\";\nfor (let i = 0; i < 10; i++) {\n  randomText += pattern.charAt(Math.floor(Math.random() * pattern.length));\n}\ntestEmail = randomText + \"@gmail.com\";\ncy.request({\n  method: \"POST\",\n  url: \"https://gorest.co.in/public/v2/users\",\n  headers: {\n    authorization: \"Bearer f53d40996ec5d5ec1384e85d30575a8dc47941f7cd638580b0247b9b611f038e\"\n  },\n  body: {\n    name: \"hex\",\n    email: `${testEmail}`,\n    gender: \"male\",\n    status: \"active\"\n  }\n}).then(res => {\n  cy.log(JSON.stringify(res));\n  expect(res.status).to.eq(201);\n  expect(res.body).has.property(\"email\", `${testEmail}`);\n  expect(res.body).has.property(\"status\", \"active\");\n});",
              "err": {},
              "uuid": "c8fe25e1-e7b1-4474-bdd5-6a0196c55181",
              "parentUUID": "d9a2c7f8-86cf-4f97-9a89-7215c8138219",
              "isHook": false,
              "skipped": false
            }
          ],
          "suites": [],
          "passes": [
            "c8fe25e1-e7b1-4474-bdd5-6a0196c55181"
          ],
          "failures": [],
          "pending": [],
          "skipped": [],
          "duration": 415,
          "root": false,
          "rootEmpty": false,
          "_timeout": 2000
        }
      ],
      "passes": [],
      "failures": [],
      "pending": [],
      "skipped": [],
      "duration": 0,
      "root": true,
      "rootEmpty": true,
      "_timeout": 2000
    }
  ],
  "meta": {
    "mocha": {
      "version": "7.0.1"
    },
    "mochawesome": {
      "options": {
        "quiet": false,
        "reportFilename": "mochawesome",
        "saveHtml": false,
        "saveJson": true,
        "consoleReporter": "spec",
        "useInlineDiffs": false,
        "code": true
      },
      "version": "7.1.3"
    },
    "marge": {
      "options": {
        "overwrite": false,
        "html": false,
        "json": true,
        "reportDir": "cypress\\reports\\html\\.jsons"
      },
      "version": "6.2.0"
    }
  }
}