{
  "stats": {
    "suites": 1,
    "tests": 1,
    "passes": 1,
    "pending": 0,
    "failures": 0,
    "start": "2024-11-14T09:10:03.390Z",
    "end": "2024-11-14T09:10:07.608Z",
    "duration": 4218,
    "testsRegistered": 1,
    "passPercent": 100,
    "pendingPercent": 0,
    "other": 0,
    "hasOther": false,
    "skipped": 0,
    "hasSkipped": false
  },
  "results": [
    {
      "uuid": "9ad39cc2-a003-4a9c-8e9f-8f4d4c0345dd",
      "title": "",
      "fullFile": "cypress\\e2e\\response.cy.js",
      "file": "cypress\\e2e\\response.cy.js",
      "beforeHooks": [],
      "afterHooks": [],
      "tests": [],
      "suites": [
        {
          "uuid": "0022cf80-02a6-4d42-bd25-6c1d568aaf5f",
          "title": "http",
          "fullFile": "",
          "file": "",
          "beforeHooks": [],
          "afterHooks": [],
          "tests": [
            {
              "title": "post",
              "fullTitle": "http post",
              "timedOut": null,
              "duration": 4174,
              "state": "passed",
              "speed": "fast",
              "pass": true,
              "fail": false,
              "pending": false,
              "context": null,
              "code": "cy.request({\n  method: \"POST\",\n  url: \"https://jsonplaceholder.typicode.com/posts\",\n  body: {\n    title: \"post call\",\n    body: \"call\",\n    userID: 1\n  }\n}).its(\"status\").should(\"equal\", 201);",
              "err": {},
              "uuid": "aff1abb3-4eb9-4ff9-b474-afe65145a864",
              "parentUUID": "0022cf80-02a6-4d42-bd25-6c1d568aaf5f",
              "isHook": false,
              "skipped": false
            }
          ],
          "suites": [],
          "passes": [
            "aff1abb3-4eb9-4ff9-b474-afe65145a864"
          ],
          "failures": [],
          "pending": [],
          "skipped": [],
          "duration": 4174,
          "root": false,
          "rootEmpty": false,
          "_timeout": 2000
        }
      ],
      "passes": [],
      "failures": [],
      "pending": [],
      "skipped": [],
      "duration": 0,
      "root": true,
      "rootEmpty": true,
      "_timeout": 2000
    }
  ],
  "meta": {
    "mocha": {
      "version": "7.0.1"
    },
    "mochawesome": {
      "options": {
        "quiet": false,
        "reportFilename": "mochawesome",
        "saveHtml": false,
        "saveJson": true,
        "consoleReporter": "spec",
        "useInlineDiffs": false,
        "code": true
      },
      "version": "7.1.3"
    },
    "marge": {
      "options": {
        "overwrite": false,
        "html": false,
        "json": true,
        "reportDir": "cypress\\reports\\html\\.jsons"
      },
      "version": "6.2.0"
    }
  }
}