{
  "stats": {
    "suites": 1,
    "tests": 1,
    "passes": 1,
    "pending": 0,
    "failures": 0,
    "start": "2024-11-07T09:18:25.640Z",
    "end": "2024-11-07T09:18:36.408Z",
    "duration": 10768,
    "testsRegistered": 1,
    "passPercent": 100,
    "pendingPercent": 0,
    "other": 0,
    "hasOther": false,
    "skipped": 0,
    "hasSkipped": false
  },
  "results": [
    {
      "uuid": "029d097c-5846-47ba-95f0-b1e2b52be31c",
      "title": "",
      "fullFile": "cypress\\e2e\\xpath.cy.js",
      "file": "cypress\\e2e\\xpath.cy.js",
      "beforeHooks": [],
      "afterHooks": [],
      "tests": [],
      "suites": [
        {
          "uuid": "908a65d2-dab6-435f-8c3f-f2f9ca064b89",
          "title": "tempelate spec",
          "fullFile": "",
          "file": "",
          "beforeHooks": [],
          "afterHooks": [],
          "tests": [
            {
              "title": "scroll down",
              "fullTitle": "tempelate spec scroll down",
              "timedOut": null,
              "duration": 8488,
              "state": "passed",
              "speed": "medium",
              "pass": true,
              "fail": false,
              "pending": false,
              "context": null,
              "code": "// cy.visit(\"https://www.google.com/\");\n// cy.xpath(\"//a[normalize-space()='Images']\").click();\ncy.visit(\"https://opensource-demo.orangehrmlive.com/web/index.php/auth/login\");\ncy.xpath(\"//input[@placeholder='Username']\").type(\"Admin\");\ncy.xpath(\" //input[@placeholder='Password']\").type(\"admin123\");\ncy.xpath(\"//button[normalize-space()='Login']\").click();",
              "err": {},
              "uuid": "d356a983-3f68-453f-91e0-6e388bf8460c",
              "parentUUID": "908a65d2-dab6-435f-8c3f-f2f9ca064b89",
              "isHook": false,
              "skipped": false
            }
          ],
          "suites": [],
          "passes": [
            "d356a983-3f68-453f-91e0-6e388bf8460c"
          ],
          "failures": [],
          "pending": [],
          "skipped": [],
          "duration": 8488,
          "root": false,
          "rootEmpty": false,
          "_timeout": 2000
        }
      ],
      "passes": [],
      "failures": [],
      "pending": [],
      "skipped": [],
      "duration": 0,
      "root": true,
      "rootEmpty": true,
      "_timeout": 2000
    }
  ],
  "meta": {
    "mocha": {
      "version": "7.0.1"
    },
    "mochawesome": {
      "options": {
        "quiet": false,
        "reportFilename": "mochawesome",
        "saveHtml": false,
        "saveJson": true,
        "consoleReporter": "spec",
        "useInlineDiffs": false,
        "code": true
      },
      "version": "7.1.3"
    },
    "marge": {
      "options": {
        "overwrite": false,
        "html": false,
        "json": true,
        "reportDir": "cypress\\reports\\html\\.jsons"
      },
      "version": "6.2.0"
    }
  }
}