{
  "stats": {
    "suites": 1,
    "tests": 5,
    "passes": 4,
    "pending": 0,
    "failures": 1,
    "start": "2024-11-14T09:07:00.999Z",
    "end": "2024-11-14T09:07:49.050Z",
    "duration": 48051,
    "testsRegistered": 5,
    "passPercent": 80,
    "pendingPercent": 0,
    "other": 0,
    "hasOther": false,
    "skipped": 0,
    "hasSkipped": false
  },
  "results": [
    {
      "uuid": "73e7fb31-c3fb-4c44-8c5e-8cc00cda2408",
      "title": "",
      "fullFile": "cypress\\e2e\\asser3.cy.js",
      "file": "cypress\\e2e\\asser3.cy.js",
      "beforeHooks": [],
      "afterHooks": [],
      "tests": [],
      "suites": [
        {
          "uuid": "a6d58dfa-4d4b-47f8-9f2b-fa2a8af3d4ee",
          "title": "template spec",
          "fullFile": "",
          "file": "",
          "beforeHooks": [],
          "afterHooks": [],
          "tests": [
            {
              "title": "Link Testing - Courses",
              "fullTitle": "template spec Link Testing - Courses",
              "timedOut": null,
              "duration": 6914,
              "state": "passed",
              "speed": "medium",
              "pass": true,
              "fail": false,
              "pending": false,
              "context": null,
              "code": "cy.contains(\"Courses\").should(\"be.visible\").click();\ncy.wait(1000);\ncy.url().should(\"eq\", \"https://filiphric.com/courses\");\ncy.go(\"back\");\ncy.wait(500);",
              "err": {},
              "uuid": "3a37a333-9217-482b-8eda-f3d4e38074de",
              "parentUUID": "a6d58dfa-4d4b-47f8-9f2b-fa2a8af3d4ee",
              "isHook": false,
              "skipped": false
            },
            {
              "title": "Link Testing - Blog",
              "fullTitle": "template spec Link Testing - Blog",
              "timedOut": null,
              "duration": 4746,
              "state": "passed",
              "speed": "fast",
              "pass": true,
              "fail": false,
              "pending": false,
              "context": null,
              "code": "cy.contains(\"Blog\").should(\"be.visible\").click();\ncy.wait(1000);\ncy.url().should(\"eq\", \"https://filiphric.com/blog\");\ncy.go(\"back\");\ncy.wait(500);",
              "err": {},
              "uuid": "4413e4b7-e88d-4d6f-8ee7-faaddd3e20b7",
              "parentUUID": "a6d58dfa-4d4b-47f8-9f2b-fa2a8af3d4ee",
              "isHook": false,
              "skipped": false
            },
            {
              "title": "Link Testing - Workshops",
              "fullTitle": "template spec Link Testing - Workshops",
              "timedOut": null,
              "duration": 3662,
              "state": "passed",
              "speed": "fast",
              "pass": true,
              "fail": false,
              "pending": false,
              "context": null,
              "code": "cy.contains(\"Workshops\").should(\"be.visible\").click();\ncy.wait(1000);\ncy.url().should(\"eq\", \"https://filiphric.com/workshops\");\ncy.go(\"back\");\ncy.wait(500);",
              "err": {},
              "uuid": "968ba198-a0c8-4088-8507-3b5f2f8449d2",
              "parentUUID": "a6d58dfa-4d4b-47f8-9f2b-fa2a8af3d4ee",
              "isHook": false,
              "skipped": false
            },
            {
              "title": "Link Testing - Community",
              "fullTitle": "template spec Link Testing - Community",
              "timedOut": null,
              "duration": 20277,
              "state": "failed",
              "speed": null,
              "pass": false,
              "fail": true,
              "pending": false,
              "context": null,
              "code": "cy.contains(\"Community\").should(\"be.visible\").click();\ncy.wait(1000);\ncy.url().should(\"eq\", \"https://discord.com/invite/3MdvPfT\");\ncy.go(\"back\");\ncy.wait(500);",
              "err": {
                "message": "AssertionError: Timed out retrying after 4000ms: expected '' to equal 'https://discord.com/invite/3MdvPfT'",
                "estack": "AssertionError: Timed out retrying after 4000ms: expected '' to equal 'https://discord.com/invite/3MdvPfT'\n    at Context.eval (webpack://cy/./cypress/e2e/asser3.cy.js:65:13)",
                "diff": "+ 'https://discord.com/invite/3MdvPfT'\n"
              },
              "uuid": "aa8f4854-a9fe-49f2-8610-2c6ba31515fb",
              "parentUUID": "a6d58dfa-4d4b-47f8-9f2b-fa2a8af3d4ee",
              "isHook": false,
              "skipped": false
            },
            {
              "title": "Link Testing - About",
              "fullTitle": "template spec Link Testing - About",
              "timedOut": null,
              "duration": 6476,
              "state": "passed",
              "speed": "medium",
              "pass": true,
              "fail": false,
              "pending": false,
              "context": null,
              "code": "cy.contains(\"About\").should(\"be.visible\").click();\ncy.wait(1000);\ncy.url().should(\"eq\", \"https://filiphric.com/about\");\ncy.go(\"back\");\ncy.wait(500);",
              "err": {},
              "uuid": "6193a44d-1530-4576-a65f-a2ab6fbf4d3f",
              "parentUUID": "a6d58dfa-4d4b-47f8-9f2b-fa2a8af3d4ee",
              "isHook": false,
              "skipped": false
            }
          ],
          "suites": [],
          "passes": [
            "3a37a333-9217-482b-8eda-f3d4e38074de",
            "4413e4b7-e88d-4d6f-8ee7-faaddd3e20b7",
            "968ba198-a0c8-4088-8507-3b5f2f8449d2",
            "6193a44d-1530-4576-a65f-a2ab6fbf4d3f"
          ],
          "failures": [
            "aa8f4854-a9fe-49f2-8610-2c6ba31515fb"
          ],
          "pending": [],
          "skipped": [],
          "duration": 42075,
          "root": false,
          "rootEmpty": false,
          "_timeout": 2000
        }
      ],
      "passes": [],
      "failures": [],
      "pending": [],
      "skipped": [],
      "duration": 0,
      "root": true,
      "rootEmpty": true,
      "_timeout": 2000
    }
  ],
  "meta": {
    "mocha": {
      "version": "7.0.1"
    },
    "mochawesome": {
      "options": {
        "quiet": false,
        "reportFilename": "mochawesome",
        "saveHtml": false,
        "saveJson": true,
        "consoleReporter": "spec",
        "useInlineDiffs": false,
        "code": true
      },
      "version": "7.1.3"
    },
    "marge": {
      "options": {
        "overwrite": false,
        "html": false,
        "json": true,
        "reportDir": "cypress\\reports\\html\\.jsons"
      },
      "version": "6.2.0"
    }
  }
}