{
  "stats": {
    "suites": 1,
    "tests": 1,
    "passes": 1,
    "pending": 0,
    "failures": 0,
    "start": "2024-11-07T09:17:45.833Z",
    "end": "2024-11-07T09:18:01.493Z",
    "duration": 15660,
    "testsRegistered": 1,
    "passPercent": 100,
    "pendingPercent": 0,
    "other": 0,
    "hasOther": false,
    "skipped": 0,
    "hasSkipped": false
  },
  "results": [
    {
      "uuid": "c4bf4f97-d32a-4b68-93d1-ca575af8b209",
      "title": "",
      "fullFile": "cypress\\e2e\\record.cy.js",
      "file": "cypress\\e2e\\record.cy.js",
      "beforeHooks": [],
      "afterHooks": [],
      "tests": [],
      "suites": [
        {
          "uuid": "5d07d642-b591-48e6-8309-1d26ad032c3e",
          "title": "backup",
          "fullFile": "",
          "file": "",
          "beforeHooks": [],
          "afterHooks": [],
          "tests": [
            {
              "title": "tests backup",
              "fullTitle": "backup tests backup",
              "timedOut": null,
              "duration": 13591,
              "state": "passed",
              "speed": "slow",
              "pass": true,
              "fail": false,
              "pending": false,
              "context": null,
              "code": "cy.viewport(1018, 585);\ncy.visit(\"https://opensource-demo.orangehrmlive.com/web/index.php/auth/login\");\ncy.get(\"form > div:nth-of-type(1) input\").click();\ncy.get(\"form > div:nth-of-type(1) input\").type(\"Admin\");\ncy.get(\"form > div:nth-of-type(2) input\").click();\ncy.get(\"form > div:nth-of-type(2) input\").type(\"admin123\");\ncy.get(\"button\").click();\ncy.location(\"href\").should(\"eq\", \"https://opensource-demo.orangehrmlive.com/web/index.php/dashboard/index\");\ncy.get(\"li:nth-of-type(2) > a\").click();\ncy.location(\"href\").should(\"eq\", \"https://opensource-demo.orangehrmlive.com/web/index.php/pim/viewEmployeeList\");\ncy.get(\"div.oxd-topbar-header-userarea i\").click();\ncy.get(\"div.oxd-topbar-header li:nth-of-type(4) > a\").click();\ncy.location(\"href\").should(\"eq\", \"https://opensource-demo.orangehrmlive.com/web/index.php/auth/login\");",
              "err": {},
              "uuid": "d5e65b65-831c-47e7-942e-3ba04374566b",
              "parentUUID": "5d07d642-b591-48e6-8309-1d26ad032c3e",
              "isHook": false,
              "skipped": false
            }
          ],
          "suites": [],
          "passes": [
            "d5e65b65-831c-47e7-942e-3ba04374566b"
          ],
          "failures": [],
          "pending": [],
          "skipped": [],
          "duration": 13591,
          "root": false,
          "rootEmpty": false,
          "_timeout": 2000
        }
      ],
      "passes": [],
      "failures": [],
      "pending": [],
      "skipped": [],
      "duration": 0,
      "root": true,
      "rootEmpty": true,
      "_timeout": 2000
    }
  ],
  "meta": {
    "mocha": {
      "version": "7.0.1"
    },
    "mochawesome": {
      "options": {
        "quiet": false,
        "reportFilename": "mochawesome",
        "saveHtml": false,
        "saveJson": true,
        "consoleReporter": "spec",
        "useInlineDiffs": false,
        "code": true
      },
      "version": "7.1.3"
    },
    "marge": {
      "options": {
        "overwrite": false,
        "html": false,
        "json": true,
        "reportDir": "cypress\\reports\\html\\.jsons"
      },
      "version": "6.2.0"
    }
  }
}