{
  "stats": {
    "suites": 1,
    "tests": 1,
    "passes": 1,
    "pending": 0,
    "failures": 0,
    "start": "2024-11-07T09:18:11.096Z",
    "end": "2024-11-07T09:18:20.911Z",
    "duration": 9815,
    "testsRegistered": 1,
    "passPercent": 100,
    "pendingPercent": 0,
    "other": 0,
    "hasOther": false,
    "skipped": 0,
    "hasSkipped": false
  },
  "results": [
    {
      "uuid": "8f14e9b3-ccf7-4327-a626-8decc619745e",
      "title": "",
      "fullFile": "cypress\\e2e\\upload.cy.js",
      "file": "cypress\\e2e\\upload.cy.js",
      "beforeHooks": [],
      "afterHooks": [],
      "tests": [],
      "suites": [
        {
          "uuid": "506bd9d6-057a-464e-bc48-5381859f2e0c",
          "title": "cypress file upload",
          "fullFile": "",
          "file": "",
          "beforeHooks": [],
          "afterHooks": [],
          "tests": [
            {
              "title": "example to demostrate file upload",
              "fullTitle": "cypress file upload example to demostrate file upload",
              "timedOut": null,
              "duration": 6978,
              "state": "passed",
              "speed": "medium",
              "pass": true,
              "fail": false,
              "pending": false,
              "context": null,
              "code": "cy.get(\"input[type='file']\").attachFile(\"screenshot.png\");\ncy.get(\"#file-submit\").click();\ncy.get(\"#uploaded-files\").contains(\"screenshot.png\");",
              "err": {},
              "uuid": "608a2e37-7761-43e8-9c00-e3355e6efb24",
              "parentUUID": "506bd9d6-057a-464e-bc48-5381859f2e0c",
              "isHook": false,
              "skipped": false
            }
          ],
          "suites": [],
          "passes": [
            "608a2e37-7761-43e8-9c00-e3355e6efb24"
          ],
          "failures": [],
          "pending": [],
          "skipped": [],
          "duration": 6978,
          "root": false,
          "rootEmpty": false,
          "_timeout": 2000
        }
      ],
      "passes": [],
      "failures": [],
      "pending": [],
      "skipped": [],
      "duration": 0,
      "root": true,
      "rootEmpty": true,
      "_timeout": 2000
    }
  ],
  "meta": {
    "mocha": {
      "version": "7.0.1"
    },
    "mochawesome": {
      "options": {
        "quiet": false,
        "reportFilename": "mochawesome",
        "saveHtml": false,
        "saveJson": true,
        "consoleReporter": "spec",
        "useInlineDiffs": false,
        "code": true
      },
      "version": "7.1.3"
    },
    "marge": {
      "options": {
        "overwrite": false,
        "html": false,
        "json": true,
        "reportDir": "cypress\\reports\\html\\.jsons"
      },
      "version": "6.2.0"
    }
  }
}