{
  "stats": {
    "suites": 1,
    "tests": 1,
    "passes": 1,
    "pending": 0,
    "failures": 0,
    "start": "2024-11-16T06:13:59.094Z",
    "end": "2024-11-16T06:14:08.003Z",
    "duration": 8909,
    "testsRegistered": 1,
    "passPercent": 100,
    "pendingPercent": 0,
    "other": 0,
    "hasOther": false,
    "skipped": 0,
    "hasSkipped": false
  },
  "results": [
    {
      "uuid": "af4835d3-9af9-413f-9dcd-81e03b30eea6",
      "title": "",
      "fullFile": "cypress\\e2e\\dragAndDrop.cy.js",
      "file": "cypress\\e2e\\dragAndDrop.cy.js",
      "beforeHooks": [],
      "afterHooks": [],
      "tests": [],
      "suites": [
        {
          "uuid": "254b747c-d31c-44e9-a8e8-afe3f5a19a54",
          "title": "tempelate spec",
          "fullFile": "",
          "file": "",
          "beforeHooks": [],
          "afterHooks": [],
          "tests": [
            {
              "title": "actions commands",
              "fullTitle": "tempelate spec actions commands",
              "timedOut": null,
              "duration": 3842,
              "state": "passed",
              "speed": "fast",
              "pass": true,
              "fail": false,
              "pending": false,
              "context": null,
              "code": "cy.visit(\"http://www.dhtmlgoodies.com/scripts/drag-drop-custom/demo-drag-drop-3.html\");\ncy.get(\"#box106\").drag(\"#box106\", {\n  force: true\n});",
              "err": {},
              "uuid": "f6a29d32-d9ce-43b0-871d-ccf9c3bc2330",
              "parentUUID": "254b747c-d31c-44e9-a8e8-afe3f5a19a54",
              "isHook": false,
              "skipped": false
            }
          ],
          "suites": [],
          "passes": [
            "f6a29d32-d9ce-43b0-871d-ccf9c3bc2330"
          ],
          "failures": [],
          "pending": [],
          "skipped": [],
          "duration": 3842,
          "root": false,
          "rootEmpty": false,
          "_timeout": 2000
        }
      ],
      "passes": [],
      "failures": [],
      "pending": [],
      "skipped": [],
      "duration": 0,
      "root": true,
      "rootEmpty": true,
      "_timeout": 2000
    }
  ],
  "meta": {
    "mocha": {
      "version": "7.0.1"
    },
    "mochawesome": {
      "options": {
        "quiet": false,
        "reportFilename": "mochawesome",
        "saveHtml": true,
        "saveJson": true,
        "consoleReporter": "spec",
        "useInlineDiffs": false,
        "code": true
      },
      "version": "7.1.3"
    },
    "marge": {
      "options": {
        "reportDir": "cypress/results",
        "overwrite": false,
        "html": true,
        "json": true
      },
      "version": "6.2.0"
    }
  }
}