{
  "stats": {
    "suites": 1,
    "tests": 1,
    "passes": 1,
    "pending": 0,
    "failures": 0,
    "start": "2024-11-16T06:28:15.782Z",
    "end": "2024-11-16T06:28:54.411Z",
    "duration": 38629,
    "testsRegistered": 1,
    "passPercent": 100,
    "pendingPercent": 0,
    "other": 0,
    "hasOther": false,
    "skipped": 0,
    "hasSkipped": false
  },
  "results": [
    {
      "uuid": "d82dcbcf-9305-41c1-9dd8-dd5c9f63b85a",
      "title": "",
      "fullFile": "cypress\\e2e\\dropDown.cy.js",
      "file": "cypress\\e2e\\dropDown.cy.js",
      "beforeHooks": [],
      "afterHooks": [],
      "tests": [],
      "suites": [
        {
          "uuid": "89910306-dbc6-4e2a-82f1-a1c6a27be10e",
          "title": "drop down test suite",
          "fullFile": "",
          "file": "",
          "beforeHooks": [],
          "afterHooks": [],
          "tests": [
            {
              "title": "select Monaco",
              "fullTitle": "drop down test suite select Monaco",
              "timedOut": null,
              "duration": 35448,
              "state": "passed",
              "speed": "slow",
              "pass": true,
              "fail": false,
              "pending": false,
              "context": null,
              "code": "cy.visit(\"https://register.rediff.com/register/register.php\");\ncy.get('select[id=\"country\"]').select(\"140\").should(\"have.value\", 140).select(\"3\").should(\"have.value\", 3);",
              "err": {},
              "uuid": "9fabfc2d-44dc-4d90-9214-7705764ce7e6",
              "parentUUID": "89910306-dbc6-4e2a-82f1-a1c6a27be10e",
              "isHook": false,
              "skipped": false
            }
          ],
          "suites": [],
          "passes": [
            "9fabfc2d-44dc-4d90-9214-7705764ce7e6"
          ],
          "failures": [],
          "pending": [],
          "skipped": [],
          "duration": 35448,
          "root": false,
          "rootEmpty": false,
          "_timeout": 2000
        }
      ],
      "passes": [],
      "failures": [],
      "pending": [],
      "skipped": [],
      "duration": 0,
      "root": true,
      "rootEmpty": true,
      "_timeout": 2000
    }
  ],
  "meta": {
    "mocha": {
      "version": "7.0.1"
    },
    "mochawesome": {
      "options": {
        "quiet": false,
        "reportFilename": "mochawesome",
        "saveHtml": true,
        "saveJson": true,
        "consoleReporter": "spec",
        "useInlineDiffs": false,
        "code": true
      },
      "version": "7.1.3"
    },
    "marge": {
      "options": {
        "reportDir": "cypress/results",
        "overwrite": false,
        "html": true,
        "json": true
      },
      "version": "6.2.0"
    }
  }
}