{
  "stats": {
    "suites": 1,
    "tests": 1,
    "passes": 1,
    "pending": 0,
    "failures": 0,
    "start": "2024-11-16T06:32:37.340Z",
    "end": "2024-11-16T06:32:43.972Z",
    "duration": 6632,
    "testsRegistered": 1,
    "passPercent": 100,
    "pendingPercent": 0,
    "other": 0,
    "hasOther": false,
    "skipped": 0,
    "hasSkipped": false
  },
  "results": [
    {
      "uuid": "56e7fde8-95ec-4458-8b43-bb2444962dbf",
      "title": "",
      "fullFile": "cypress\\e2e\\sol5.cy.js",
      "file": "cypress\\e2e\\sol5.cy.js",
      "beforeHooks": [],
      "afterHooks": [],
      "tests": [],
      "suites": [
        {
          "uuid": "024f32ec-38c5-4e9f-acd4-ef708a6cd7c7",
          "title": "sol5",
          "fullFile": "",
          "file": "",
          "beforeHooks": [],
          "afterHooks": [],
          "tests": [
            {
              "title": "regression",
              "fullTitle": "sol5 regression",
              "timedOut": null,
              "duration": 4195,
              "state": "passed",
              "speed": "fast",
              "pass": true,
              "fail": false,
              "pending": false,
              "context": null,
              "code": "//login page\ncy.visit(\"https://www.saucedemo.com\");\ncy.xpath(\"//input[@id='user-name']\").type(\"standard_user\");\ncy.get(\"#password\").type(\"secret_sauce\");\ncy.get(\"#login-button\").click();\n//adding item to checkout\ncy.get(\"#add-to-cart-sauce-labs-backpack\").click();\ncy.get(\".shopping_cart_link\").click();\ncy.get(\"#checkout\").click();\n//checkout information\ncy.get(\"#first-name\").type(\"test\");\ncy.get(\"#last-name\").type(\"code\");\ncy.get(\"#postal-code\").type(\"123\");\ncy.get(\"#continue\").click();\n//bill\ncy.get(\"#finish\").click();\n//back to Home\ncy.get(\"#back-to-products\").click();",
              "err": {},
              "uuid": "3d31791c-14fa-474b-9b3b-cdc6c34f5cfb",
              "parentUUID": "024f32ec-38c5-4e9f-acd4-ef708a6cd7c7",
              "isHook": false,
              "skipped": false
            }
          ],
          "suites": [],
          "passes": [
            "3d31791c-14fa-474b-9b3b-cdc6c34f5cfb"
          ],
          "failures": [],
          "pending": [],
          "skipped": [],
          "duration": 4195,
          "root": false,
          "rootEmpty": false,
          "_timeout": 2000
        }
      ],
      "passes": [],
      "failures": [],
      "pending": [],
      "skipped": [],
      "duration": 0,
      "root": true,
      "rootEmpty": true,
      "_timeout": 2000
    }
  ],
  "meta": {
    "mocha": {
      "version": "7.0.1"
    },
    "mochawesome": {
      "options": {
        "quiet": false,
        "reportFilename": "mochawesome",
        "saveHtml": true,
        "saveJson": true,
        "consoleReporter": "spec",
        "useInlineDiffs": false,
        "code": true
      },
      "version": "7.1.3"
    },
    "marge": {
      "options": {
        "reportDir": "cypress/results",
        "overwrite": false,
        "html": true,
        "json": true
      },
      "version": "6.2.0"
    }
  }
}