{
  "stats": {
    "suites": 1,
    "tests": 1,
    "passes": 1,
    "pending": 0,
    "failures": 0,
    "start": "2024-11-16T06:32:28.574Z",
    "end": "2024-11-16T06:32:29.898Z",
    "duration": 1324,
    "testsRegistered": 1,
    "passPercent": 100,
    "pendingPercent": 0,
    "other": 0,
    "hasOther": false,
    "skipped": 0,
    "hasSkipped": false
  },
  "results": [
    {
      "uuid": "f0294311-2ca6-4500-97dc-96d7c46e9877",
      "title": "",
      "fullFile": "cypress\\e2e\\response.cy.js",
      "file": "cypress\\e2e\\response.cy.js",
      "beforeHooks": [],
      "afterHooks": [],
      "tests": [],
      "suites": [
        {
          "uuid": "8d8897a4-5d45-4d88-bf6c-49a0d0bc7104",
          "title": "http",
          "fullFile": "",
          "file": "",
          "beforeHooks": [],
          "afterHooks": [],
          "tests": [
            {
              "title": "post",
              "fullTitle": "http post",
              "timedOut": null,
              "duration": 1246,
              "state": "passed",
              "speed": "fast",
              "pass": true,
              "fail": false,
              "pending": false,
              "context": null,
              "code": "cy.request({\n  method: \"POST\",\n  url: \"https://jsonplaceholder.typicode.com/posts\",\n  body: {\n    title: \"post call\",\n    body: \"call\",\n    userID: 1\n  }\n}).its(\"status\").should(\"equal\", 201);",
              "err": {},
              "uuid": "5f4fad41-8329-4582-8ea1-e2bdeb113253",
              "parentUUID": "8d8897a4-5d45-4d88-bf6c-49a0d0bc7104",
              "isHook": false,
              "skipped": false
            }
          ],
          "suites": [],
          "passes": [
            "5f4fad41-8329-4582-8ea1-e2bdeb113253"
          ],
          "failures": [],
          "pending": [],
          "skipped": [],
          "duration": 1246,
          "root": false,
          "rootEmpty": false,
          "_timeout": 2000
        }
      ],
      "passes": [],
      "failures": [],
      "pending": [],
      "skipped": [],
      "duration": 0,
      "root": true,
      "rootEmpty": true,
      "_timeout": 2000
    }
  ],
  "meta": {
    "mocha": {
      "version": "7.0.1"
    },
    "mochawesome": {
      "options": {
        "quiet": false,
        "reportFilename": "mochawesome",
        "saveHtml": true,
        "saveJson": true,
        "consoleReporter": "spec",
        "useInlineDiffs": false,
        "code": true
      },
      "version": "7.1.3"
    },
    "marge": {
      "options": {
        "reportDir": "cypress/results",
        "overwrite": false,
        "html": true,
        "json": true
      },
      "version": "6.2.0"
    }
  }
}