{
  "stats": {
    "suites": 1,
    "tests": 1,
    "passes": 0,
    "pending": 0,
    "failures": 1,
    "start": "2024-11-16T06:33:41.508Z",
    "end": "2024-11-16T06:33:42.226Z",
    "duration": 718,
    "testsRegistered": 1,
    "passPercent": 0,
    "pendingPercent": 0,
    "other": 0,
    "hasOther": false,
    "skipped": 0,
    "hasSkipped": false
  },
  "results": [
    {
      "uuid": "aa6a78b5-d8e5-4c36-b42e-72521ead04b6",
      "title": "",
      "fullFile": "cypress\\e2e\\apiTesting\\apiPutTest5.cy.js",
      "file": "cypress\\e2e\\apiTesting\\apiPutTest5.cy.js",
      "beforeHooks": [],
      "afterHooks": [],
      "tests": [],
      "suites": [
        {
          "uuid": "bccf0701-9741-4f14-88f9-249b2afc037a",
          "title": "HTTP request",
          "fullFile": "",
          "file": "",
          "beforeHooks": [],
          "afterHooks": [],
          "tests": [
            {
              "title": "put call",
              "fullTitle": "HTTP request put call",
              "timedOut": null,
              "duration": 563,
              "state": "failed",
              "speed": null,
              "pass": false,
              "fail": true,
              "pending": false,
              "context": null,
              "code": "var pattern = \"ABCDEFGHIJKLMNOPQRSTUVWXYZabcdefghijklmnopqrstuvwxyz\";\nfor (let i = 0; i < 10; i++) {\n  randomText += pattern.charAt(Math.floor(Math.random() * pattern.length));\n}\ntestEmail = randomText + \"@gmail.com\";\ncy.request({\n  method: \"PUT\",\n  url: \"https://gorest.co.in/public/v2/users/7523649\",\n  headers: {\n    authorization: \"Bearer f53d40996ec5d5ec1384e85d30575a8dc47941f7cd638580b0247b9b611f038e\"\n  },\n  body: {\n    name: user.name,\n    email: testEmail,\n    gender: user.gender,\n    status: user.status\n  }\n}).then(res => {\n  cy.log(JSON.stringify(res));\n  expect(res.status).to.eq(200);\n  expect(res.body).has.property(\"email\", `${testEmail}`);\n  expect(res.body).has.property(\"status\", user.status);\n});",
              "err": {
                "message": "CypressError: `cy.request()` failed on:\n\nhttps://gorest.co.in/public/v2/users/7523649\n\nThe response we received from your web server was:\n\n  > 404: Not Found\n\nThis was considered a failure because the status code was not `2xx` or `3xx`.\n\nIf you do not want status codes to cause failures pass the option: `failOnStatusCode: false`\n\n-----------------------------------------------------------\n\nThe request we sent was:\n\nMethod: PUT\nURL: https://gorest.co.in/public/v2/users/7523649\nHeaders: {\n  \"Connection\": \"keep-alive\",\n  \"authorization\": \"Bearer f53d40996ec5d5ec1384e85d30575a8dc47941f7cd638580b0247b9b611f038e\",\n  \"user-agent\": \"Mozilla/5.0 (Windows NT 10.0; Win64; x64) AppleWebKit/537.36 (KHTML, like Gecko) Cypress/13.15.1 Chrome/118.0.5993.159 Electron/27.3.10 Safari/537.36\",\n  \"accept\": \"*/*\",\n  \"accept-encoding\": \"gzip, deflate\",\n  \"content-type\": \"application/json\",\n  \"content-length\": 82\n}\nBody: {\"name\":\"vision\",\"email\":\"CgdIPIgjwf@gmail.com\",\"gender\":\"male\",\"status\":\"active\"}\n\n-----------------------------------------------------------\n\nThe response we got was:\n\nStatus: 404 - Not Found\nHeaders: {\n  \"date\": \"Sat, 16 Nov 2024 06:33:41 GMT\",\n  \"content-type\": \"application/json; charset=utf-8\",\n  \"content-length\": \"32\",\n  \"connection\": \"keep-alive\",\n  \"cache-control\": \"no-cache\",\n  \"referrer-policy\": \"strict-origin-when-cross-origin\",\n  \"vary\": \"Origin\",\n  \"x-content-type-options\": \"nosniff\",\n  \"x-download-options\": \"noopen\",\n  \"x-frame-options\": \"SAMEORIGIN\",\n  \"x-permitted-cross-domain-policies\": \"none\",\n  \"x-ratelimit-limit\": \"90\",\n  \"x-ratelimit-remaining\": \"89\",\n  \"x-ratelimit-reset\": \"1\",\n  \"x-request-id\": \"6fc00566-6adc-4ab4-9f2c-191614664747\",\n  \"x-runtime\": \"0.072949\",\n  \"x-xss-protection\": \"0\",\n  \"cf-cache-status\": \"DYNAMIC\",\n  \"report-to\": \"{\\\"endpoints\\\":[{\\\"url\\\":\\\"https:\\\\/\\\\/a.nel.cloudflare.com\\\\/report\\\\/v4?s=nEssZTNMiKR828MB3eAf%2BAmbHtYIamVm63PW4Y4TODSv0ix3rI4myldvFy0kkX2aUKmihm3HfO%2BbUKGxuA8LRM4A7JZP8id%2B3T26%2FQXb3zCib9By4pUF3zoa2ctqcDc%3D\\\"}],\\\"group\\\":\\\"cf-nel\\\",\\\"max_age\\\":604800}\",\n  \"nel\": \"{\\\"success_fraction\\\":0,\\\"report_to\\\":\\\"cf-nel\\\",\\\"max_age\\\":604800}\",\n  \"server\": \"cloudflare\",\n  \"cf-ray\": \"8e3573732b035cd6-SIN\",\n  \"alt-svc\": \"h3=\\\":443\\\"; ma=86400\",\n  \"server-timing\": \"cfL4;desc=\\\"?proto=TCP&rtt=48953&sent=21&recv=18&lost=0&retrans=0&sent_bytes=11897&recv_bytes=4073&delivery_rate=88946&cwnd=257&unsent_bytes=0&cid=26364c2c3394ebb3&ts=25789&x=0\\\"\"\n}\nBody: {\n  \"message\": \"Resource not found\"\n}\n\n\nhttps://on.cypress.io/request",
                "estack": "CypressError: `cy.request()` failed on:\n\nhttps://gorest.co.in/public/v2/users/7523649\n\nThe response we received from your web server was:\n\n  > 404: Not Found\n\nThis was considered a failure because the status code was not `2xx` or `3xx`.\n\nIf you do not want status codes to cause failures pass the option: `failOnStatusCode: false`\n\n-----------------------------------------------------------\n\nThe request we sent was:\n\nMethod: PUT\nURL: https://gorest.co.in/public/v2/users/7523649\nHeaders: {\n  \"Connection\": \"keep-alive\",\n  \"authorization\": \"Bearer f53d40996ec5d5ec1384e85d30575a8dc47941f7cd638580b0247b9b611f038e\",\n  \"user-agent\": \"Mozilla/5.0 (Windows NT 10.0; Win64; x64) AppleWebKit/537.36 (KHTML, like Gecko) Cypress/13.15.1 Chrome/118.0.5993.159 Electron/27.3.10 Safari/537.36\",\n  \"accept\": \"*/*\",\n  \"accept-encoding\": \"gzip, deflate\",\n  \"content-type\": \"application/json\",\n  \"content-length\": 82\n}\nBody: {\"name\":\"vision\",\"email\":\"CgdIPIgjwf@gmail.com\",\"gender\":\"male\",\"status\":\"active\"}\n\n-----------------------------------------------------------\n\nThe response we got was:\n\nStatus: 404 - Not Found\nHeaders: {\n  \"date\": \"Sat, 16 Nov 2024 06:33:41 GMT\",\n  \"content-type\": \"application/json; charset=utf-8\",\n  \"content-length\": \"32\",\n  \"connection\": \"keep-alive\",\n  \"cache-control\": \"no-cache\",\n  \"referrer-policy\": \"strict-origin-when-cross-origin\",\n  \"vary\": \"Origin\",\n  \"x-content-type-options\": \"nosniff\",\n  \"x-download-options\": \"noopen\",\n  \"x-frame-options\": \"SAMEORIGIN\",\n  \"x-permitted-cross-domain-policies\": \"none\",\n  \"x-ratelimit-limit\": \"90\",\n  \"x-ratelimit-remaining\": \"89\",\n  \"x-ratelimit-reset\": \"1\",\n  \"x-request-id\": \"6fc00566-6adc-4ab4-9f2c-191614664747\",\n  \"x-runtime\": \"0.072949\",\n  \"x-xss-protection\": \"0\",\n  \"cf-cache-status\": \"DYNAMIC\",\n  \"report-to\": \"{\\\"endpoints\\\":[{\\\"url\\\":\\\"https:\\\\/\\\\/a.nel.cloudflare.com\\\\/report\\\\/v4?s=nEssZTNMiKR828MB3eAf%2BAmbHtYIamVm63PW4Y4TODSv0ix3rI4myldvFy0kkX2aUKmihm3HfO%2BbUKGxuA8LRM4A7JZP8id%2B3T26%2FQXb3zCib9By4pUF3zoa2ctqcDc%3D\\\"}],\\\"group\\\":\\\"cf-nel\\\",\\\"max_age\\\":604800}\",\n  \"nel\": \"{\\\"success_fraction\\\":0,\\\"report_to\\\":\\\"cf-nel\\\",\\\"max_age\\\":604800}\",\n  \"server\": \"cloudflare\",\n  \"cf-ray\": \"8e3573732b035cd6-SIN\",\n  \"alt-svc\": \"h3=\\\":443\\\"; ma=86400\",\n  \"server-timing\": \"cfL4;desc=\\\"?proto=TCP&rtt=48953&sent=21&recv=18&lost=0&retrans=0&sent_bytes=11897&recv_bytes=4073&delivery_rate=88946&cwnd=257&unsent_bytes=0&cid=26364c2c3394ebb3&ts=25789&x=0\\\"\"\n}\nBody: {\n  \"message\": \"Resource not found\"\n}\n\n\nhttps://on.cypress.io/request\n    at <unknown> (http://localhost:65245/__cypress/runner/cypress_runner.js:132719:72)\n    at tryCatcher (http://localhost:65245/__cypress/runner/cypress_runner.js:1807:23)\n    at Promise._settlePromiseFromHandler (http://localhost:65245/__cypress/runner/cypress_runner.js:1519:31)\n    at Promise._settlePromise (http://localhost:65245/__cypress/runner/cypress_runner.js:1576:18)\n    at Promise._settlePromise0 (http://localhost:65245/__cypress/runner/cypress_runner.js:1621:10)\n    at Promise._settlePromises (http://localhost:65245/__cypress/runner/cypress_runner.js:1701:18)\n    at _drainQueueStep (http://localhost:65245/__cypress/runner/cypress_runner.js:2407:12)\n    at _drainQueue (http://localhost:65245/__cypress/runner/cypress_runner.js:2400:9)\n    at Async._drainQueues (http://localhost:65245/__cypress/runner/cypress_runner.js:2416:5)\n    at Async.drainQueues (http://localhost:65245/__cypress/runner/cypress_runner.js:2286:14)\nFrom Your Spec Code:\n    at Context.eval (webpack://cy/./cypress/e2e/apiTesting/apiPutTest5.cy.js:12:7)",
                "diff": null
              },
              "uuid": "24c061b6-b688-469b-9c8d-29cf36ec5951",
              "parentUUID": "bccf0701-9741-4f14-88f9-249b2afc037a",
              "isHook": false,
              "skipped": false
            }
          ],
          "suites": [],
          "passes": [],
          "failures": [
            "24c061b6-b688-469b-9c8d-29cf36ec5951"
          ],
          "pending": [],
          "skipped": [],
          "duration": 563,
          "root": false,
          "rootEmpty": false,
          "_timeout": 2000
        }
      ],
      "passes": [],
      "failures": [],
      "pending": [],
      "skipped": [],
      "duration": 0,
      "root": true,
      "rootEmpty": true,
      "_timeout": 2000
    }
  ],
  "meta": {
    "mocha": {
      "version": "7.0.1"
    },
    "mochawesome": {
      "options": {
        "quiet": false,
        "reportFilename": "mochawesome",
        "saveHtml": true,
        "saveJson": true,
        "consoleReporter": "spec",
        "useInlineDiffs": false,
        "code": true
      },
      "version": "7.1.3"
    },
    "marge": {
      "options": {
        "reportDir": "cypress/results",
        "overwrite": false,
        "html": true,
        "json": true
      },
      "version": "6.2.0"
    }
  }
}