{
  "stats": {
    "suites": 1,
    "tests": 1,
    "passes": 1,
    "pending": 0,
    "failures": 0,
    "start": "2024-11-16T06:33:04.259Z",
    "end": "2024-11-16T06:33:12.040Z",
    "duration": 7781,
    "testsRegistered": 1,
    "passPercent": 100,
    "pendingPercent": 0,
    "other": 0,
    "hasOther": false,
    "skipped": 0,
    "hasSkipped": false
  },
  "results": [
    {
      "uuid": "40ca878c-5fba-44b1-bc84-15bc62e68ccc",
      "title": "",
      "fullFile": "cypress\\e2e\\xpath.cy.js",
      "file": "cypress\\e2e\\xpath.cy.js",
      "beforeHooks": [],
      "afterHooks": [],
      "tests": [],
      "suites": [
        {
          "uuid": "894127df-01de-4d42-90d5-3889f79cf9d8",
          "title": "tempelate spec",
          "fullFile": "",
          "file": "",
          "beforeHooks": [],
          "afterHooks": [],
          "tests": [
            {
              "title": "scroll down",
              "fullTitle": "tempelate spec scroll down",
              "timedOut": null,
              "duration": 5110,
              "state": "passed",
              "speed": "medium",
              "pass": true,
              "fail": false,
              "pending": false,
              "context": null,
              "code": "// cy.visit(\"https://www.google.com/\");\n// cy.xpath(\"//a[normalize-space()='Images']\").click();\ncy.visit(\"https://opensource-demo.orangehrmlive.com/web/index.php/auth/login\");\ncy.xpath(\"//input[@placeholder='Username']\").type(\"Admin\");\ncy.xpath(\" //input[@placeholder='Password']\").type(\"admin123\");\ncy.xpath(\"//button[normalize-space()='Login']\").click();",
              "err": {},
              "uuid": "329533b8-a925-4e7c-a82b-d30b485aa67c",
              "parentUUID": "894127df-01de-4d42-90d5-3889f79cf9d8",
              "isHook": false,
              "skipped": false
            }
          ],
          "suites": [],
          "passes": [
            "329533b8-a925-4e7c-a82b-d30b485aa67c"
          ],
          "failures": [],
          "pending": [],
          "skipped": [],
          "duration": 5110,
          "root": false,
          "rootEmpty": false,
          "_timeout": 2000
        }
      ],
      "passes": [],
      "failures": [],
      "pending": [],
      "skipped": [],
      "duration": 0,
      "root": true,
      "rootEmpty": true,
      "_timeout": 2000
    }
  ],
  "meta": {
    "mocha": {
      "version": "7.0.1"
    },
    "mochawesome": {
      "options": {
        "quiet": false,
        "reportFilename": "mochawesome",
        "saveHtml": true,
        "saveJson": true,
        "consoleReporter": "spec",
        "useInlineDiffs": false,
        "code": true
      },
      "version": "7.1.3"
    },
    "marge": {
      "options": {
        "reportDir": "cypress/results",
        "overwrite": false,
        "html": true,
        "json": true
      },
      "version": "6.2.0"
    }
  }
}