{
  "stats": {
    "suites": 1,
    "tests": 1,
    "passes": 0,
    "pending": 0,
    "failures": 1,
    "start": "2024-11-16T06:12:35.526Z",
    "end": "2024-11-16T06:12:36.184Z",
    "duration": 658,
    "testsRegistered": 1,
    "passPercent": 0,
    "pendingPercent": 0,
    "other": 0,
    "hasOther": false,
    "skipped": 0,
    "hasSkipped": false
  },
  "results": [
    {
      "uuid": "ea41b041-7ae5-4428-ab9b-e789a3a9313f",
      "title": "",
      "fullFile": "cypress\\e2e\\assertion.cy.js",
      "file": "cypress\\e2e\\assertion.cy.js",
      "beforeHooks": [],
      "afterHooks": [],
      "tests": [],
      "suites": [
        {
          "uuid": "12df7ea7-57b6-4ba4-85c5-3950b832685c",
          "title": "url",
          "fullFile": "",
          "file": "",
          "beforeHooks": [],
          "afterHooks": [],
          "tests": [
            {
              "title": "check aeertion",
              "fullTitle": "url check aeertion",
              "timedOut": null,
              "duration": 404,
              "state": "failed",
              "speed": null,
              "pass": false,
              "fail": true,
              "pending": false,
              "context": null,
              "code": "cy.visit(\"https://opensource-demo.orangehrmlive.com/web/index.php/auth/login\");\n// cy.url()\n//   .should(\"include\", \"orangehrmlive.com\")\n//   .should(\n//     \"eq\",\n//     \"https://opensource-demo.orangehrmlive.com/web/index.php/auth/login\"\n//   )\n//   .should(\"contain\", \"orangehrm\");\n// cy.url()\n//   .should(\"include\", \"orangehrmlive.com\")\n//   .and(\n//     \"eq\",\n//     \"https://opensource-demo.orangehrmlive.com/web/index.php/auth/login\"\n//   )\n//   .and(\"contain\", \"orangehrm\")\n//   .and(\"not.contain\", \"orangehrm1\")\n//   .and(\"not.include\", \"orangehrmlive1.com\")\n//   .and(\n//     \"not.eq\",\n//     \"https://opensource-demo1.orangehrmlive.com/web/index.php/auth/login\"\n//   );\n// cy.title()\n//   .should(\"include\", \"Orange\")\n//   .and(\"eq\", \"OrangeHRM\")\n//   .and(\"contain\", \"HRM\");\n// cy.get(\".orangehrm-login-branding > img\").should(\"be.visible\").and(\"exist\");\n// cy.get(\"input[placeholder='Username']\").type(\"Admin\");\n// cy.get(\"input[placeholder='Password']\").type(\"admin123\");\n// cy.get(\"button[type='submit']\").click();\n// let expName = \"xyz\";\n// cy.get(\".oxd-userdropdown-name\").then((x) => {\n//   let actName = x.text();\n//   expect(actName).to.equal(expName);\n//   expect(actName).to.not.equal(expName);\n//   assert.equal(actName, expName);\n// });\n// cy.visit(\n//   \"https://opensource-demo.orangehrmlive.com/web/index.php/auth/login\"\n// );\n// cy.get(\"input[placeholder='Username']\").type(\"Admin1\");\n// cy.get(\"input[placeholder='Username']\").should(\"have.value\", \"Admin1\");\n// cy.get(\"input[placeholder='Username']\")\n//   .clear()\n//   .type(\"Admin\")\n//   .should(\"have.value\", \"Admin\");\n// cy.visit(\n//   \"https://opensource-demo.orangehrmlive.com/web/index.php/auth/login\"\n// );\n// cy.get(\".orangehrm-login-form\").within(() => {\n//   cy.get(\"input[placeholder='Username']\").should(\n//     \"have.attr\",\n//     \"placeholder\",\n//     \"Username\"\n//   );\n//   cy.get(\"input[placeholder='Password']\").should(\n//     \"have.attr\",\n//     \"placeholder\",\n//     \"Password\"\n//   );\n// });\nbeforeEach(() => {});\ncy.vist(\"https://filiphric.com/testing-links-with-cypress\");\ncy.contains(\"blog\").click();\ncy.go(\"back\");",
              "err": {
                "message": "CypressError: Cypress detected you registered a(n) `beforeEach` hook while a test was running (possibly a hook nested inside another hook). All hooks must be registered before a test begins executing.\n\nMove the `beforeEach` into a suite callback or the global scope.",
                "estack": "CypressError: Cypress detected you registered a(n) `beforeEach` hook while a test was running (possibly a hook nested inside another hook). All hooks must be registered before a test begins executing.\n\nMove the `beforeEach` into a suite callback or the global scope.\n    at cypressErr (http://localhost:62202/__cypress/runner/cypress_runner.js:75898:18)\n    at Object.errByPath (http://localhost:62202/__cypress/runner/cypress_runner.js:75952:10)\n    at Suite._createHook (http://localhost:62202/__cypress/runner/cypress_runner.js:145477:76)\n    at Suite.beforeEach (http://localhost:62202/__cypress/runner/cypress_runner.js:157232:19)\n    at Suite.<computed> [as beforeEach] (http://localhost:62202/__cypress/runner/cypress_runner.js:145485:23)\n    at beforeEach (http://localhost:62202/__cypress/runner/cypress_runner.js:160666:17)\nFrom Your Spec Code:\n    at Context.eval (webpack://cy/./cypress/e2e/assertion.cy.js:66:4)",
                "diff": null
              },
              "uuid": "a859c065-6413-4bd9-b878-c88afd7a45a1",
              "parentUUID": "12df7ea7-57b6-4ba4-85c5-3950b832685c",
              "isHook": false,
              "skipped": false
            }
          ],
          "suites": [],
          "passes": [],
          "failures": [
            "a859c065-6413-4bd9-b878-c88afd7a45a1"
          ],
          "pending": [],
          "skipped": [],
          "duration": 404,
          "root": false,
          "rootEmpty": false,
          "_timeout": 2000
        }
      ],
      "passes": [],
      "failures": [],
      "pending": [],
      "skipped": [],
      "duration": 0,
      "root": true,
      "rootEmpty": true,
      "_timeout": 2000
    }
  ],
  "meta": {
    "mocha": {
      "version": "7.0.1"
    },
    "mochawesome": {
      "options": {
        "quiet": false,
        "reportFilename": "mochawesome",
        "saveHtml": true,
        "saveJson": true,
        "consoleReporter": "spec",
        "useInlineDiffs": false,
        "code": true
      },
      "version": "7.1.3"
    },
    "marge": {
      "options": {
        "reportDir": "cypress/results",
        "overwrite": false,
        "html": true,
        "json": true
      },
      "version": "6.2.0"
    }
  }
}