{
  "stats": {
    "suites": 1,
    "tests": 2,
    "passes": 1,
    "pending": 0,
    "failures": 1,
    "start": "2024-11-16T06:33:21.670Z",
    "end": "2024-11-16T06:33:24.532Z",
    "duration": 2862,
    "testsRegistered": 2,
    "passPercent": 50,
    "pendingPercent": 0,
    "other": 0,
    "hasOther": false,
    "skipped": 0,
    "hasSkipped": false
  },
  "results": [
    {
      "uuid": "19b0ff43-d6c3-4663-9991-b5cccefd9075",
      "title": "",
      "fullFile": "cypress\\e2e\\apiTesting\\apiGetTest.cy.js",
      "file": "cypress\\e2e\\apiTesting\\apiGetTest.cy.js",
      "beforeHooks": [],
      "afterHooks": [],
      "tests": [],
      "suites": [
        {
          "uuid": "74e024c3-ae09-4a96-8b50-cc8404cbd9d3",
          "title": "HTTP request",
          "fullFile": "",
          "file": "",
          "beforeHooks": [],
          "afterHooks": [],
          "tests": [
            {
              "title": "Get Call",
              "fullTitle": "HTTP request Get Call",
              "timedOut": null,
              "duration": 362,
              "state": "passed",
              "speed": "fast",
              "pass": true,
              "fail": false,
              "pending": false,
              "context": null,
              "code": "cy.request({\n  method: \"GET\",\n  url: \"https://gorest.co.in/public/v2/users\",\n  headers: {\n    authorization: accessToken\n  }\n}).then(res => {\n  cy.log(JSON.stringify(res));\n  expect(res.status).to.eq(200);\n});",
              "err": {},
              "uuid": "d81d91ab-74d2-48a2-9649-773f911dbb6f",
              "parentUUID": "74e024c3-ae09-4a96-8b50-cc8404cbd9d3",
              "isHook": false,
              "skipped": false
            },
            {
              "title": "Get request for id",
              "fullTitle": "HTTP request Get request for id",
              "timedOut": null,
              "duration": 2244,
              "state": "failed",
              "speed": null,
              "pass": false,
              "fail": true,
              "pending": false,
              "context": null,
              "code": "cy.request({\n  method: \"GET\",\n  url: \"https://gorest.co.in/public/v2/users/7522240\",\n  headers: {\n    authorization: accessToken\n  }\n}).then(res => {\n  cy.log(JSON.stringify(res));\n  expect(res.status).to.eq(200);\n});",
              "err": {
                "message": "CypressError: `cy.request()` failed on:\n\nhttps://gorest.co.in/public/v2/users/7522240\n\nThe response we received from your web server was:\n\n  > 404: Not Found\n\nThis was considered a failure because the status code was not `2xx` or `3xx`.\n\nIf you do not want status codes to cause failures pass the option: `failOnStatusCode: false`\n\n-----------------------------------------------------------\n\nThe request we sent was:\n\nMethod: GET\nURL: https://gorest.co.in/public/v2/users/7522240\nHeaders: {\n  \"Connection\": \"keep-alive\",\n  \"authorization\": \"Bearer f53d40996ec5d5ec1384e85d30575a8dc47941f7cd638580b0247b9b611f038e\",\n  \"user-agent\": \"Mozilla/5.0 (Windows NT 10.0; Win64; x64) AppleWebKit/537.36 (KHTML, like Gecko) Cypress/13.15.1 Chrome/118.0.5993.159 Electron/27.3.10 Safari/537.36\",\n  \"accept\": \"*/*\",\n  \"accept-encoding\": \"gzip, deflate\"\n}\n\n-----------------------------------------------------------\n\nThe response we got was:\n\nStatus: 404 - Not Found\nHeaders: {\n  \"date\": \"Sat, 16 Nov 2024 06:33:22 GMT\",\n  \"content-type\": \"application/json; charset=utf-8\",\n  \"content-length\": \"32\",\n  \"connection\": \"keep-alive\",\n  \"cache-control\": \"no-cache\",\n  \"referrer-policy\": \"strict-origin-when-cross-origin\",\n  \"vary\": \"Origin\",\n  \"x-content-type-options\": \"nosniff\",\n  \"x-download-options\": \"noopen\",\n  \"x-frame-options\": \"SAMEORIGIN\",\n  \"x-permitted-cross-domain-policies\": \"none\",\n  \"x-ratelimit-limit\": \"90\",\n  \"x-ratelimit-remaining\": \"89\",\n  \"x-ratelimit-reset\": \"2\",\n  \"x-request-id\": \"52dd61cf-df08-49ea-990a-3ce17daf1231\",\n  \"x-runtime\": \"0.045200\",\n  \"x-xss-protection\": \"0\",\n  \"cf-cache-status\": \"DYNAMIC\",\n  \"report-to\": \"{\\\"endpoints\\\":[{\\\"url\\\":\\\"https:\\\\/\\\\/a.nel.cloudflare.com\\\\/report\\\\/v4?s=6Q7Js2EHE%2BnAnGJDUfD6%2F1bZ0OABwEuTfXk%2BcwBRPOXdu3wHnGISMo9jDOHyN7I2ZOnZcMZNbIR%2BodGFlJG%2FbBUll0fIeL3jT%2FlMn5HY6JrvEXqPa9jN1TYV2iLHyLk%3D\\\"}],\\\"group\\\":\\\"cf-nel\\\",\\\"max_age\\\":604800}\",\n  \"nel\": \"{\\\"success_fraction\\\":0,\\\"report_to\\\":\\\"cf-nel\\\",\\\"max_age\\\":604800}\",\n  \"server\": \"cloudflare\",\n  \"cf-ray\": \"8e3572f98f885cd6-SIN\",\n  \"alt-svc\": \"h3=\\\":443\\\"; ma=86400\",\n  \"server-timing\": \"cfL4;desc=\\\"?proto=TCP&rtt=34708&sent=11&recv=10&lost=0&retrans=0&sent_bytes=6587&recv_bytes=1839&delivery_rate=88946&cwnd=256&unsent_bytes=0&cid=26364c2c3394ebb3&ts=6299&x=0\\\"\"\n}\nBody: {\n  \"message\": \"Resource not found\"\n}\n\n\nhttps://on.cypress.io/request",
                "estack": "CypressError: `cy.request()` failed on:\n\nhttps://gorest.co.in/public/v2/users/7522240\n\nThe response we received from your web server was:\n\n  > 404: Not Found\n\nThis was considered a failure because the status code was not `2xx` or `3xx`.\n\nIf you do not want status codes to cause failures pass the option: `failOnStatusCode: false`\n\n-----------------------------------------------------------\n\nThe request we sent was:\n\nMethod: GET\nURL: https://gorest.co.in/public/v2/users/7522240\nHeaders: {\n  \"Connection\": \"keep-alive\",\n  \"authorization\": \"Bearer f53d40996ec5d5ec1384e85d30575a8dc47941f7cd638580b0247b9b611f038e\",\n  \"user-agent\": \"Mozilla/5.0 (Windows NT 10.0; Win64; x64) AppleWebKit/537.36 (KHTML, like Gecko) Cypress/13.15.1 Chrome/118.0.5993.159 Electron/27.3.10 Safari/537.36\",\n  \"accept\": \"*/*\",\n  \"accept-encoding\": \"gzip, deflate\"\n}\n\n-----------------------------------------------------------\n\nThe response we got was:\n\nStatus: 404 - Not Found\nHeaders: {\n  \"date\": \"Sat, 16 Nov 2024 06:33:22 GMT\",\n  \"content-type\": \"application/json; charset=utf-8\",\n  \"content-length\": \"32\",\n  \"connection\": \"keep-alive\",\n  \"cache-control\": \"no-cache\",\n  \"referrer-policy\": \"strict-origin-when-cross-origin\",\n  \"vary\": \"Origin\",\n  \"x-content-type-options\": \"nosniff\",\n  \"x-download-options\": \"noopen\",\n  \"x-frame-options\": \"SAMEORIGIN\",\n  \"x-permitted-cross-domain-policies\": \"none\",\n  \"x-ratelimit-limit\": \"90\",\n  \"x-ratelimit-remaining\": \"89\",\n  \"x-ratelimit-reset\": \"2\",\n  \"x-request-id\": \"52dd61cf-df08-49ea-990a-3ce17daf1231\",\n  \"x-runtime\": \"0.045200\",\n  \"x-xss-protection\": \"0\",\n  \"cf-cache-status\": \"DYNAMIC\",\n  \"report-to\": \"{\\\"endpoints\\\":[{\\\"url\\\":\\\"https:\\\\/\\\\/a.nel.cloudflare.com\\\\/report\\\\/v4?s=6Q7Js2EHE%2BnAnGJDUfD6%2F1bZ0OABwEuTfXk%2BcwBRPOXdu3wHnGISMo9jDOHyN7I2ZOnZcMZNbIR%2BodGFlJG%2FbBUll0fIeL3jT%2FlMn5HY6JrvEXqPa9jN1TYV2iLHyLk%3D\\\"}],\\\"group\\\":\\\"cf-nel\\\",\\\"max_age\\\":604800}\",\n  \"nel\": \"{\\\"success_fraction\\\":0,\\\"report_to\\\":\\\"cf-nel\\\",\\\"max_age\\\":604800}\",\n  \"server\": \"cloudflare\",\n  \"cf-ray\": \"8e3572f98f885cd6-SIN\",\n  \"alt-svc\": \"h3=\\\":443\\\"; ma=86400\",\n  \"server-timing\": \"cfL4;desc=\\\"?proto=TCP&rtt=34708&sent=11&recv=10&lost=0&retrans=0&sent_bytes=6587&recv_bytes=1839&delivery_rate=88946&cwnd=256&unsent_bytes=0&cid=26364c2c3394ebb3&ts=6299&x=0\\\"\"\n}\nBody: {\n  \"message\": \"Resource not found\"\n}\n\n\nhttps://on.cypress.io/request\n    at <unknown> (http://localhost:65245/__cypress/runner/cypress_runner.js:132719:72)\n    at tryCatcher (http://localhost:65245/__cypress/runner/cypress_runner.js:1807:23)\n    at Promise._settlePromiseFromHandler (http://localhost:65245/__cypress/runner/cypress_runner.js:1519:31)\n    at Promise._settlePromise (http://localhost:65245/__cypress/runner/cypress_runner.js:1576:18)\n    at Promise._settlePromise0 (http://localhost:65245/__cypress/runner/cypress_runner.js:1621:10)\n    at Promise._settlePromises (http://localhost:65245/__cypress/runner/cypress_runner.js:1701:18)\n    at _drainQueueStep (http://localhost:65245/__cypress/runner/cypress_runner.js:2407:12)\n    at _drainQueue (http://localhost:65245/__cypress/runner/cypress_runner.js:2400:9)\n    at Async._drainQueues (http://localhost:65245/__cypress/runner/cypress_runner.js:2416:5)\n    at Async.drainQueues (http://localhost:65245/__cypress/runner/cypress_runner.js:2286:14)\nFrom Your Spec Code:\n    at Context.eval (webpack://cy/./cypress/e2e/apiTesting/apiGetTest.cy.js:20:7)",
                "diff": null
              },
              "uuid": "0c26ca56-3f93-4f27-8d94-f4874f526e7c",
              "parentUUID": "74e024c3-ae09-4a96-8b50-cc8404cbd9d3",
              "isHook": false,
              "skipped": false
            }
          ],
          "suites": [],
          "passes": [
            "d81d91ab-74d2-48a2-9649-773f911dbb6f"
          ],
          "failures": [
            "0c26ca56-3f93-4f27-8d94-f4874f526e7c"
          ],
          "pending": [],
          "skipped": [],
          "duration": 2606,
          "root": false,
          "rootEmpty": false,
          "_timeout": 2000
        }
      ],
      "passes": [],
      "failures": [],
      "pending": [],
      "skipped": [],
      "duration": 0,
      "root": true,
      "rootEmpty": true,
      "_timeout": 2000
    }
  ],
  "meta": {
    "mocha": {
      "version": "7.0.1"
    },
    "mochawesome": {
      "options": {
        "quiet": false,
        "reportFilename": "mochawesome",
        "saveHtml": true,
        "saveJson": true,
        "consoleReporter": "spec",
        "useInlineDiffs": false,
        "code": true
      },
      "version": "7.1.3"
    },
    "marge": {
      "options": {
        "reportDir": "cypress/results",
        "overwrite": false,
        "html": true,
        "json": true
      },
      "version": "6.2.0"
    }
  }
}