{
  "stats": {
    "suites": 0,
    "tests": 2,
    "passes": 1,
    "pending": 0,
    "failures": 1,
    "start": "2024-11-16T06:14:22.209Z",
    "end": "2024-11-16T06:14:33.675Z",
    "duration": 11466,
    "testsRegistered": 2,
    "passPercent": 50,
    "pendingPercent": 0,
    "other": 0,
    "hasOther": false,
    "skipped": 0,
    "hasSkipped": false
  },
  "results": [
    {
      "uuid": "284774bb-2683-4bb6-ba00-2e1fc4e144d7",
      "title": "",
      "fullFile": "cypress\\e2e\\dsa.cy.js",
      "file": "cypress\\e2e\\dsa.cy.js",
      "beforeHooks": [],
      "afterHooks": [],
      "tests": [
        {
          "title": "asd",
          "fullTitle": "asd",
          "timedOut": null,
          "duration": 6638,
          "state": "passed",
          "speed": "medium",
          "pass": true,
          "fail": false,
          "pending": false,
          "context": null,
          "code": "cy.visit(\"https://opensource-demo.orangehrmlive.com/web/index.php/auth/login\");\n//fill in the login form and submit\ncy.get(\"input[placeholder='Username']\").type(\"Admin\");\ncy.get(\"input[placeholder='Password']\").type(\"admin123\");\ncy.get(\"button[type='submit']\").click();",
          "err": {},
          "uuid": "fdbc04fd-21b6-456e-94b6-a547d70628bd",
          "parentUUID": "284774bb-2683-4bb6-ba00-2e1fc4e144d7",
          "isHook": false,
          "skipped": false
        },
        {
          "title": "logo",
          "fullTitle": "logo",
          "timedOut": null,
          "duration": 211,
          "state": "failed",
          "speed": null,
          "pass": false,
          "fail": true,
          "pending": false,
          "context": null,
          "code": "cy.xpath(\"//img[@alt='client brand banner']\").click();\ncy.url(\"eq\", \"https://www.orangehrm.com/\");",
          "err": {
            "message": "TypeError: cy.xpath is not a function",
            "estack": "TypeError: cy.xpath is not a function\n    at Context.eval (webpack://cy/./cypress/e2e/dsa.cy.js:11:5)",
            "diff": null
          },
          "uuid": "1d48c84f-8f4e-4e36-9fed-09290f73cd0c",
          "parentUUID": "284774bb-2683-4bb6-ba00-2e1fc4e144d7",
          "isHook": false,
          "skipped": false
        }
      ],
      "suites": [],
      "passes": [
        "fdbc04fd-21b6-456e-94b6-a547d70628bd"
      ],
      "failures": [
        "1d48c84f-8f4e-4e36-9fed-09290f73cd0c"
      ],
      "pending": [],
      "skipped": [],
      "duration": 6849,
      "root": true,
      "rootEmpty": false,
      "_timeout": 2000
    }
  ],
  "meta": {
    "mocha": {
      "version": "7.0.1"
    },
    "mochawesome": {
      "options": {
        "quiet": false,
        "reportFilename": "mochawesome",
        "saveHtml": true,
        "saveJson": true,
        "consoleReporter": "spec",
        "useInlineDiffs": false,
        "code": true
      },
      "version": "7.1.3"
    },
    "marge": {
      "options": {
        "reportDir": "cypress/results",
        "overwrite": false,
        "html": true,
        "json": true
      },
      "version": "6.2.0"
    }
  }
}