{
  "stats": {
    "suites": 1,
    "tests": 1,
    "passes": 1,
    "pending": 0,
    "failures": 0,
    "start": "2024-11-16T06:31:54.389Z",
    "end": "2024-11-16T06:32:03.448Z",
    "duration": 9059,
    "testsRegistered": 1,
    "passPercent": 100,
    "pendingPercent": 0,
    "other": 0,
    "hasOther": false,
    "skipped": 0,
    "hasSkipped": false
  },
  "results": [
    {
      "uuid": "9bebbfb5-4570-4f85-8e77-e38ce9ddf803",
      "title": "",
      "fullFile": "cypress\\e2e\\loginWithPom.cy.js",
      "file": "cypress\\e2e\\loginWithPom.cy.js",
      "beforeHooks": [],
      "afterHooks": [],
      "tests": [],
      "suites": [
        {
          "uuid": "21951a0e-ad76-4161-a18e-5f8e5e87452f",
          "title": "tempelate spec",
          "fullFile": "",
          "file": "",
          "beforeHooks": [],
          "afterHooks": [],
          "tests": [
            {
              "title": "POM TC login",
              "fullTitle": "tempelate spec POM TC login",
              "timedOut": null,
              "duration": 5959,
              "state": "passed",
              "speed": "medium",
              "pass": true,
              "fail": false,
              "pending": false,
              "context": null,
              "code": "cy.visit(\"https://opensource-demo.orangehrmlive.com/web/index.php/auth/login\");\nconst ln = new _loginPage.default();\nln.setUserName(\"Admin\");\nln.setPassword(\"admin123\");\nln.clickSubmit();\nln.verifyLogin();",
              "err": {},
              "uuid": "b09abd1c-6aca-4ac9-bf14-4b7a015fc22a",
              "parentUUID": "21951a0e-ad76-4161-a18e-5f8e5e87452f",
              "isHook": false,
              "skipped": false
            }
          ],
          "suites": [],
          "passes": [
            "b09abd1c-6aca-4ac9-bf14-4b7a015fc22a"
          ],
          "failures": [],
          "pending": [],
          "skipped": [],
          "duration": 5959,
          "root": false,
          "rootEmpty": false,
          "_timeout": 2000
        }
      ],
      "passes": [],
      "failures": [],
      "pending": [],
      "skipped": [],
      "duration": 0,
      "root": true,
      "rootEmpty": true,
      "_timeout": 2000
    }
  ],
  "meta": {
    "mocha": {
      "version": "7.0.1"
    },
    "mochawesome": {
      "options": {
        "quiet": false,
        "reportFilename": "mochawesome",
        "saveHtml": true,
        "saveJson": true,
        "consoleReporter": "spec",
        "useInlineDiffs": false,
        "code": true
      },
      "version": "7.1.3"
    },
    "marge": {
      "options": {
        "reportDir": "cypress/results",
        "overwrite": false,
        "html": true,
        "json": true
      },
      "version": "6.2.0"
    }
  }
}