{
  "stats": {
    "suites": 1,
    "tests": 20,
    "passes": 19,
    "pending": 0,
    "failures": 1,
    "start": "2024-11-16T06:29:13.998Z",
    "end": "2024-11-16T06:31:22.633Z",
    "duration": 128635,
    "testsRegistered": 20,
    "passPercent": 95,
    "pendingPercent": 0,
    "other": 0,
    "hasOther": false,
    "skipped": 0,
    "hasSkipped": false
  },
  "results": [
    {
      "uuid": "5b4693a5-269b-4374-964b-10ae1ff2bd2b",
      "title": "",
      "fullFile": "cypress\\e2e\\exam.cy.js",
      "file": "cypress\\e2e\\exam.cy.js",
      "beforeHooks": [],
      "afterHooks": [],
      "tests": [],
      "suites": [
        {
          "uuid": "600aa48f-f9cb-4f55-959e-f07755aad919",
          "title": "test for specific links with login",
          "fullFile": "",
          "file": "",
          "beforeHooks": [],
          "afterHooks": [],
          "tests": [
            {
              "title": "search box",
              "fullTitle": "test for specific links with login search box",
              "timedOut": null,
              "duration": 6068,
              "state": "passed",
              "speed": "medium",
              "pass": true,
              "fail": false,
              "pending": false,
              "context": null,
              "code": "cy.get(\"input[placeholder='Search']\").type(\"Admin\");",
              "err": {},
              "uuid": "7ca1e597-a7ee-46d0-987d-cba5ca654f78",
              "parentUUID": "600aa48f-f9cb-4f55-959e-f07755aad919",
              "isHook": false,
              "skipped": false
            },
            {
              "title": "admin",
              "fullTitle": "test for specific links with login admin",
              "timedOut": null,
              "duration": 5853,
              "state": "passed",
              "speed": "medium",
              "pass": true,
              "fail": false,
              "pending": false,
              "context": null,
              "code": "cy.xpath(\"//span[normalize-space()='Admin']\").click();\ncy.url(\"eq\", \"https://opensource-demo.orangehrmlive.com/web/index.php/admin/viewSystemUsers\");",
              "err": {},
              "uuid": "61b870cc-cb6b-4e71-8aab-b158097c1e0f",
              "parentUUID": "600aa48f-f9cb-4f55-959e-f07755aad919",
              "isHook": false,
              "skipped": false
            },
            {
              "title": "PIM",
              "fullTitle": "test for specific links with login PIM",
              "timedOut": null,
              "duration": 5349,
              "state": "passed",
              "speed": "medium",
              "pass": true,
              "fail": false,
              "pending": false,
              "context": null,
              "code": "cy.get(\".oxd-main-menu-item.active\").click();\ncy.url(\"eq\", \"https://opensource-demo.orangehrmlive.com/web/index.php/pim/viewEmployeeList\");",
              "err": {},
              "uuid": "6cbeca12-46f9-4d50-ae55-ea0a803b1871",
              "parentUUID": "600aa48f-f9cb-4f55-959e-f07755aad919",
              "isHook": false,
              "skipped": false
            },
            {
              "title": "leave",
              "fullTitle": "test for specific links with login leave",
              "timedOut": null,
              "duration": 5746,
              "state": "passed",
              "speed": "medium",
              "pass": true,
              "fail": false,
              "pending": false,
              "context": null,
              "code": "cy.get(\".oxd-main-menu-item.active\").click();\ncy.url(\"eq\", \"https://opensource-demo.orangehrmlive.com/web/index.php/leave/viewLeaveList\");",
              "err": {},
              "uuid": "23e695f8-4978-4429-ba7c-95167313fb78",
              "parentUUID": "600aa48f-f9cb-4f55-959e-f07755aad919",
              "isHook": false,
              "skipped": false
            },
            {
              "title": "time",
              "fullTitle": "test for specific links with login time",
              "timedOut": null,
              "duration": 6072,
              "state": "passed",
              "speed": "medium",
              "pass": true,
              "fail": false,
              "pending": false,
              "context": null,
              "code": "cy.xpath(\"//span[normalize-space()='Time']\").click();\ncy.url(\"eq\", \"https://opensource-demo.orangehrmlive.com/web/index.php/time/viewEmployeeTimesheet\");",
              "err": {},
              "uuid": "289ba380-0111-404b-9cc2-fa046ba345da",
              "parentUUID": "600aa48f-f9cb-4f55-959e-f07755aad919",
              "isHook": false,
              "skipped": false
            },
            {
              "title": "recruitment",
              "fullTitle": "test for specific links with login recruitment",
              "timedOut": null,
              "duration": 5838,
              "state": "passed",
              "speed": "medium",
              "pass": true,
              "fail": false,
              "pending": false,
              "context": null,
              "code": "cy.xpath(\"//span[normalize-space()='Recruitment']\").click();\ncy.url(\"eq\", \"https://opensource-demo.orangehrmlive.com/web/index.php/recruitment/viewCandidates\");",
              "err": {},
              "uuid": "11b04c8e-f912-4235-b85f-6bb798d6a3c6",
              "parentUUID": "600aa48f-f9cb-4f55-959e-f07755aad919",
              "isHook": false,
              "skipped": false
            },
            {
              "title": "My info",
              "fullTitle": "test for specific links with login My info",
              "timedOut": null,
              "duration": 3935,
              "state": "passed",
              "speed": "fast",
              "pass": true,
              "fail": false,
              "pending": false,
              "context": null,
              "code": "cy.get(\".oxd-main-menu-search > .oxd-icon-button > .oxd-icon\").click();\ncy.url(\"eq\", \"https://opensource-demo.orangehrmlive.com/web/index.php/pim/viewPersonalDetails/empNumber/7\");",
              "err": {},
              "uuid": "302877ef-222a-4607-b5f4-c3c7c129e905",
              "parentUUID": "600aa48f-f9cb-4f55-959e-f07755aad919",
              "isHook": false,
              "skipped": false
            },
            {
              "title": "performance",
              "fullTitle": "test for specific links with login performance",
              "timedOut": null,
              "duration": 5507,
              "state": "passed",
              "speed": "medium",
              "pass": true,
              "fail": false,
              "pending": false,
              "context": null,
              "code": "cy.xpath(\"//span[normalize-space()='Performance']\").click();\ncy.url(\"eq\", \"https://opensource-demo.orangehrmlive.com/web/index.php/performance/searchEvaluatePerformanceReview\");",
              "err": {},
              "uuid": "53a408d4-dcfc-4c86-9675-6a126fb4b6f7",
              "parentUUID": "600aa48f-f9cb-4f55-959e-f07755aad919",
              "isHook": false,
              "skipped": false
            },
            {
              "title": "dashboard",
              "fullTitle": "test for specific links with login dashboard",
              "timedOut": null,
              "duration": 5590,
              "state": "passed",
              "speed": "medium",
              "pass": true,
              "fail": false,
              "pending": false,
              "context": null,
              "code": "cy.xpath(\"//span[@class='oxd-text oxd-text--span oxd-main-menu-item--name'][normalize-space()='Dashboard']\").click();\ncy.url(\"eq\", \"https://opensource-demo.orangehrmlive.com/web/index.php/dashboard/index\");",
              "err": {},
              "uuid": "a58130dd-ca77-4b9a-965c-18b169e83b2a",
              "parentUUID": "600aa48f-f9cb-4f55-959e-f07755aad919",
              "isHook": false,
              "skipped": false
            },
            {
              "title": "directory",
              "fullTitle": "test for specific links with login directory",
              "timedOut": null,
              "duration": 4471,
              "state": "passed",
              "speed": "fast",
              "pass": true,
              "fail": false,
              "pending": false,
              "context": null,
              "code": "cy.xpath(\"//span[normalize-space()='Directory']\");\ncy.url(\"eq\", \"https://opensource-demo.orangehrmlive.com/web/index.php/directory/viewDirectory\");",
              "err": {},
              "uuid": "3b6fe8fa-8af4-4216-960b-52505315b0fc",
              "parentUUID": "600aa48f-f9cb-4f55-959e-f07755aad919",
              "isHook": false,
              "skipped": false
            },
            {
              "title": "maintenance",
              "fullTitle": "test for specific links with login maintenance",
              "timedOut": null,
              "duration": 6065,
              "state": "passed",
              "speed": "medium",
              "pass": true,
              "fail": false,
              "pending": false,
              "context": null,
              "code": "cy.xpath(\"//span[normalize-space()='Maintenance']\").click();\ncy.url(\"eq\", \"https://opensource-demo.orangehrmlive.com/web/index.php/maintenance/purgeEmployee\");",
              "err": {},
              "uuid": "8d0263c1-c098-4d20-b8d7-b1923ff032e3",
              "parentUUID": "600aa48f-f9cb-4f55-959e-f07755aad919",
              "isHook": false,
              "skipped": false
            },
            {
              "title": "claim",
              "fullTitle": "test for specific links with login claim",
              "timedOut": null,
              "duration": 5626,
              "state": "passed",
              "speed": "medium",
              "pass": true,
              "fail": false,
              "pending": false,
              "context": null,
              "code": "cy.xpath(\"//span[normalize-space()='Claim']\").click();\ncy.url(\"eq\", \"https://opensource-demo.orangehrmlive.com/web/index.php/claim/viewAssignClaim\");",
              "err": {},
              "uuid": "465ec3e3-da46-42b9-8822-decb6d493096",
              "parentUUID": "600aa48f-f9cb-4f55-959e-f07755aad919",
              "isHook": false,
              "skipped": false
            },
            {
              "title": "buzz",
              "fullTitle": "test for specific links with login buzz",
              "timedOut": null,
              "duration": 6147,
              "state": "passed",
              "speed": "medium",
              "pass": true,
              "fail": false,
              "pending": false,
              "context": null,
              "code": "cy.xpath(\"//span[normalize-space()='Buzz']\").click();\ncy.url(\"eq\", \"https://opensource-demo.orangehrmlive.com/web/index.php/buzz/viewBuzz\");",
              "err": {},
              "uuid": "743b9615-4701-4fb0-92cd-2820df3403f2",
              "parentUUID": "600aa48f-f9cb-4f55-959e-f07755aad919",
              "isHook": false,
              "skipped": false
            },
            {
              "title": "user button/about",
              "fullTitle": "test for specific links with login user button/about",
              "timedOut": null,
              "duration": 4122,
              "state": "passed",
              "speed": "fast",
              "pass": true,
              "fail": false,
              "pending": false,
              "context": null,
              "code": "cy.xpath(\"//p[@class='oxd-userdropdown-name']\").click();\ncy.xpath(\"//p[@class='oxd-userdropdown-name']\").should(\"be.visible\");",
              "err": {},
              "uuid": "6a2160cd-69df-4c33-b283-4cdf3db358f6",
              "parentUUID": "600aa48f-f9cb-4f55-959e-f07755aad919",
              "isHook": false,
              "skipped": false
            },
            {
              "title": "user button/ support",
              "fullTitle": "test for specific links with login user button/ support",
              "timedOut": null,
              "duration": 4145,
              "state": "passed",
              "speed": "fast",
              "pass": true,
              "fail": false,
              "pending": false,
              "context": null,
              "code": "cy.xpath(\"//p[@class='oxd-userdropdown-name']\").click();\ncy.xpath(\"//a[normalize-space()='Support']\").should(\"be.visible\");",
              "err": {},
              "uuid": "17a6c735-53ca-4424-919c-17d74b72e777",
              "parentUUID": "600aa48f-f9cb-4f55-959e-f07755aad919",
              "isHook": false,
              "skipped": false
            },
            {
              "title": "user button/ changePassword",
              "fullTitle": "test for specific links with login user button/ changePassword",
              "timedOut": null,
              "duration": 4037,
              "state": "passed",
              "speed": "fast",
              "pass": true,
              "fail": false,
              "pending": false,
              "context": null,
              "code": "cy.xpath(\"//p[@class='oxd-userdropdown-name']\").click();\ncy.xpath(\"//a[normalize-space()='Change Password']\").should(\"be.visible\");",
              "err": {},
              "uuid": "90939919-2e70-464e-8714-b221c5e17f57",
              "parentUUID": "600aa48f-f9cb-4f55-959e-f07755aad919",
              "isHook": false,
              "skipped": false
            },
            {
              "title": "user button/ logout",
              "fullTitle": "test for specific links with login user button/ logout",
              "timedOut": null,
              "duration": 4063,
              "state": "passed",
              "speed": "fast",
              "pass": true,
              "fail": false,
              "pending": false,
              "context": null,
              "code": "cy.xpath(\"//p[@class='oxd-userdropdown-name']\").click();\ncy.xpath(\"//a[normalize-space()='Logout']\").should(\"be.visible\");",
              "err": {},
              "uuid": "ffba985b-8b9d-49ae-a205-c42bcb8c69f5",
              "parentUUID": "600aa48f-f9cb-4f55-959e-f07755aad919",
              "isHook": false,
              "skipped": false
            },
            {
              "title": "support",
              "fullTitle": "test for specific links with login support",
              "timedOut": null,
              "duration": 4772,
              "state": "passed",
              "speed": "fast",
              "pass": true,
              "fail": false,
              "pending": false,
              "context": null,
              "code": "cy.xpath(\"//p[@class='oxd-userdropdown-name']\").click();\ncy.xpath(\"//a[normalize-space()='Support']\").click();\ncy.url(\"eq\", \"https://opensource-demo.orangehrmlive.com/web/index.php/help/support\");",
              "err": {},
              "uuid": "e8034675-39f2-46dd-956f-bf8c007e0576",
              "parentUUID": "600aa48f-f9cb-4f55-959e-f07755aad919",
              "isHook": false,
              "skipped": false
            },
            {
              "title": "changePassword",
              "fullTitle": "test for specific links with login changePassword",
              "timedOut": null,
              "duration": 5930,
              "state": "passed",
              "speed": "medium",
              "pass": true,
              "fail": false,
              "pending": false,
              "context": null,
              "code": "cy.xpath(\"//p[@class='oxd-userdropdown-name']\").click();\ncy.xpath(\"//a[normalize-space()='Change Password']\").click();\ncy.url(\"eq\", \"https://opensource-demo.orangehrmlive.com/web/index.php/pim/updatePassword\");",
              "err": {},
              "uuid": "51f98c03-02ef-4ac9-b804-0ad0d89289a9",
              "parentUUID": "600aa48f-f9cb-4f55-959e-f07755aad919",
              "isHook": false,
              "skipped": false
            },
            {
              "title": "logo",
              "fullTitle": "test for specific links with login logo",
              "timedOut": null,
              "duration": 10164,
              "state": "failed",
              "speed": null,
              "pass": false,
              "fail": true,
              "pending": false,
              "context": null,
              "code": "cy.xpath(\"//img[@alt='client brand banner']\").click();\ncy.url(\"eq\", \"https://www.orangehrm.com/\");",
              "err": {
                "message": "Error: The following error originated from your application code, not from Cypress.\n\n  > Masonry is not defined\n\nThis error was thrown by a cross origin page. If you wish to suppress this error you will have to use the cy.origin command to handle the error prior to visiting the page.\n\n`cy.origin('https://www.orangehrm.com', () => {`\n`  cy.on('uncaught:exception', (e) => {`\n`    if (e.message.includes('Things went bad')) {`\n`      // we expected this error, so let's ignore it`\n`      // and let the test continue`\n`      return false`\n`    }`\n`  })`\n`})`\n`cy.visit('https://www.orangehrm.com/')`\n\nWhen Cypress detects uncaught errors originating from your application it will automatically fail the current test.\n\nThis behavior is configurable, and you can choose to turn this off by listening to the `uncaught:exception` event.\n\nhttps://on.cypress.io/uncaught-exception-from-application\n\nhttps://on.cypress.io/origin",
                "estack": "Error: The following error originated from your application code, not from Cypress.\n\n  > Masonry is not defined\n\nThis error was thrown by a cross origin page. If you wish to suppress this error you will have to use the cy.origin command to handle the error prior to visiting the page.\n\n`cy.origin('https://www.orangehrm.com', () => {`\n`  cy.on('uncaught:exception', (e) => {`\n`    if (e.message.includes('Things went bad')) {`\n`      // we expected this error, so let's ignore it`\n`      // and let the test continue`\n`      return false`\n`    }`\n`  })`\n`})`\n`cy.visit('https://www.orangehrm.com/')`\n\nWhen Cypress detects uncaught errors originating from your application it will automatically fail the current test.\n\nThis behavior is configurable, and you can choose to turn this off by listening to the `uncaught:exception` event.\n\nhttps://on.cypress.io/uncaught-exception-from-application\n\nhttps://on.cypress.io/origin\n    at cypressErr (https://opensource-demo.orangehrmlive.com/__cypress/runner/cypress_runner.js:75898:18)\n    at Object.errByPath (https://opensource-demo.orangehrmlive.com/__cypress/runner/cypress_runner.js:75952:10)\n    at PrimaryOriginCommunicator.<anonymous> (https://opensource-demo.orangehrmlive.com/__cypress/runner/cypress_runner.js:169252:72)\n    at PrimaryOriginCommunicator.emit (https://opensource-demo.orangehrmlive.com/__cypress/runner/cypress_runner.js:146078:5)\n    at PrimaryOriginCommunicator.onMessage (https://opensource-demo.orangehrmlive.com/__cypress/runner/cypress_runner.js:168568:12)\n    at crossOriginOnMessageRef (https://opensource-demo.orangehrmlive.com/__/assets/index-Cg_Ni9n8.js:108443:72)",
                "diff": null
              },
              "uuid": "03800dc2-7a43-487b-a8c6-963bb10a1434",
              "parentUUID": "600aa48f-f9cb-4f55-959e-f07755aad919",
              "isHook": false,
              "skipped": false
            }
          ],
          "suites": [],
          "passes": [
            "7ca1e597-a7ee-46d0-987d-cba5ca654f78",
            "61b870cc-cb6b-4e71-8aab-b158097c1e0f",
            "6cbeca12-46f9-4d50-ae55-ea0a803b1871",
            "23e695f8-4978-4429-ba7c-95167313fb78",
            "289ba380-0111-404b-9cc2-fa046ba345da",
            "11b04c8e-f912-4235-b85f-6bb798d6a3c6",
            "302877ef-222a-4607-b5f4-c3c7c129e905",
            "53a408d4-dcfc-4c86-9675-6a126fb4b6f7",
            "a58130dd-ca77-4b9a-965c-18b169e83b2a",
            "3b6fe8fa-8af4-4216-960b-52505315b0fc",
            "8d0263c1-c098-4d20-b8d7-b1923ff032e3",
            "465ec3e3-da46-42b9-8822-decb6d493096",
            "743b9615-4701-4fb0-92cd-2820df3403f2",
            "6a2160cd-69df-4c33-b283-4cdf3db358f6",
            "17a6c735-53ca-4424-919c-17d74b72e777",
            "90939919-2e70-464e-8714-b221c5e17f57",
            "ffba985b-8b9d-49ae-a205-c42bcb8c69f5",
            "e8034675-39f2-46dd-956f-bf8c007e0576",
            "51f98c03-02ef-4ac9-b804-0ad0d89289a9"
          ],
          "failures": [
            "03800dc2-7a43-487b-a8c6-963bb10a1434"
          ],
          "pending": [],
          "skipped": [],
          "duration": 109500,
          "root": false,
          "rootEmpty": false,
          "_timeout": 2000
        }
      ],
      "passes": [],
      "failures": [],
      "pending": [],
      "skipped": [],
      "duration": 0,
      "root": true,
      "rootEmpty": true,
      "_timeout": 2000
    }
  ],
  "meta": {
    "mocha": {
      "version": "7.0.1"
    },
    "mochawesome": {
      "options": {
        "quiet": false,
        "reportFilename": "mochawesome",
        "saveHtml": true,
        "saveJson": true,
        "consoleReporter": "spec",
        "useInlineDiffs": false,
        "code": true
      },
      "version": "7.1.3"
    },
    "marge": {
      "options": {
        "reportDir": "cypress/results",
        "overwrite": false,
        "html": true,
        "json": true
      },
      "version": "6.2.0"
    }
  }
}